[2025-04-25T00:00:17.226+0000] {processor.py:186} INFO - Started process (PID=11606) to work on /opt/airflow/dags/dbt_elt.py
[2025-04-25T00:00:17.227+0000] {processor.py:914} INFO - Processing file /opt/airflow/dags/dbt_elt.py for tasks to queue
[2025-04-25T00:00:17.229+0000] {logging_mixin.py:190} INFO - [2025-04-25T00:00:17.229+0000] {dagbag.py:587} INFO - Filling up the DagBag from /opt/airflow/dags/dbt_elt.py
[2025-04-25T00:00:17.240+0000] {logging_mixin.py:190} INFO - [2025-04-25T00:00:17.240+0000] {base.py:84} INFO - Retrieving connection 'snowflake_conn'
[2025-04-25T00:00:17.244+0000] {processor.py:925} INFO - DAG(s) 'BuildELT_dbt' retrieved from /opt/airflow/dags/dbt_elt.py
[2025-04-25T00:00:17.249+0000] {logging_mixin.py:190} INFO - [2025-04-25T00:00:17.249+0000] {dag.py:3229} INFO - Sync 1 DAGs
[2025-04-25T00:00:17.259+0000] {logging_mixin.py:190} INFO - [2025-04-25T00:00:17.259+0000] {dag.py:4156} INFO - Setting next_dagrun for BuildELT_dbt to 2025-04-23 10:00:00+00:00, run_after=2025-04-24 10:00:00+00:00
[2025-04-25T00:00:17.266+0000] {processor.py:208} INFO - Processing /opt/airflow/dags/dbt_elt.py took 0.043 seconds
[2025-04-25T00:00:47.665+0000] {processor.py:186} INFO - Started process (PID=11616) to work on /opt/airflow/dags/dbt_elt.py
[2025-04-25T00:00:47.665+0000] {processor.py:914} INFO - Processing file /opt/airflow/dags/dbt_elt.py for tasks to queue
[2025-04-25T00:00:47.667+0000] {logging_mixin.py:190} INFO - [2025-04-25T00:00:47.667+0000] {dagbag.py:587} INFO - Filling up the DagBag from /opt/airflow/dags/dbt_elt.py
[2025-04-25T00:00:47.681+0000] {logging_mixin.py:190} INFO - [2025-04-25T00:00:47.681+0000] {base.py:84} INFO - Retrieving connection 'snowflake_conn'
[2025-04-25T00:00:47.688+0000] {processor.py:925} INFO - DAG(s) 'BuildELT_dbt' retrieved from /opt/airflow/dags/dbt_elt.py
[2025-04-25T00:00:47.696+0000] {logging_mixin.py:190} INFO - [2025-04-25T00:00:47.696+0000] {dag.py:3229} INFO - Sync 1 DAGs
[2025-04-25T00:00:47.708+0000] {logging_mixin.py:190} INFO - [2025-04-25T00:00:47.708+0000] {dag.py:4156} INFO - Setting next_dagrun for BuildELT_dbt to 2025-04-23 10:00:00+00:00, run_after=2025-04-24 10:00:00+00:00
[2025-04-25T00:00:47.714+0000] {processor.py:208} INFO - Processing /opt/airflow/dags/dbt_elt.py took 0.053 seconds
[2025-04-25T00:01:18.057+0000] {processor.py:186} INFO - Started process (PID=11626) to work on /opt/airflow/dags/dbt_elt.py
[2025-04-25T00:01:18.058+0000] {processor.py:914} INFO - Processing file /opt/airflow/dags/dbt_elt.py for tasks to queue
[2025-04-25T00:01:18.062+0000] {logging_mixin.py:190} INFO - [2025-04-25T00:01:18.062+0000] {dagbag.py:587} INFO - Filling up the DagBag from /opt/airflow/dags/dbt_elt.py
[2025-04-25T00:01:18.071+0000] {logging_mixin.py:190} INFO - [2025-04-25T00:01:18.071+0000] {base.py:84} INFO - Retrieving connection 'snowflake_conn'
[2025-04-25T00:01:18.075+0000] {processor.py:925} INFO - DAG(s) 'BuildELT_dbt' retrieved from /opt/airflow/dags/dbt_elt.py
[2025-04-25T00:01:18.081+0000] {logging_mixin.py:190} INFO - [2025-04-25T00:01:18.081+0000] {dag.py:3229} INFO - Sync 1 DAGs
[2025-04-25T00:01:18.091+0000] {logging_mixin.py:190} INFO - [2025-04-25T00:01:18.090+0000] {dag.py:4156} INFO - Setting next_dagrun for BuildELT_dbt to 2025-04-23 10:00:00+00:00, run_after=2025-04-24 10:00:00+00:00
[2025-04-25T00:01:18.097+0000] {processor.py:208} INFO - Processing /opt/airflow/dags/dbt_elt.py took 0.044 seconds
[2025-04-25T00:01:48.478+0000] {processor.py:186} INFO - Started process (PID=11636) to work on /opt/airflow/dags/dbt_elt.py
[2025-04-25T00:01:48.479+0000] {processor.py:914} INFO - Processing file /opt/airflow/dags/dbt_elt.py for tasks to queue
[2025-04-25T00:01:48.483+0000] {logging_mixin.py:190} INFO - [2025-04-25T00:01:48.483+0000] {dagbag.py:587} INFO - Filling up the DagBag from /opt/airflow/dags/dbt_elt.py
[2025-04-25T00:01:48.492+0000] {logging_mixin.py:190} INFO - [2025-04-25T00:01:48.492+0000] {base.py:84} INFO - Retrieving connection 'snowflake_conn'
[2025-04-25T00:01:48.496+0000] {processor.py:925} INFO - DAG(s) 'BuildELT_dbt' retrieved from /opt/airflow/dags/dbt_elt.py
[2025-04-25T00:01:48.501+0000] {logging_mixin.py:190} INFO - [2025-04-25T00:01:48.501+0000] {dag.py:3229} INFO - Sync 1 DAGs
[2025-04-25T00:01:48.511+0000] {logging_mixin.py:190} INFO - [2025-04-25T00:01:48.511+0000] {dag.py:4156} INFO - Setting next_dagrun for BuildELT_dbt to 2025-04-23 10:00:00+00:00, run_after=2025-04-24 10:00:00+00:00
[2025-04-25T00:01:48.517+0000] {processor.py:208} INFO - Processing /opt/airflow/dags/dbt_elt.py took 0.042 seconds
[2025-04-25T00:02:18.955+0000] {processor.py:186} INFO - Started process (PID=11646) to work on /opt/airflow/dags/dbt_elt.py
[2025-04-25T00:02:18.958+0000] {processor.py:914} INFO - Processing file /opt/airflow/dags/dbt_elt.py for tasks to queue
[2025-04-25T00:02:18.960+0000] {logging_mixin.py:190} INFO - [2025-04-25T00:02:18.959+0000] {dagbag.py:587} INFO - Filling up the DagBag from /opt/airflow/dags/dbt_elt.py
[2025-04-25T00:02:18.972+0000] {logging_mixin.py:190} INFO - [2025-04-25T00:02:18.972+0000] {base.py:84} INFO - Retrieving connection 'snowflake_conn'
[2025-04-25T00:02:18.977+0000] {processor.py:925} INFO - DAG(s) 'BuildELT_dbt' retrieved from /opt/airflow/dags/dbt_elt.py
[2025-04-25T00:02:18.983+0000] {logging_mixin.py:190} INFO - [2025-04-25T00:02:18.983+0000] {dag.py:3229} INFO - Sync 1 DAGs
[2025-04-25T00:02:18.994+0000] {logging_mixin.py:190} INFO - [2025-04-25T00:02:18.994+0000] {dag.py:4156} INFO - Setting next_dagrun for BuildELT_dbt to 2025-04-23 10:00:00+00:00, run_after=2025-04-24 10:00:00+00:00
[2025-04-25T00:02:19.004+0000] {processor.py:208} INFO - Processing /opt/airflow/dags/dbt_elt.py took 0.053 seconds
[2025-04-25T00:02:49.394+0000] {processor.py:186} INFO - Started process (PID=11656) to work on /opt/airflow/dags/dbt_elt.py
[2025-04-25T00:02:49.394+0000] {processor.py:914} INFO - Processing file /opt/airflow/dags/dbt_elt.py for tasks to queue
[2025-04-25T00:02:49.396+0000] {logging_mixin.py:190} INFO - [2025-04-25T00:02:49.396+0000] {dagbag.py:587} INFO - Filling up the DagBag from /opt/airflow/dags/dbt_elt.py
[2025-04-25T00:02:49.410+0000] {logging_mixin.py:190} INFO - [2025-04-25T00:02:49.410+0000] {base.py:84} INFO - Retrieving connection 'snowflake_conn'
[2025-04-25T00:02:49.414+0000] {processor.py:925} INFO - DAG(s) 'BuildELT_dbt' retrieved from /opt/airflow/dags/dbt_elt.py
[2025-04-25T00:02:49.420+0000] {logging_mixin.py:190} INFO - [2025-04-25T00:02:49.420+0000] {dag.py:3229} INFO - Sync 1 DAGs
[2025-04-25T00:02:49.429+0000] {logging_mixin.py:190} INFO - [2025-04-25T00:02:49.429+0000] {dag.py:4156} INFO - Setting next_dagrun for BuildELT_dbt to 2025-04-23 10:00:00+00:00, run_after=2025-04-24 10:00:00+00:00
[2025-04-25T00:02:49.435+0000] {processor.py:208} INFO - Processing /opt/airflow/dags/dbt_elt.py took 0.046 seconds
[2025-04-25T00:03:19.810+0000] {processor.py:186} INFO - Started process (PID=11666) to work on /opt/airflow/dags/dbt_elt.py
[2025-04-25T00:03:19.810+0000] {processor.py:914} INFO - Processing file /opt/airflow/dags/dbt_elt.py for tasks to queue
[2025-04-25T00:03:19.812+0000] {logging_mixin.py:190} INFO - [2025-04-25T00:03:19.812+0000] {dagbag.py:587} INFO - Filling up the DagBag from /opt/airflow/dags/dbt_elt.py
[2025-04-25T00:03:19.825+0000] {logging_mixin.py:190} INFO - [2025-04-25T00:03:19.825+0000] {base.py:84} INFO - Retrieving connection 'snowflake_conn'
[2025-04-25T00:03:19.829+0000] {processor.py:925} INFO - DAG(s) 'BuildELT_dbt' retrieved from /opt/airflow/dags/dbt_elt.py
[2025-04-25T00:03:19.834+0000] {logging_mixin.py:190} INFO - [2025-04-25T00:03:19.834+0000] {dag.py:3229} INFO - Sync 1 DAGs
[2025-04-25T00:03:19.844+0000] {logging_mixin.py:190} INFO - [2025-04-25T00:03:19.844+0000] {dag.py:4156} INFO - Setting next_dagrun for BuildELT_dbt to 2025-04-23 10:00:00+00:00, run_after=2025-04-24 10:00:00+00:00
[2025-04-25T00:03:19.851+0000] {processor.py:208} INFO - Processing /opt/airflow/dags/dbt_elt.py took 0.045 seconds
[2025-04-25T00:03:50.222+0000] {processor.py:186} INFO - Started process (PID=11676) to work on /opt/airflow/dags/dbt_elt.py
[2025-04-25T00:03:50.222+0000] {processor.py:914} INFO - Processing file /opt/airflow/dags/dbt_elt.py for tasks to queue
[2025-04-25T00:03:50.224+0000] {logging_mixin.py:190} INFO - [2025-04-25T00:03:50.223+0000] {dagbag.py:587} INFO - Filling up the DagBag from /opt/airflow/dags/dbt_elt.py
[2025-04-25T00:03:50.238+0000] {logging_mixin.py:190} INFO - [2025-04-25T00:03:50.238+0000] {base.py:84} INFO - Retrieving connection 'snowflake_conn'
[2025-04-25T00:03:50.242+0000] {processor.py:925} INFO - DAG(s) 'BuildELT_dbt' retrieved from /opt/airflow/dags/dbt_elt.py
[2025-04-25T00:03:50.247+0000] {logging_mixin.py:190} INFO - [2025-04-25T00:03:50.247+0000] {dag.py:3229} INFO - Sync 1 DAGs
[2025-04-25T00:03:50.257+0000] {logging_mixin.py:190} INFO - [2025-04-25T00:03:50.257+0000] {dag.py:4156} INFO - Setting next_dagrun for BuildELT_dbt to 2025-04-23 10:00:00+00:00, run_after=2025-04-24 10:00:00+00:00
[2025-04-25T00:03:50.263+0000] {processor.py:208} INFO - Processing /opt/airflow/dags/dbt_elt.py took 0.046 seconds
[2025-04-25T00:06:52.229+0000] {processor.py:186} INFO - Started process (PID=11686) to work on /opt/airflow/dags/dbt_elt.py
[2025-04-25T00:06:52.229+0000] {processor.py:914} INFO - Processing file /opt/airflow/dags/dbt_elt.py for tasks to queue
[2025-04-25T00:06:52.233+0000] {logging_mixin.py:190} INFO - [2025-04-25T00:06:52.233+0000] {dagbag.py:587} INFO - Filling up the DagBag from /opt/airflow/dags/dbt_elt.py
[2025-04-25T00:06:52.244+0000] {logging_mixin.py:190} INFO - [2025-04-25T00:06:52.244+0000] {base.py:84} INFO - Retrieving connection 'snowflake_conn'
[2025-04-25T00:06:52.248+0000] {processor.py:925} INFO - DAG(s) 'BuildELT_dbt' retrieved from /opt/airflow/dags/dbt_elt.py
[2025-04-25T00:06:52.257+0000] {logging_mixin.py:190} INFO - [2025-04-25T00:06:52.257+0000] {dag.py:3229} INFO - Sync 1 DAGs
[2025-04-25T00:06:52.267+0000] {logging_mixin.py:190} INFO - [2025-04-25T00:06:52.267+0000] {dag.py:4156} INFO - Setting next_dagrun for BuildELT_dbt to 2025-04-23 10:00:00+00:00, run_after=2025-04-24 10:00:00+00:00
[2025-04-25T00:06:52.273+0000] {processor.py:208} INFO - Processing /opt/airflow/dags/dbt_elt.py took 0.048 seconds
[2025-04-25T00:12:48.163+0000] {processor.py:186} INFO - Started process (PID=11696) to work on /opt/airflow/dags/dbt_elt.py
[2025-04-25T00:12:48.164+0000] {processor.py:914} INFO - Processing file /opt/airflow/dags/dbt_elt.py for tasks to queue
[2025-04-25T00:12:48.165+0000] {logging_mixin.py:190} INFO - [2025-04-25T00:12:48.165+0000] {dagbag.py:587} INFO - Filling up the DagBag from /opt/airflow/dags/dbt_elt.py
[2025-04-25T00:12:48.179+0000] {logging_mixin.py:190} INFO - [2025-04-25T00:12:48.179+0000] {base.py:84} INFO - Retrieving connection 'snowflake_conn'
[2025-04-25T00:12:48.183+0000] {processor.py:925} INFO - DAG(s) 'BuildELT_dbt' retrieved from /opt/airflow/dags/dbt_elt.py
[2025-04-25T00:12:48.188+0000] {logging_mixin.py:190} INFO - [2025-04-25T00:12:48.188+0000] {dag.py:3229} INFO - Sync 1 DAGs
[2025-04-25T00:12:48.197+0000] {logging_mixin.py:190} INFO - [2025-04-25T00:12:48.197+0000] {dag.py:4156} INFO - Setting next_dagrun for BuildELT_dbt to 2025-04-23 10:00:00+00:00, run_after=2025-04-24 10:00:00+00:00
[2025-04-25T00:12:48.203+0000] {processor.py:208} INFO - Processing /opt/airflow/dags/dbt_elt.py took 0.044 seconds
[2025-04-25T00:16:49.079+0000] {processor.py:186} INFO - Started process (PID=11706) to work on /opt/airflow/dags/dbt_elt.py
[2025-04-25T00:16:49.080+0000] {processor.py:914} INFO - Processing file /opt/airflow/dags/dbt_elt.py for tasks to queue
[2025-04-25T00:16:49.082+0000] {logging_mixin.py:190} INFO - [2025-04-25T00:16:49.081+0000] {dagbag.py:587} INFO - Filling up the DagBag from /opt/airflow/dags/dbt_elt.py
[2025-04-25T00:16:49.095+0000] {logging_mixin.py:190} INFO - [2025-04-25T00:16:49.095+0000] {base.py:84} INFO - Retrieving connection 'snowflake_conn'
[2025-04-25T00:16:49.099+0000] {processor.py:925} INFO - DAG(s) 'BuildELT_dbt' retrieved from /opt/airflow/dags/dbt_elt.py
[2025-04-25T00:16:49.105+0000] {logging_mixin.py:190} INFO - [2025-04-25T00:16:49.105+0000] {dag.py:3229} INFO - Sync 1 DAGs
[2025-04-25T00:16:49.116+0000] {logging_mixin.py:190} INFO - [2025-04-25T00:16:49.116+0000] {dag.py:4156} INFO - Setting next_dagrun for BuildELT_dbt to 2025-04-23 10:00:00+00:00, run_after=2025-04-24 10:00:00+00:00
[2025-04-25T00:16:49.125+0000] {processor.py:208} INFO - Processing /opt/airflow/dags/dbt_elt.py took 0.050 seconds
[2025-04-25T00:21:44.762+0000] {processor.py:186} INFO - Started process (PID=11716) to work on /opt/airflow/dags/dbt_elt.py
[2025-04-25T00:21:44.763+0000] {processor.py:914} INFO - Processing file /opt/airflow/dags/dbt_elt.py for tasks to queue
[2025-04-25T00:21:44.765+0000] {logging_mixin.py:190} INFO - [2025-04-25T00:21:44.765+0000] {dagbag.py:587} INFO - Filling up the DagBag from /opt/airflow/dags/dbt_elt.py
[2025-04-25T00:21:44.780+0000] {logging_mixin.py:190} INFO - [2025-04-25T00:21:44.780+0000] {base.py:84} INFO - Retrieving connection 'snowflake_conn'
[2025-04-25T00:21:44.784+0000] {processor.py:925} INFO - DAG(s) 'BuildELT_dbt' retrieved from /opt/airflow/dags/dbt_elt.py
[2025-04-25T00:21:44.789+0000] {logging_mixin.py:190} INFO - [2025-04-25T00:21:44.789+0000] {dag.py:3229} INFO - Sync 1 DAGs
[2025-04-25T00:21:44.798+0000] {logging_mixin.py:190} INFO - [2025-04-25T00:21:44.798+0000] {dag.py:4156} INFO - Setting next_dagrun for BuildELT_dbt to 2025-04-23 10:00:00+00:00, run_after=2025-04-24 10:00:00+00:00
[2025-04-25T00:21:44.804+0000] {processor.py:208} INFO - Processing /opt/airflow/dags/dbt_elt.py took 0.046 seconds
[2025-04-25T00:24:05.015+0000] {processor.py:186} INFO - Started process (PID=11726) to work on /opt/airflow/dags/dbt_elt.py
[2025-04-25T00:24:05.016+0000] {processor.py:914} INFO - Processing file /opt/airflow/dags/dbt_elt.py for tasks to queue
[2025-04-25T00:24:05.018+0000] {logging_mixin.py:190} INFO - [2025-04-25T00:24:05.018+0000] {dagbag.py:587} INFO - Filling up the DagBag from /opt/airflow/dags/dbt_elt.py
[2025-04-25T00:24:05.035+0000] {logging_mixin.py:190} INFO - [2025-04-25T00:24:05.034+0000] {base.py:84} INFO - Retrieving connection 'snowflake_conn'
[2025-04-25T00:24:05.040+0000] {processor.py:925} INFO - DAG(s) 'BuildELT_dbt' retrieved from /opt/airflow/dags/dbt_elt.py
[2025-04-25T00:24:05.048+0000] {logging_mixin.py:190} INFO - [2025-04-25T00:24:05.048+0000] {dag.py:3229} INFO - Sync 1 DAGs
[2025-04-25T00:24:05.059+0000] {logging_mixin.py:190} INFO - [2025-04-25T00:24:05.059+0000] {dag.py:4156} INFO - Setting next_dagrun for BuildELT_dbt to 2025-04-23 10:00:00+00:00, run_after=2025-04-24 10:00:00+00:00
[2025-04-25T00:24:05.066+0000] {processor.py:208} INFO - Processing /opt/airflow/dags/dbt_elt.py took 0.055 seconds
[2025-04-25T00:24:35.426+0000] {processor.py:186} INFO - Started process (PID=11736) to work on /opt/airflow/dags/dbt_elt.py
[2025-04-25T00:24:35.427+0000] {processor.py:914} INFO - Processing file /opt/airflow/dags/dbt_elt.py for tasks to queue
[2025-04-25T00:24:35.429+0000] {logging_mixin.py:190} INFO - [2025-04-25T00:24:35.429+0000] {dagbag.py:587} INFO - Filling up the DagBag from /opt/airflow/dags/dbt_elt.py
[2025-04-25T00:24:35.444+0000] {logging_mixin.py:190} INFO - [2025-04-25T00:24:35.443+0000] {base.py:84} INFO - Retrieving connection 'snowflake_conn'
[2025-04-25T00:24:35.447+0000] {processor.py:925} INFO - DAG(s) 'BuildELT_dbt' retrieved from /opt/airflow/dags/dbt_elt.py
[2025-04-25T00:24:35.453+0000] {logging_mixin.py:190} INFO - [2025-04-25T00:24:35.453+0000] {dag.py:3229} INFO - Sync 1 DAGs
[2025-04-25T00:24:35.463+0000] {logging_mixin.py:190} INFO - [2025-04-25T00:24:35.463+0000] {dag.py:4156} INFO - Setting next_dagrun for BuildELT_dbt to 2025-04-23 10:00:00+00:00, run_after=2025-04-24 10:00:00+00:00
[2025-04-25T00:24:35.469+0000] {processor.py:208} INFO - Processing /opt/airflow/dags/dbt_elt.py took 0.048 seconds
[2025-04-25T00:25:05.856+0000] {processor.py:186} INFO - Started process (PID=11746) to work on /opt/airflow/dags/dbt_elt.py
[2025-04-25T00:25:05.857+0000] {processor.py:914} INFO - Processing file /opt/airflow/dags/dbt_elt.py for tasks to queue
[2025-04-25T00:25:05.859+0000] {logging_mixin.py:190} INFO - [2025-04-25T00:25:05.859+0000] {dagbag.py:587} INFO - Filling up the DagBag from /opt/airflow/dags/dbt_elt.py
[2025-04-25T00:25:05.870+0000] {logging_mixin.py:190} INFO - [2025-04-25T00:25:05.870+0000] {base.py:84} INFO - Retrieving connection 'snowflake_conn'
[2025-04-25T00:25:05.874+0000] {processor.py:925} INFO - DAG(s) 'BuildELT_dbt' retrieved from /opt/airflow/dags/dbt_elt.py
[2025-04-25T00:25:05.880+0000] {logging_mixin.py:190} INFO - [2025-04-25T00:25:05.880+0000] {dag.py:3229} INFO - Sync 1 DAGs
[2025-04-25T00:25:05.890+0000] {logging_mixin.py:190} INFO - [2025-04-25T00:25:05.890+0000] {dag.py:4156} INFO - Setting next_dagrun for BuildELT_dbt to 2025-04-23 10:00:00+00:00, run_after=2025-04-24 10:00:00+00:00
[2025-04-25T00:25:05.896+0000] {processor.py:208} INFO - Processing /opt/airflow/dags/dbt_elt.py took 0.045 seconds
[2025-04-25T00:25:36.285+0000] {processor.py:186} INFO - Started process (PID=11756) to work on /opt/airflow/dags/dbt_elt.py
[2025-04-25T00:25:36.286+0000] {processor.py:914} INFO - Processing file /opt/airflow/dags/dbt_elt.py for tasks to queue
[2025-04-25T00:25:36.287+0000] {logging_mixin.py:190} INFO - [2025-04-25T00:25:36.287+0000] {dagbag.py:587} INFO - Filling up the DagBag from /opt/airflow/dags/dbt_elt.py
[2025-04-25T00:25:36.301+0000] {logging_mixin.py:190} INFO - [2025-04-25T00:25:36.300+0000] {base.py:84} INFO - Retrieving connection 'snowflake_conn'
[2025-04-25T00:25:36.304+0000] {processor.py:925} INFO - DAG(s) 'BuildELT_dbt' retrieved from /opt/airflow/dags/dbt_elt.py
[2025-04-25T00:25:36.310+0000] {logging_mixin.py:190} INFO - [2025-04-25T00:25:36.310+0000] {dag.py:3229} INFO - Sync 1 DAGs
[2025-04-25T00:25:36.319+0000] {logging_mixin.py:190} INFO - [2025-04-25T00:25:36.319+0000] {dag.py:4156} INFO - Setting next_dagrun for BuildELT_dbt to 2025-04-23 10:00:00+00:00, run_after=2025-04-24 10:00:00+00:00
[2025-04-25T00:25:36.326+0000] {processor.py:208} INFO - Processing /opt/airflow/dags/dbt_elt.py took 0.045 seconds
[2025-04-25T00:28:29.178+0000] {processor.py:186} INFO - Started process (PID=11766) to work on /opt/airflow/dags/dbt_elt.py
[2025-04-25T00:28:29.179+0000] {processor.py:914} INFO - Processing file /opt/airflow/dags/dbt_elt.py for tasks to queue
[2025-04-25T00:28:29.183+0000] {logging_mixin.py:190} INFO - [2025-04-25T00:28:29.183+0000] {dagbag.py:587} INFO - Filling up the DagBag from /opt/airflow/dags/dbt_elt.py
[2025-04-25T00:28:29.191+0000] {logging_mixin.py:190} INFO - [2025-04-25T00:28:29.191+0000] {base.py:84} INFO - Retrieving connection 'snowflake_conn'
[2025-04-25T00:28:29.194+0000] {processor.py:925} INFO - DAG(s) 'BuildELT_dbt' retrieved from /opt/airflow/dags/dbt_elt.py
[2025-04-25T00:28:29.199+0000] {logging_mixin.py:190} INFO - [2025-04-25T00:28:29.199+0000] {dag.py:3229} INFO - Sync 1 DAGs
[2025-04-25T00:28:29.209+0000] {logging_mixin.py:190} INFO - [2025-04-25T00:28:29.209+0000] {dag.py:4156} INFO - Setting next_dagrun for BuildELT_dbt to 2025-04-23 10:00:00+00:00, run_after=2025-04-24 10:00:00+00:00
[2025-04-25T00:28:29.214+0000] {processor.py:208} INFO - Processing /opt/airflow/dags/dbt_elt.py took 0.039 seconds
[2025-04-25T00:30:54.823+0000] {processor.py:186} INFO - Started process (PID=11776) to work on /opt/airflow/dags/dbt_elt.py
[2025-04-25T00:30:54.824+0000] {processor.py:914} INFO - Processing file /opt/airflow/dags/dbt_elt.py for tasks to queue
[2025-04-25T00:30:54.826+0000] {logging_mixin.py:190} INFO - [2025-04-25T00:30:54.826+0000] {dagbag.py:587} INFO - Filling up the DagBag from /opt/airflow/dags/dbt_elt.py
[2025-04-25T00:30:54.848+0000] {logging_mixin.py:190} INFO - [2025-04-25T00:30:54.848+0000] {base.py:84} INFO - Retrieving connection 'snowflake_conn'
[2025-04-25T00:30:54.854+0000] {processor.py:925} INFO - DAG(s) 'BuildELT_dbt' retrieved from /opt/airflow/dags/dbt_elt.py
[2025-04-25T00:30:54.862+0000] {logging_mixin.py:190} INFO - [2025-04-25T00:30:54.862+0000] {dag.py:3229} INFO - Sync 1 DAGs
[2025-04-25T00:30:54.874+0000] {logging_mixin.py:190} INFO - [2025-04-25T00:30:54.874+0000] {dag.py:4156} INFO - Setting next_dagrun for BuildELT_dbt to 2025-04-23 10:00:00+00:00, run_after=2025-04-24 10:00:00+00:00
[2025-04-25T00:30:54.883+0000] {processor.py:208} INFO - Processing /opt/airflow/dags/dbt_elt.py took 0.066 seconds
[2025-04-25T00:31:25.210+0000] {processor.py:186} INFO - Started process (PID=11786) to work on /opt/airflow/dags/dbt_elt.py
[2025-04-25T00:31:25.211+0000] {processor.py:914} INFO - Processing file /opt/airflow/dags/dbt_elt.py for tasks to queue
[2025-04-25T00:31:25.213+0000] {logging_mixin.py:190} INFO - [2025-04-25T00:31:25.213+0000] {dagbag.py:587} INFO - Filling up the DagBag from /opt/airflow/dags/dbt_elt.py
[2025-04-25T00:31:25.224+0000] {logging_mixin.py:190} INFO - [2025-04-25T00:31:25.224+0000] {base.py:84} INFO - Retrieving connection 'snowflake_conn'
[2025-04-25T00:31:25.228+0000] {processor.py:925} INFO - DAG(s) 'BuildELT_dbt' retrieved from /opt/airflow/dags/dbt_elt.py
[2025-04-25T00:31:25.234+0000] {logging_mixin.py:190} INFO - [2025-04-25T00:31:25.234+0000] {dag.py:3229} INFO - Sync 1 DAGs
[2025-04-25T00:31:25.243+0000] {logging_mixin.py:190} INFO - [2025-04-25T00:31:25.243+0000] {dag.py:4156} INFO - Setting next_dagrun for BuildELT_dbt to 2025-04-23 10:00:00+00:00, run_after=2025-04-24 10:00:00+00:00
[2025-04-25T00:31:25.250+0000] {processor.py:208} INFO - Processing /opt/airflow/dags/dbt_elt.py took 0.044 seconds
[2025-04-25T00:31:55.634+0000] {processor.py:186} INFO - Started process (PID=11796) to work on /opt/airflow/dags/dbt_elt.py
[2025-04-25T00:31:55.636+0000] {processor.py:914} INFO - Processing file /opt/airflow/dags/dbt_elt.py for tasks to queue
[2025-04-25T00:31:55.637+0000] {logging_mixin.py:190} INFO - [2025-04-25T00:31:55.637+0000] {dagbag.py:587} INFO - Filling up the DagBag from /opt/airflow/dags/dbt_elt.py
[2025-04-25T00:31:55.647+0000] {logging_mixin.py:190} INFO - [2025-04-25T00:31:55.647+0000] {base.py:84} INFO - Retrieving connection 'snowflake_conn'
[2025-04-25T00:31:55.651+0000] {processor.py:925} INFO - DAG(s) 'BuildELT_dbt' retrieved from /opt/airflow/dags/dbt_elt.py
[2025-04-25T00:31:55.657+0000] {logging_mixin.py:190} INFO - [2025-04-25T00:31:55.657+0000] {dag.py:3229} INFO - Sync 1 DAGs
[2025-04-25T00:31:55.666+0000] {logging_mixin.py:190} INFO - [2025-04-25T00:31:55.666+0000] {dag.py:4156} INFO - Setting next_dagrun for BuildELT_dbt to 2025-04-23 10:00:00+00:00, run_after=2025-04-24 10:00:00+00:00
[2025-04-25T00:31:55.673+0000] {processor.py:208} INFO - Processing /opt/airflow/dags/dbt_elt.py took 0.043 seconds
[2025-04-25T00:32:25.975+0000] {processor.py:186} INFO - Started process (PID=11806) to work on /opt/airflow/dags/dbt_elt.py
[2025-04-25T00:32:25.976+0000] {processor.py:914} INFO - Processing file /opt/airflow/dags/dbt_elt.py for tasks to queue
[2025-04-25T00:32:25.978+0000] {logging_mixin.py:190} INFO - [2025-04-25T00:32:25.977+0000] {dagbag.py:587} INFO - Filling up the DagBag from /opt/airflow/dags/dbt_elt.py
[2025-04-25T00:32:25.994+0000] {logging_mixin.py:190} INFO - [2025-04-25T00:32:25.994+0000] {base.py:84} INFO - Retrieving connection 'snowflake_conn'
[2025-04-25T00:32:25.999+0000] {processor.py:925} INFO - DAG(s) 'BuildELT_dbt' retrieved from /opt/airflow/dags/dbt_elt.py
[2025-04-25T00:32:26.005+0000] {logging_mixin.py:190} INFO - [2025-04-25T00:32:26.005+0000] {dag.py:3229} INFO - Sync 1 DAGs
[2025-04-25T00:32:26.017+0000] {logging_mixin.py:190} INFO - [2025-04-25T00:32:26.016+0000] {dag.py:4156} INFO - Setting next_dagrun for BuildELT_dbt to 2025-04-23 10:00:00+00:00, run_after=2025-04-24 10:00:00+00:00
[2025-04-25T00:32:26.024+0000] {processor.py:208} INFO - Processing /opt/airflow/dags/dbt_elt.py took 0.053 seconds
[2025-04-25T00:32:56.372+0000] {processor.py:186} INFO - Started process (PID=11816) to work on /opt/airflow/dags/dbt_elt.py
[2025-04-25T00:32:56.372+0000] {processor.py:914} INFO - Processing file /opt/airflow/dags/dbt_elt.py for tasks to queue
[2025-04-25T00:32:56.373+0000] {logging_mixin.py:190} INFO - [2025-04-25T00:32:56.373+0000] {dagbag.py:587} INFO - Filling up the DagBag from /opt/airflow/dags/dbt_elt.py
[2025-04-25T00:32:56.386+0000] {logging_mixin.py:190} INFO - [2025-04-25T00:32:56.386+0000] {base.py:84} INFO - Retrieving connection 'snowflake_conn'
[2025-04-25T00:32:56.391+0000] {processor.py:925} INFO - DAG(s) 'BuildELT_dbt' retrieved from /opt/airflow/dags/dbt_elt.py
[2025-04-25T00:32:56.398+0000] {logging_mixin.py:190} INFO - [2025-04-25T00:32:56.397+0000] {dag.py:3229} INFO - Sync 1 DAGs
[2025-04-25T00:32:56.408+0000] {logging_mixin.py:190} INFO - [2025-04-25T00:32:56.408+0000] {dag.py:4156} INFO - Setting next_dagrun for BuildELT_dbt to 2025-04-23 10:00:00+00:00, run_after=2025-04-24 10:00:00+00:00
[2025-04-25T00:32:56.414+0000] {processor.py:208} INFO - Processing /opt/airflow/dags/dbt_elt.py took 0.047 seconds
[2025-04-25T00:41:18.260+0000] {processor.py:186} INFO - Started process (PID=11826) to work on /opt/airflow/dags/dbt_elt.py
[2025-04-25T00:41:18.261+0000] {processor.py:914} INFO - Processing file /opt/airflow/dags/dbt_elt.py for tasks to queue
[2025-04-25T00:41:18.262+0000] {logging_mixin.py:190} INFO - [2025-04-25T00:41:18.262+0000] {dagbag.py:587} INFO - Filling up the DagBag from /opt/airflow/dags/dbt_elt.py
[2025-04-25T00:41:18.279+0000] {logging_mixin.py:190} INFO - [2025-04-25T00:41:18.279+0000] {base.py:84} INFO - Retrieving connection 'snowflake_conn'
[2025-04-25T00:41:18.284+0000] {processor.py:925} INFO - DAG(s) 'BuildELT_dbt' retrieved from /opt/airflow/dags/dbt_elt.py
[2025-04-25T00:41:18.291+0000] {logging_mixin.py:190} INFO - [2025-04-25T00:41:18.291+0000] {dag.py:3229} INFO - Sync 1 DAGs
[2025-04-25T00:41:18.303+0000] {logging_mixin.py:190} INFO - [2025-04-25T00:41:18.303+0000] {dag.py:4156} INFO - Setting next_dagrun for BuildELT_dbt to 2025-04-23 10:00:00+00:00, run_after=2025-04-24 10:00:00+00:00
[2025-04-25T00:41:18.311+0000] {processor.py:208} INFO - Processing /opt/airflow/dags/dbt_elt.py took 0.058 seconds
[2025-04-25T00:41:48.611+0000] {processor.py:186} INFO - Started process (PID=11836) to work on /opt/airflow/dags/dbt_elt.py
[2025-04-25T00:41:48.612+0000] {processor.py:914} INFO - Processing file /opt/airflow/dags/dbt_elt.py for tasks to queue
[2025-04-25T00:41:48.615+0000] {logging_mixin.py:190} INFO - [2025-04-25T00:41:48.615+0000] {dagbag.py:587} INFO - Filling up the DagBag from /opt/airflow/dags/dbt_elt.py
[2025-04-25T00:41:48.629+0000] {logging_mixin.py:190} INFO - [2025-04-25T00:41:48.629+0000] {base.py:84} INFO - Retrieving connection 'snowflake_conn'
[2025-04-25T00:41:48.633+0000] {processor.py:925} INFO - DAG(s) 'BuildELT_dbt' retrieved from /opt/airflow/dags/dbt_elt.py
[2025-04-25T00:41:48.639+0000] {logging_mixin.py:190} INFO - [2025-04-25T00:41:48.639+0000] {dag.py:3229} INFO - Sync 1 DAGs
[2025-04-25T00:41:48.650+0000] {logging_mixin.py:190} INFO - [2025-04-25T00:41:48.650+0000] {dag.py:4156} INFO - Setting next_dagrun for BuildELT_dbt to 2025-04-23 10:00:00+00:00, run_after=2025-04-24 10:00:00+00:00
[2025-04-25T00:41:48.660+0000] {processor.py:208} INFO - Processing /opt/airflow/dags/dbt_elt.py took 0.053 seconds
[2025-04-25T00:42:19.063+0000] {processor.py:186} INFO - Started process (PID=11846) to work on /opt/airflow/dags/dbt_elt.py
[2025-04-25T00:42:19.064+0000] {processor.py:914} INFO - Processing file /opt/airflow/dags/dbt_elt.py for tasks to queue
[2025-04-25T00:42:19.067+0000] {logging_mixin.py:190} INFO - [2025-04-25T00:42:19.067+0000] {dagbag.py:587} INFO - Filling up the DagBag from /opt/airflow/dags/dbt_elt.py
[2025-04-25T00:42:19.080+0000] {logging_mixin.py:190} INFO - [2025-04-25T00:42:19.080+0000] {base.py:84} INFO - Retrieving connection 'snowflake_conn'
[2025-04-25T00:42:19.085+0000] {processor.py:925} INFO - DAG(s) 'BuildELT_dbt' retrieved from /opt/airflow/dags/dbt_elt.py
[2025-04-25T00:42:19.093+0000] {logging_mixin.py:190} INFO - [2025-04-25T00:42:19.093+0000] {dag.py:3229} INFO - Sync 1 DAGs
[2025-04-25T00:42:19.103+0000] {logging_mixin.py:190} INFO - [2025-04-25T00:42:19.103+0000] {dag.py:4156} INFO - Setting next_dagrun for BuildELT_dbt to 2025-04-23 10:00:00+00:00, run_after=2025-04-24 10:00:00+00:00
[2025-04-25T00:42:19.112+0000] {processor.py:208} INFO - Processing /opt/airflow/dags/dbt_elt.py took 0.053 seconds
[2025-04-25T00:42:49.556+0000] {processor.py:186} INFO - Started process (PID=11856) to work on /opt/airflow/dags/dbt_elt.py
[2025-04-25T00:42:49.556+0000] {processor.py:914} INFO - Processing file /opt/airflow/dags/dbt_elt.py for tasks to queue
[2025-04-25T00:42:49.558+0000] {logging_mixin.py:190} INFO - [2025-04-25T00:42:49.558+0000] {dagbag.py:587} INFO - Filling up the DagBag from /opt/airflow/dags/dbt_elt.py
[2025-04-25T00:42:49.572+0000] {logging_mixin.py:190} INFO - [2025-04-25T00:42:49.571+0000] {base.py:84} INFO - Retrieving connection 'snowflake_conn'
[2025-04-25T00:42:49.575+0000] {processor.py:925} INFO - DAG(s) 'BuildELT_dbt' retrieved from /opt/airflow/dags/dbt_elt.py
[2025-04-25T00:42:49.581+0000] {logging_mixin.py:190} INFO - [2025-04-25T00:42:49.581+0000] {dag.py:3229} INFO - Sync 1 DAGs
[2025-04-25T00:42:49.590+0000] {logging_mixin.py:190} INFO - [2025-04-25T00:42:49.590+0000] {dag.py:4156} INFO - Setting next_dagrun for BuildELT_dbt to 2025-04-23 10:00:00+00:00, run_after=2025-04-24 10:00:00+00:00
[2025-04-25T00:42:49.597+0000] {processor.py:208} INFO - Processing /opt/airflow/dags/dbt_elt.py took 0.045 seconds
[2025-04-25T00:43:20.021+0000] {processor.py:186} INFO - Started process (PID=11866) to work on /opt/airflow/dags/dbt_elt.py
[2025-04-25T00:43:20.022+0000] {processor.py:914} INFO - Processing file /opt/airflow/dags/dbt_elt.py for tasks to queue
[2025-04-25T00:43:20.026+0000] {logging_mixin.py:190} INFO - [2025-04-25T00:43:20.026+0000] {dagbag.py:587} INFO - Filling up the DagBag from /opt/airflow/dags/dbt_elt.py
[2025-04-25T00:43:20.035+0000] {logging_mixin.py:190} INFO - [2025-04-25T00:43:20.035+0000] {base.py:84} INFO - Retrieving connection 'snowflake_conn'
[2025-04-25T00:43:20.039+0000] {processor.py:925} INFO - DAG(s) 'BuildELT_dbt' retrieved from /opt/airflow/dags/dbt_elt.py
[2025-04-25T00:43:20.044+0000] {logging_mixin.py:190} INFO - [2025-04-25T00:43:20.044+0000] {dag.py:3229} INFO - Sync 1 DAGs
[2025-04-25T00:43:20.054+0000] {logging_mixin.py:190} INFO - [2025-04-25T00:43:20.054+0000] {dag.py:4156} INFO - Setting next_dagrun for BuildELT_dbt to 2025-04-23 10:00:00+00:00, run_after=2025-04-24 10:00:00+00:00
[2025-04-25T00:43:20.060+0000] {processor.py:208} INFO - Processing /opt/airflow/dags/dbt_elt.py took 0.043 seconds
[2025-04-25T00:46:16.225+0000] {processor.py:186} INFO - Started process (PID=11876) to work on /opt/airflow/dags/dbt_elt.py
[2025-04-25T00:46:16.226+0000] {processor.py:914} INFO - Processing file /opt/airflow/dags/dbt_elt.py for tasks to queue
[2025-04-25T00:46:16.227+0000] {logging_mixin.py:190} INFO - [2025-04-25T00:46:16.227+0000] {dagbag.py:587} INFO - Filling up the DagBag from /opt/airflow/dags/dbt_elt.py
[2025-04-25T00:46:16.238+0000] {logging_mixin.py:190} INFO - [2025-04-25T00:46:16.238+0000] {base.py:84} INFO - Retrieving connection 'snowflake_conn'
[2025-04-25T00:46:16.242+0000] {processor.py:925} INFO - DAG(s) 'BuildELT_dbt' retrieved from /opt/airflow/dags/dbt_elt.py
[2025-04-25T00:46:16.249+0000] {logging_mixin.py:190} INFO - [2025-04-25T00:46:16.249+0000] {dag.py:3229} INFO - Sync 1 DAGs
[2025-04-25T00:46:16.258+0000] {logging_mixin.py:190} INFO - [2025-04-25T00:46:16.258+0000] {dag.py:4156} INFO - Setting next_dagrun for BuildELT_dbt to 2025-04-23 10:00:00+00:00, run_after=2025-04-24 10:00:00+00:00
[2025-04-25T00:46:16.265+0000] {processor.py:208} INFO - Processing /opt/airflow/dags/dbt_elt.py took 0.044 seconds
[2025-04-25T00:46:46.626+0000] {processor.py:186} INFO - Started process (PID=11886) to work on /opt/airflow/dags/dbt_elt.py
[2025-04-25T00:46:46.627+0000] {processor.py:914} INFO - Processing file /opt/airflow/dags/dbt_elt.py for tasks to queue
[2025-04-25T00:46:46.629+0000] {logging_mixin.py:190} INFO - [2025-04-25T00:46:46.629+0000] {dagbag.py:587} INFO - Filling up the DagBag from /opt/airflow/dags/dbt_elt.py
[2025-04-25T00:46:46.644+0000] {logging_mixin.py:190} INFO - [2025-04-25T00:46:46.644+0000] {base.py:84} INFO - Retrieving connection 'snowflake_conn'
[2025-04-25T00:46:46.648+0000] {processor.py:925} INFO - DAG(s) 'BuildELT_dbt' retrieved from /opt/airflow/dags/dbt_elt.py
[2025-04-25T00:46:46.654+0000] {logging_mixin.py:190} INFO - [2025-04-25T00:46:46.654+0000] {dag.py:3229} INFO - Sync 1 DAGs
[2025-04-25T00:46:46.664+0000] {logging_mixin.py:190} INFO - [2025-04-25T00:46:46.663+0000] {dag.py:4156} INFO - Setting next_dagrun for BuildELT_dbt to 2025-04-23 10:00:00+00:00, run_after=2025-04-24 10:00:00+00:00
[2025-04-25T00:46:46.670+0000] {processor.py:208} INFO - Processing /opt/airflow/dags/dbt_elt.py took 0.047 seconds
[2025-04-25T00:47:17.119+0000] {processor.py:186} INFO - Started process (PID=11896) to work on /opt/airflow/dags/dbt_elt.py
[2025-04-25T00:47:17.119+0000] {processor.py:914} INFO - Processing file /opt/airflow/dags/dbt_elt.py for tasks to queue
[2025-04-25T00:47:17.123+0000] {logging_mixin.py:190} INFO - [2025-04-25T00:47:17.123+0000] {dagbag.py:587} INFO - Filling up the DagBag from /opt/airflow/dags/dbt_elt.py
[2025-04-25T00:47:17.133+0000] {logging_mixin.py:190} INFO - [2025-04-25T00:47:17.133+0000] {base.py:84} INFO - Retrieving connection 'snowflake_conn'
[2025-04-25T00:47:17.137+0000] {processor.py:925} INFO - DAG(s) 'BuildELT_dbt' retrieved from /opt/airflow/dags/dbt_elt.py
[2025-04-25T00:47:17.142+0000] {logging_mixin.py:190} INFO - [2025-04-25T00:47:17.142+0000] {dag.py:3229} INFO - Sync 1 DAGs
[2025-04-25T00:47:17.152+0000] {logging_mixin.py:190} INFO - [2025-04-25T00:47:17.152+0000] {dag.py:4156} INFO - Setting next_dagrun for BuildELT_dbt to 2025-04-23 10:00:00+00:00, run_after=2025-04-24 10:00:00+00:00
[2025-04-25T00:47:17.158+0000] {processor.py:208} INFO - Processing /opt/airflow/dags/dbt_elt.py took 0.043 seconds
[2025-04-25T00:47:47.607+0000] {processor.py:186} INFO - Started process (PID=11906) to work on /opt/airflow/dags/dbt_elt.py
[2025-04-25T00:47:47.608+0000] {processor.py:914} INFO - Processing file /opt/airflow/dags/dbt_elt.py for tasks to queue
[2025-04-25T00:47:47.611+0000] {logging_mixin.py:190} INFO - [2025-04-25T00:47:47.610+0000] {dagbag.py:587} INFO - Filling up the DagBag from /opt/airflow/dags/dbt_elt.py
[2025-04-25T00:47:47.627+0000] {logging_mixin.py:190} INFO - [2025-04-25T00:47:47.627+0000] {base.py:84} INFO - Retrieving connection 'snowflake_conn'
[2025-04-25T00:47:47.632+0000] {processor.py:925} INFO - DAG(s) 'BuildELT_dbt' retrieved from /opt/airflow/dags/dbt_elt.py
[2025-04-25T00:47:47.637+0000] {logging_mixin.py:190} INFO - [2025-04-25T00:47:47.637+0000] {dag.py:3229} INFO - Sync 1 DAGs
[2025-04-25T00:47:47.646+0000] {logging_mixin.py:190} INFO - [2025-04-25T00:47:47.646+0000] {dag.py:4156} INFO - Setting next_dagrun for BuildELT_dbt to 2025-04-23 10:00:00+00:00, run_after=2025-04-24 10:00:00+00:00
[2025-04-25T00:47:47.653+0000] {processor.py:208} INFO - Processing /opt/airflow/dags/dbt_elt.py took 0.049 seconds
[2025-04-25T00:52:55.588+0000] {processor.py:186} INFO - Started process (PID=11916) to work on /opt/airflow/dags/dbt_elt.py
[2025-04-25T00:52:55.589+0000] {processor.py:914} INFO - Processing file /opt/airflow/dags/dbt_elt.py for tasks to queue
[2025-04-25T00:52:55.593+0000] {logging_mixin.py:190} INFO - [2025-04-25T00:52:55.593+0000] {dagbag.py:587} INFO - Filling up the DagBag from /opt/airflow/dags/dbt_elt.py
[2025-04-25T00:52:55.601+0000] {logging_mixin.py:190} INFO - [2025-04-25T00:52:55.601+0000] {base.py:84} INFO - Retrieving connection 'snowflake_conn'
[2025-04-25T00:52:55.605+0000] {processor.py:925} INFO - DAG(s) 'BuildELT_dbt' retrieved from /opt/airflow/dags/dbt_elt.py
[2025-04-25T00:52:55.611+0000] {logging_mixin.py:190} INFO - [2025-04-25T00:52:55.610+0000] {dag.py:3229} INFO - Sync 1 DAGs
[2025-04-25T00:52:55.620+0000] {logging_mixin.py:190} INFO - [2025-04-25T00:52:55.620+0000] {dag.py:4156} INFO - Setting next_dagrun for BuildELT_dbt to 2025-04-23 10:00:00+00:00, run_after=2025-04-24 10:00:00+00:00
[2025-04-25T00:52:55.626+0000] {processor.py:208} INFO - Processing /opt/airflow/dags/dbt_elt.py took 0.041 seconds
[2025-04-25T01:00:57.319+0000] {processor.py:186} INFO - Started process (PID=11926) to work on /opt/airflow/dags/dbt_elt.py
[2025-04-25T01:00:57.320+0000] {processor.py:914} INFO - Processing file /opt/airflow/dags/dbt_elt.py for tasks to queue
[2025-04-25T01:00:57.322+0000] {logging_mixin.py:190} INFO - [2025-04-25T01:00:57.322+0000] {dagbag.py:587} INFO - Filling up the DagBag from /opt/airflow/dags/dbt_elt.py
[2025-04-25T01:00:57.338+0000] {logging_mixin.py:190} INFO - [2025-04-25T01:00:57.338+0000] {base.py:84} INFO - Retrieving connection 'snowflake_conn'
[2025-04-25T01:00:57.344+0000] {processor.py:925} INFO - DAG(s) 'BuildELT_dbt' retrieved from /opt/airflow/dags/dbt_elt.py
[2025-04-25T01:00:57.352+0000] {logging_mixin.py:190} INFO - [2025-04-25T01:00:57.352+0000] {dag.py:3229} INFO - Sync 1 DAGs
[2025-04-25T01:00:57.366+0000] {logging_mixin.py:190} INFO - [2025-04-25T01:00:57.366+0000] {dag.py:4156} INFO - Setting next_dagrun for BuildELT_dbt to 2025-04-23 10:00:00+00:00, run_after=2025-04-24 10:00:00+00:00
[2025-04-25T01:00:57.373+0000] {processor.py:208} INFO - Processing /opt/airflow/dags/dbt_elt.py took 0.059 seconds
[2025-04-25T01:19:20.023+0000] {processor.py:186} INFO - Started process (PID=11936) to work on /opt/airflow/dags/dbt_elt.py
[2025-04-25T01:19:20.024+0000] {processor.py:914} INFO - Processing file /opt/airflow/dags/dbt_elt.py for tasks to queue
[2025-04-25T01:19:20.026+0000] {logging_mixin.py:190} INFO - [2025-04-25T01:19:20.025+0000] {dagbag.py:587} INFO - Filling up the DagBag from /opt/airflow/dags/dbt_elt.py
[2025-04-25T01:19:20.037+0000] {logging_mixin.py:190} INFO - [2025-04-25T01:19:20.037+0000] {base.py:84} INFO - Retrieving connection 'snowflake_conn'
[2025-04-25T01:19:20.041+0000] {processor.py:925} INFO - DAG(s) 'BuildELT_dbt' retrieved from /opt/airflow/dags/dbt_elt.py
[2025-04-25T01:19:20.046+0000] {logging_mixin.py:190} INFO - [2025-04-25T01:19:20.046+0000] {dag.py:3229} INFO - Sync 1 DAGs
[2025-04-25T01:19:20.056+0000] {logging_mixin.py:190} INFO - [2025-04-25T01:19:20.056+0000] {dag.py:4156} INFO - Setting next_dagrun for BuildELT_dbt to 2025-04-23 10:00:00+00:00, run_after=2025-04-24 10:00:00+00:00
[2025-04-25T01:19:20.063+0000] {processor.py:208} INFO - Processing /opt/airflow/dags/dbt_elt.py took 0.043 seconds
[2025-04-25T01:25:32.660+0000] {processor.py:186} INFO - Started process (PID=11946) to work on /opt/airflow/dags/dbt_elt.py
[2025-04-25T01:25:32.661+0000] {processor.py:914} INFO - Processing file /opt/airflow/dags/dbt_elt.py for tasks to queue
[2025-04-25T01:25:32.665+0000] {logging_mixin.py:190} INFO - [2025-04-25T01:25:32.665+0000] {dagbag.py:587} INFO - Filling up the DagBag from /opt/airflow/dags/dbt_elt.py
[2025-04-25T01:25:32.674+0000] {logging_mixin.py:190} INFO - [2025-04-25T01:25:32.674+0000] {base.py:84} INFO - Retrieving connection 'snowflake_conn'
[2025-04-25T01:25:32.678+0000] {processor.py:925} INFO - DAG(s) 'BuildELT_dbt' retrieved from /opt/airflow/dags/dbt_elt.py
[2025-04-25T01:25:32.683+0000] {logging_mixin.py:190} INFO - [2025-04-25T01:25:32.683+0000] {dag.py:3229} INFO - Sync 1 DAGs
[2025-04-25T01:25:32.692+0000] {logging_mixin.py:190} INFO - [2025-04-25T01:25:32.692+0000] {dag.py:4156} INFO - Setting next_dagrun for BuildELT_dbt to 2025-04-23 10:00:00+00:00, run_after=2025-04-24 10:00:00+00:00
[2025-04-25T01:25:32.698+0000] {processor.py:208} INFO - Processing /opt/airflow/dags/dbt_elt.py took 0.041 seconds
[2025-04-25T01:26:48.631+0000] {processor.py:186} INFO - Started process (PID=11956) to work on /opt/airflow/dags/dbt_elt.py
[2025-04-25T01:26:48.632+0000] {processor.py:914} INFO - Processing file /opt/airflow/dags/dbt_elt.py for tasks to queue
[2025-04-25T01:26:48.633+0000] {logging_mixin.py:190} INFO - [2025-04-25T01:26:48.633+0000] {dagbag.py:587} INFO - Filling up the DagBag from /opt/airflow/dags/dbt_elt.py
[2025-04-25T01:26:48.645+0000] {logging_mixin.py:190} INFO - [2025-04-25T01:26:48.645+0000] {base.py:84} INFO - Retrieving connection 'snowflake_conn'
[2025-04-25T01:26:48.649+0000] {processor.py:925} INFO - DAG(s) 'BuildELT_dbt' retrieved from /opt/airflow/dags/dbt_elt.py
[2025-04-25T01:26:48.654+0000] {logging_mixin.py:190} INFO - [2025-04-25T01:26:48.654+0000] {dag.py:3229} INFO - Sync 1 DAGs
[2025-04-25T01:26:48.663+0000] {logging_mixin.py:190} INFO - [2025-04-25T01:26:48.663+0000] {dag.py:4156} INFO - Setting next_dagrun for BuildELT_dbt to 2025-04-23 10:00:00+00:00, run_after=2025-04-24 10:00:00+00:00
[2025-04-25T01:26:48.670+0000] {processor.py:208} INFO - Processing /opt/airflow/dags/dbt_elt.py took 0.043 seconds
[2025-04-25T02:10:03.193+0000] {processor.py:186} INFO - Started process (PID=11966) to work on /opt/airflow/dags/dbt_elt.py
[2025-04-25T02:10:03.194+0000] {processor.py:914} INFO - Processing file /opt/airflow/dags/dbt_elt.py for tasks to queue
[2025-04-25T02:10:03.196+0000] {logging_mixin.py:190} INFO - [2025-04-25T02:10:03.196+0000] {dagbag.py:587} INFO - Filling up the DagBag from /opt/airflow/dags/dbt_elt.py
[2025-04-25T02:10:03.213+0000] {logging_mixin.py:190} INFO - [2025-04-25T02:10:03.213+0000] {base.py:84} INFO - Retrieving connection 'snowflake_conn'
[2025-04-25T02:10:03.219+0000] {processor.py:925} INFO - DAG(s) 'BuildELT_dbt' retrieved from /opt/airflow/dags/dbt_elt.py
[2025-04-25T02:10:03.226+0000] {logging_mixin.py:190} INFO - [2025-04-25T02:10:03.226+0000] {dag.py:3229} INFO - Sync 1 DAGs
[2025-04-25T02:10:03.237+0000] {logging_mixin.py:190} INFO - [2025-04-25T02:10:03.237+0000] {dag.py:4156} INFO - Setting next_dagrun for BuildELT_dbt to 2025-04-23 10:00:00+00:00, run_after=2025-04-24 10:00:00+00:00
[2025-04-25T02:10:03.243+0000] {processor.py:208} INFO - Processing /opt/airflow/dags/dbt_elt.py took 0.054 seconds
[2025-04-25T02:27:36.397+0000] {processor.py:186} INFO - Started process (PID=11976) to work on /opt/airflow/dags/dbt_elt.py
[2025-04-25T02:27:36.398+0000] {processor.py:914} INFO - Processing file /opt/airflow/dags/dbt_elt.py for tasks to queue
[2025-04-25T02:27:36.402+0000] {logging_mixin.py:190} INFO - [2025-04-25T02:27:36.402+0000] {dagbag.py:587} INFO - Filling up the DagBag from /opt/airflow/dags/dbt_elt.py
[2025-04-25T02:27:36.410+0000] {logging_mixin.py:190} INFO - [2025-04-25T02:27:36.410+0000] {base.py:84} INFO - Retrieving connection 'snowflake_conn'
[2025-04-25T02:27:36.414+0000] {processor.py:925} INFO - DAG(s) 'BuildELT_dbt' retrieved from /opt/airflow/dags/dbt_elt.py
[2025-04-25T02:27:36.419+0000] {logging_mixin.py:190} INFO - [2025-04-25T02:27:36.419+0000] {dag.py:3229} INFO - Sync 1 DAGs
[2025-04-25T02:27:36.428+0000] {logging_mixin.py:190} INFO - [2025-04-25T02:27:36.428+0000] {dag.py:4156} INFO - Setting next_dagrun for BuildELT_dbt to 2025-04-23 10:00:00+00:00, run_after=2025-04-24 10:00:00+00:00
[2025-04-25T02:27:36.434+0000] {processor.py:208} INFO - Processing /opt/airflow/dags/dbt_elt.py took 0.041 seconds
[2025-04-25T03:37:34.124+0000] {processor.py:186} INFO - Started process (PID=11986) to work on /opt/airflow/dags/dbt_elt.py
[2025-04-25T03:37:34.125+0000] {processor.py:914} INFO - Processing file /opt/airflow/dags/dbt_elt.py for tasks to queue
[2025-04-25T03:37:34.127+0000] {logging_mixin.py:190} INFO - [2025-04-25T03:37:34.127+0000] {dagbag.py:587} INFO - Filling up the DagBag from /opt/airflow/dags/dbt_elt.py
[2025-04-25T03:37:34.140+0000] {logging_mixin.py:190} INFO - [2025-04-25T03:37:34.140+0000] {base.py:84} INFO - Retrieving connection 'snowflake_conn'
[2025-04-25T03:37:34.144+0000] {processor.py:925} INFO - DAG(s) 'BuildELT_dbt' retrieved from /opt/airflow/dags/dbt_elt.py
[2025-04-25T03:37:34.150+0000] {logging_mixin.py:190} INFO - [2025-04-25T03:37:34.150+0000] {dag.py:3229} INFO - Sync 1 DAGs
[2025-04-25T03:37:34.160+0000] {logging_mixin.py:190} INFO - [2025-04-25T03:37:34.160+0000] {dag.py:4156} INFO - Setting next_dagrun for BuildELT_dbt to 2025-04-23 10:00:00+00:00, run_after=2025-04-24 10:00:00+00:00
[2025-04-25T03:37:34.167+0000] {processor.py:208} INFO - Processing /opt/airflow/dags/dbt_elt.py took 0.049 seconds
[2025-04-25T03:49:35.263+0000] {processor.py:186} INFO - Started process (PID=11996) to work on /opt/airflow/dags/dbt_elt.py
[2025-04-25T03:49:35.263+0000] {processor.py:914} INFO - Processing file /opt/airflow/dags/dbt_elt.py for tasks to queue
[2025-04-25T03:49:35.266+0000] {logging_mixin.py:190} INFO - [2025-04-25T03:49:35.266+0000] {dagbag.py:587} INFO - Filling up the DagBag from /opt/airflow/dags/dbt_elt.py
[2025-04-25T03:49:35.278+0000] {logging_mixin.py:190} INFO - [2025-04-25T03:49:35.278+0000] {base.py:84} INFO - Retrieving connection 'snowflake_conn'
[2025-04-25T03:49:35.282+0000] {processor.py:925} INFO - DAG(s) 'BuildELT_dbt' retrieved from /opt/airflow/dags/dbt_elt.py
[2025-04-25T03:49:35.288+0000] {logging_mixin.py:190} INFO - [2025-04-25T03:49:35.287+0000] {dag.py:3229} INFO - Sync 1 DAGs
[2025-04-25T03:49:35.297+0000] {logging_mixin.py:190} INFO - [2025-04-25T03:49:35.297+0000] {dag.py:4156} INFO - Setting next_dagrun for BuildELT_dbt to 2025-04-23 10:00:00+00:00, run_after=2025-04-24 10:00:00+00:00
[2025-04-25T03:49:35.303+0000] {processor.py:208} INFO - Processing /opt/airflow/dags/dbt_elt.py took 0.044 seconds
[2025-04-25T04:41:54.655+0000] {processor.py:186} INFO - Started process (PID=12006) to work on /opt/airflow/dags/dbt_elt.py
[2025-04-25T04:41:54.656+0000] {processor.py:914} INFO - Processing file /opt/airflow/dags/dbt_elt.py for tasks to queue
[2025-04-25T04:41:54.660+0000] {logging_mixin.py:190} INFO - [2025-04-25T04:41:54.659+0000] {dagbag.py:587} INFO - Filling up the DagBag from /opt/airflow/dags/dbt_elt.py
[2025-04-25T04:41:54.669+0000] {logging_mixin.py:190} INFO - [2025-04-25T04:41:54.669+0000] {base.py:84} INFO - Retrieving connection 'snowflake_conn'
[2025-04-25T04:41:54.673+0000] {processor.py:925} INFO - DAG(s) 'BuildELT_dbt' retrieved from /opt/airflow/dags/dbt_elt.py
[2025-04-25T04:41:54.678+0000] {logging_mixin.py:190} INFO - [2025-04-25T04:41:54.678+0000] {dag.py:3229} INFO - Sync 1 DAGs
[2025-04-25T04:41:54.688+0000] {logging_mixin.py:190} INFO - [2025-04-25T04:41:54.688+0000] {dag.py:4156} INFO - Setting next_dagrun for BuildELT_dbt to 2025-04-23 10:00:00+00:00, run_after=2025-04-24 10:00:00+00:00
[2025-04-25T04:41:54.694+0000] {processor.py:208} INFO - Processing /opt/airflow/dags/dbt_elt.py took 0.043 seconds
[2025-04-25T05:05:47.388+0000] {processor.py:186} INFO - Started process (PID=12016) to work on /opt/airflow/dags/dbt_elt.py
[2025-04-25T05:05:47.389+0000] {processor.py:914} INFO - Processing file /opt/airflow/dags/dbt_elt.py for tasks to queue
[2025-04-25T05:05:47.390+0000] {logging_mixin.py:190} INFO - [2025-04-25T05:05:47.390+0000] {dagbag.py:587} INFO - Filling up the DagBag from /opt/airflow/dags/dbt_elt.py
[2025-04-25T05:05:47.405+0000] {logging_mixin.py:190} INFO - [2025-04-25T05:05:47.405+0000] {base.py:84} INFO - Retrieving connection 'snowflake_conn'
[2025-04-25T05:05:47.409+0000] {processor.py:925} INFO - DAG(s) 'BuildELT_dbt' retrieved from /opt/airflow/dags/dbt_elt.py
[2025-04-25T05:05:47.418+0000] {logging_mixin.py:190} INFO - [2025-04-25T05:05:47.418+0000] {dag.py:3229} INFO - Sync 1 DAGs
[2025-04-25T05:05:47.429+0000] {logging_mixin.py:190} INFO - [2025-04-25T05:05:47.429+0000] {dag.py:4156} INFO - Setting next_dagrun for BuildELT_dbt to 2025-04-23 10:00:00+00:00, run_after=2025-04-24 10:00:00+00:00
[2025-04-25T05:05:47.440+0000] {processor.py:208} INFO - Processing /opt/airflow/dags/dbt_elt.py took 0.056 seconds
[2025-04-25T05:26:57.463+0000] {processor.py:186} INFO - Started process (PID=12026) to work on /opt/airflow/dags/dbt_elt.py
[2025-04-25T05:26:57.464+0000] {processor.py:914} INFO - Processing file /opt/airflow/dags/dbt_elt.py for tasks to queue
[2025-04-25T05:26:57.466+0000] {logging_mixin.py:190} INFO - [2025-04-25T05:26:57.466+0000] {dagbag.py:587} INFO - Filling up the DagBag from /opt/airflow/dags/dbt_elt.py
[2025-04-25T05:26:57.480+0000] {logging_mixin.py:190} INFO - [2025-04-25T05:26:57.480+0000] {base.py:84} INFO - Retrieving connection 'snowflake_conn'
[2025-04-25T05:26:57.485+0000] {processor.py:925} INFO - DAG(s) 'BuildELT_dbt' retrieved from /opt/airflow/dags/dbt_elt.py
[2025-04-25T05:26:57.492+0000] {logging_mixin.py:190} INFO - [2025-04-25T05:26:57.492+0000] {dag.py:3229} INFO - Sync 1 DAGs
[2025-04-25T05:26:57.504+0000] {logging_mixin.py:190} INFO - [2025-04-25T05:26:57.503+0000] {dag.py:4156} INFO - Setting next_dagrun for BuildELT_dbt to 2025-04-23 10:00:00+00:00, run_after=2025-04-24 10:00:00+00:00
[2025-04-25T05:26:57.519+0000] {processor.py:208} INFO - Processing /opt/airflow/dags/dbt_elt.py took 0.060 seconds
[2025-04-25T05:27:27.862+0000] {processor.py:186} INFO - Started process (PID=12036) to work on /opt/airflow/dags/dbt_elt.py
[2025-04-25T05:27:27.864+0000] {processor.py:914} INFO - Processing file /opt/airflow/dags/dbt_elt.py for tasks to queue
[2025-04-25T05:27:27.868+0000] {logging_mixin.py:190} INFO - [2025-04-25T05:27:27.867+0000] {dagbag.py:587} INFO - Filling up the DagBag from /opt/airflow/dags/dbt_elt.py
[2025-04-25T05:27:27.880+0000] {logging_mixin.py:190} INFO - [2025-04-25T05:27:27.879+0000] {base.py:84} INFO - Retrieving connection 'snowflake_conn'
[2025-04-25T05:27:27.884+0000] {processor.py:925} INFO - DAG(s) 'BuildELT_dbt' retrieved from /opt/airflow/dags/dbt_elt.py
[2025-04-25T05:27:27.889+0000] {logging_mixin.py:190} INFO - [2025-04-25T05:27:27.889+0000] {dag.py:3229} INFO - Sync 1 DAGs
[2025-04-25T05:27:27.900+0000] {logging_mixin.py:190} INFO - [2025-04-25T05:27:27.899+0000] {dag.py:4156} INFO - Setting next_dagrun for BuildELT_dbt to 2025-04-23 10:00:00+00:00, run_after=2025-04-24 10:00:00+00:00
[2025-04-25T05:27:27.906+0000] {processor.py:208} INFO - Processing /opt/airflow/dags/dbt_elt.py took 0.050 seconds
[2025-04-25T05:27:58.279+0000] {processor.py:186} INFO - Started process (PID=12046) to work on /opt/airflow/dags/dbt_elt.py
[2025-04-25T05:27:58.279+0000] {processor.py:914} INFO - Processing file /opt/airflow/dags/dbt_elt.py for tasks to queue
[2025-04-25T05:27:58.282+0000] {logging_mixin.py:190} INFO - [2025-04-25T05:27:58.282+0000] {dagbag.py:587} INFO - Filling up the DagBag from /opt/airflow/dags/dbt_elt.py
[2025-04-25T05:27:58.294+0000] {logging_mixin.py:190} INFO - [2025-04-25T05:27:58.294+0000] {base.py:84} INFO - Retrieving connection 'snowflake_conn'
[2025-04-25T05:27:58.298+0000] {processor.py:925} INFO - DAG(s) 'BuildELT_dbt' retrieved from /opt/airflow/dags/dbt_elt.py
[2025-04-25T05:27:58.304+0000] {logging_mixin.py:190} INFO - [2025-04-25T05:27:58.304+0000] {dag.py:3229} INFO - Sync 1 DAGs
[2025-04-25T05:27:58.314+0000] {logging_mixin.py:190} INFO - [2025-04-25T05:27:58.314+0000] {dag.py:4156} INFO - Setting next_dagrun for BuildELT_dbt to 2025-04-23 10:00:00+00:00, run_after=2025-04-24 10:00:00+00:00
[2025-04-25T05:27:58.321+0000] {processor.py:208} INFO - Processing /opt/airflow/dags/dbt_elt.py took 0.046 seconds
[2025-04-25T05:28:28.677+0000] {processor.py:186} INFO - Started process (PID=12056) to work on /opt/airflow/dags/dbt_elt.py
[2025-04-25T05:28:28.678+0000] {processor.py:914} INFO - Processing file /opt/airflow/dags/dbt_elt.py for tasks to queue
[2025-04-25T05:28:28.680+0000] {logging_mixin.py:190} INFO - [2025-04-25T05:28:28.680+0000] {dagbag.py:587} INFO - Filling up the DagBag from /opt/airflow/dags/dbt_elt.py
[2025-04-25T05:28:28.693+0000] {logging_mixin.py:190} INFO - [2025-04-25T05:28:28.693+0000] {base.py:84} INFO - Retrieving connection 'snowflake_conn'
[2025-04-25T05:28:28.700+0000] {processor.py:925} INFO - DAG(s) 'BuildELT_dbt' retrieved from /opt/airflow/dags/dbt_elt.py
[2025-04-25T05:28:28.707+0000] {logging_mixin.py:190} INFO - [2025-04-25T05:28:28.707+0000] {dag.py:3229} INFO - Sync 1 DAGs
[2025-04-25T05:28:28.718+0000] {logging_mixin.py:190} INFO - [2025-04-25T05:28:28.718+0000] {dag.py:4156} INFO - Setting next_dagrun for BuildELT_dbt to 2025-04-23 10:00:00+00:00, run_after=2025-04-24 10:00:00+00:00
[2025-04-25T05:28:28.726+0000] {processor.py:208} INFO - Processing /opt/airflow/dags/dbt_elt.py took 0.054 seconds
[2025-04-25T05:28:59.067+0000] {processor.py:186} INFO - Started process (PID=12066) to work on /opt/airflow/dags/dbt_elt.py
[2025-04-25T05:28:59.068+0000] {processor.py:914} INFO - Processing file /opt/airflow/dags/dbt_elt.py for tasks to queue
[2025-04-25T05:28:59.070+0000] {logging_mixin.py:190} INFO - [2025-04-25T05:28:59.070+0000] {dagbag.py:587} INFO - Filling up the DagBag from /opt/airflow/dags/dbt_elt.py
[2025-04-25T05:28:59.080+0000] {logging_mixin.py:190} INFO - [2025-04-25T05:28:59.080+0000] {base.py:84} INFO - Retrieving connection 'snowflake_conn'
[2025-04-25T05:28:59.084+0000] {processor.py:925} INFO - DAG(s) 'BuildELT_dbt' retrieved from /opt/airflow/dags/dbt_elt.py
[2025-04-25T05:28:59.090+0000] {logging_mixin.py:190} INFO - [2025-04-25T05:28:59.090+0000] {dag.py:3229} INFO - Sync 1 DAGs
[2025-04-25T05:28:59.100+0000] {logging_mixin.py:190} INFO - [2025-04-25T05:28:59.100+0000] {dag.py:4156} INFO - Setting next_dagrun for BuildELT_dbt to 2025-04-23 10:00:00+00:00, run_after=2025-04-24 10:00:00+00:00
[2025-04-25T05:28:59.106+0000] {processor.py:208} INFO - Processing /opt/airflow/dags/dbt_elt.py took 0.042 seconds
[2025-04-25T05:29:29.470+0000] {processor.py:186} INFO - Started process (PID=12076) to work on /opt/airflow/dags/dbt_elt.py
[2025-04-25T05:29:29.471+0000] {processor.py:914} INFO - Processing file /opt/airflow/dags/dbt_elt.py for tasks to queue
[2025-04-25T05:29:29.475+0000] {logging_mixin.py:190} INFO - [2025-04-25T05:29:29.475+0000] {dagbag.py:587} INFO - Filling up the DagBag from /opt/airflow/dags/dbt_elt.py
[2025-04-25T05:29:29.485+0000] {logging_mixin.py:190} INFO - [2025-04-25T05:29:29.485+0000] {base.py:84} INFO - Retrieving connection 'snowflake_conn'
[2025-04-25T05:29:29.490+0000] {processor.py:925} INFO - DAG(s) 'BuildELT_dbt' retrieved from /opt/airflow/dags/dbt_elt.py
[2025-04-25T05:29:29.497+0000] {logging_mixin.py:190} INFO - [2025-04-25T05:29:29.497+0000] {dag.py:3229} INFO - Sync 1 DAGs
[2025-04-25T05:29:29.507+0000] {logging_mixin.py:190} INFO - [2025-04-25T05:29:29.507+0000] {dag.py:4156} INFO - Setting next_dagrun for BuildELT_dbt to 2025-04-23 10:00:00+00:00, run_after=2025-04-24 10:00:00+00:00
[2025-04-25T05:29:29.514+0000] {processor.py:208} INFO - Processing /opt/airflow/dags/dbt_elt.py took 0.048 seconds
[2025-04-25T05:29:59.864+0000] {processor.py:186} INFO - Started process (PID=12086) to work on /opt/airflow/dags/dbt_elt.py
[2025-04-25T05:29:59.864+0000] {processor.py:914} INFO - Processing file /opt/airflow/dags/dbt_elt.py for tasks to queue
[2025-04-25T05:29:59.867+0000] {logging_mixin.py:190} INFO - [2025-04-25T05:29:59.866+0000] {dagbag.py:587} INFO - Filling up the DagBag from /opt/airflow/dags/dbt_elt.py
[2025-04-25T05:29:59.877+0000] {logging_mixin.py:190} INFO - [2025-04-25T05:29:59.877+0000] {base.py:84} INFO - Retrieving connection 'snowflake_conn'
[2025-04-25T05:29:59.880+0000] {processor.py:925} INFO - DAG(s) 'BuildELT_dbt' retrieved from /opt/airflow/dags/dbt_elt.py
[2025-04-25T05:29:59.886+0000] {logging_mixin.py:190} INFO - [2025-04-25T05:29:59.886+0000] {dag.py:3229} INFO - Sync 1 DAGs
[2025-04-25T05:29:59.895+0000] {logging_mixin.py:190} INFO - [2025-04-25T05:29:59.895+0000] {dag.py:4156} INFO - Setting next_dagrun for BuildELT_dbt to 2025-04-23 10:00:00+00:00, run_after=2025-04-24 10:00:00+00:00
[2025-04-25T05:29:59.902+0000] {processor.py:208} INFO - Processing /opt/airflow/dags/dbt_elt.py took 0.041 seconds
[2025-04-25T05:30:30.290+0000] {processor.py:186} INFO - Started process (PID=12096) to work on /opt/airflow/dags/dbt_elt.py
[2025-04-25T05:30:30.290+0000] {processor.py:914} INFO - Processing file /opt/airflow/dags/dbt_elt.py for tasks to queue
[2025-04-25T05:30:30.293+0000] {logging_mixin.py:190} INFO - [2025-04-25T05:30:30.293+0000] {dagbag.py:587} INFO - Filling up the DagBag from /opt/airflow/dags/dbt_elt.py
[2025-04-25T05:30:30.307+0000] {logging_mixin.py:190} INFO - [2025-04-25T05:30:30.306+0000] {base.py:84} INFO - Retrieving connection 'snowflake_conn'
[2025-04-25T05:30:30.310+0000] {processor.py:925} INFO - DAG(s) 'BuildELT_dbt' retrieved from /opt/airflow/dags/dbt_elt.py
[2025-04-25T05:30:30.316+0000] {logging_mixin.py:190} INFO - [2025-04-25T05:30:30.316+0000] {dag.py:3229} INFO - Sync 1 DAGs
[2025-04-25T05:30:30.325+0000] {logging_mixin.py:190} INFO - [2025-04-25T05:30:30.325+0000] {dag.py:4156} INFO - Setting next_dagrun for BuildELT_dbt to 2025-04-23 10:00:00+00:00, run_after=2025-04-24 10:00:00+00:00
[2025-04-25T05:30:30.332+0000] {processor.py:208} INFO - Processing /opt/airflow/dags/dbt_elt.py took 0.046 seconds
[2025-04-25T05:31:00.685+0000] {processor.py:186} INFO - Started process (PID=12106) to work on /opt/airflow/dags/dbt_elt.py
[2025-04-25T05:31:00.686+0000] {processor.py:914} INFO - Processing file /opt/airflow/dags/dbt_elt.py for tasks to queue
[2025-04-25T05:31:00.688+0000] {logging_mixin.py:190} INFO - [2025-04-25T05:31:00.687+0000] {dagbag.py:587} INFO - Filling up the DagBag from /opt/airflow/dags/dbt_elt.py
[2025-04-25T05:31:00.703+0000] {logging_mixin.py:190} INFO - [2025-04-25T05:31:00.702+0000] {base.py:84} INFO - Retrieving connection 'snowflake_conn'
[2025-04-25T05:31:00.708+0000] {processor.py:925} INFO - DAG(s) 'BuildELT_dbt' retrieved from /opt/airflow/dags/dbt_elt.py
[2025-04-25T05:31:00.715+0000] {logging_mixin.py:190} INFO - [2025-04-25T05:31:00.715+0000] {dag.py:3229} INFO - Sync 1 DAGs
[2025-04-25T05:31:00.726+0000] {logging_mixin.py:190} INFO - [2025-04-25T05:31:00.726+0000] {dag.py:4156} INFO - Setting next_dagrun for BuildELT_dbt to 2025-04-23 10:00:00+00:00, run_after=2025-04-24 10:00:00+00:00
[2025-04-25T05:31:00.733+0000] {processor.py:208} INFO - Processing /opt/airflow/dags/dbt_elt.py took 0.054 seconds
[2025-04-25T05:31:31.110+0000] {processor.py:186} INFO - Started process (PID=12116) to work on /opt/airflow/dags/dbt_elt.py
[2025-04-25T05:31:31.110+0000] {processor.py:914} INFO - Processing file /opt/airflow/dags/dbt_elt.py for tasks to queue
[2025-04-25T05:31:31.112+0000] {logging_mixin.py:190} INFO - [2025-04-25T05:31:31.112+0000] {dagbag.py:587} INFO - Filling up the DagBag from /opt/airflow/dags/dbt_elt.py
[2025-04-25T05:31:31.127+0000] {logging_mixin.py:190} INFO - [2025-04-25T05:31:31.127+0000] {base.py:84} INFO - Retrieving connection 'snowflake_conn'
[2025-04-25T05:31:31.132+0000] {processor.py:925} INFO - DAG(s) 'BuildELT_dbt' retrieved from /opt/airflow/dags/dbt_elt.py
[2025-04-25T05:31:31.138+0000] {logging_mixin.py:190} INFO - [2025-04-25T05:31:31.138+0000] {dag.py:3229} INFO - Sync 1 DAGs
[2025-04-25T05:31:31.149+0000] {logging_mixin.py:190} INFO - [2025-04-25T05:31:31.148+0000] {dag.py:4156} INFO - Setting next_dagrun for BuildELT_dbt to 2025-04-23 10:00:00+00:00, run_after=2025-04-24 10:00:00+00:00
[2025-04-25T05:31:31.154+0000] {processor.py:208} INFO - Processing /opt/airflow/dags/dbt_elt.py took 0.049 seconds
[2025-04-25T05:32:01.522+0000] {processor.py:186} INFO - Started process (PID=12126) to work on /opt/airflow/dags/dbt_elt.py
[2025-04-25T05:32:01.522+0000] {processor.py:914} INFO - Processing file /opt/airflow/dags/dbt_elt.py for tasks to queue
[2025-04-25T05:32:01.524+0000] {logging_mixin.py:190} INFO - [2025-04-25T05:32:01.524+0000] {dagbag.py:587} INFO - Filling up the DagBag from /opt/airflow/dags/dbt_elt.py
[2025-04-25T05:32:01.540+0000] {logging_mixin.py:190} INFO - [2025-04-25T05:32:01.540+0000] {base.py:84} INFO - Retrieving connection 'snowflake_conn'
[2025-04-25T05:32:01.546+0000] {processor.py:925} INFO - DAG(s) 'BuildELT_dbt' retrieved from /opt/airflow/dags/dbt_elt.py
[2025-04-25T05:32:01.553+0000] {logging_mixin.py:190} INFO - [2025-04-25T05:32:01.553+0000] {dag.py:3229} INFO - Sync 1 DAGs
[2025-04-25T05:32:01.564+0000] {logging_mixin.py:190} INFO - [2025-04-25T05:32:01.564+0000] {dag.py:4156} INFO - Setting next_dagrun for BuildELT_dbt to 2025-04-23 10:00:00+00:00, run_after=2025-04-24 10:00:00+00:00
[2025-04-25T05:32:01.571+0000] {processor.py:208} INFO - Processing /opt/airflow/dags/dbt_elt.py took 0.053 seconds
[2025-04-25T05:32:31.908+0000] {processor.py:186} INFO - Started process (PID=12136) to work on /opt/airflow/dags/dbt_elt.py
[2025-04-25T05:32:31.909+0000] {processor.py:914} INFO - Processing file /opt/airflow/dags/dbt_elt.py for tasks to queue
[2025-04-25T05:32:31.911+0000] {logging_mixin.py:190} INFO - [2025-04-25T05:32:31.911+0000] {dagbag.py:587} INFO - Filling up the DagBag from /opt/airflow/dags/dbt_elt.py
[2025-04-25T05:32:31.927+0000] {logging_mixin.py:190} INFO - [2025-04-25T05:32:31.927+0000] {base.py:84} INFO - Retrieving connection 'snowflake_conn'
[2025-04-25T05:32:31.931+0000] {processor.py:925} INFO - DAG(s) 'BuildELT_dbt' retrieved from /opt/airflow/dags/dbt_elt.py
[2025-04-25T05:32:31.936+0000] {logging_mixin.py:190} INFO - [2025-04-25T05:32:31.936+0000] {dag.py:3229} INFO - Sync 1 DAGs
[2025-04-25T05:32:31.946+0000] {logging_mixin.py:190} INFO - [2025-04-25T05:32:31.946+0000] {dag.py:4156} INFO - Setting next_dagrun for BuildELT_dbt to 2025-04-23 10:00:00+00:00, run_after=2025-04-24 10:00:00+00:00
[2025-04-25T05:32:31.952+0000] {processor.py:208} INFO - Processing /opt/airflow/dags/dbt_elt.py took 0.050 seconds
[2025-04-25T05:33:02.316+0000] {processor.py:186} INFO - Started process (PID=12146) to work on /opt/airflow/dags/dbt_elt.py
[2025-04-25T05:33:02.316+0000] {processor.py:914} INFO - Processing file /opt/airflow/dags/dbt_elt.py for tasks to queue
[2025-04-25T05:33:02.321+0000] {logging_mixin.py:190} INFO - [2025-04-25T05:33:02.320+0000] {dagbag.py:587} INFO - Filling up the DagBag from /opt/airflow/dags/dbt_elt.py
[2025-04-25T05:33:02.330+0000] {logging_mixin.py:190} INFO - [2025-04-25T05:33:02.330+0000] {base.py:84} INFO - Retrieving connection 'snowflake_conn'
[2025-04-25T05:33:02.334+0000] {processor.py:925} INFO - DAG(s) 'BuildELT_dbt' retrieved from /opt/airflow/dags/dbt_elt.py
[2025-04-25T05:33:02.340+0000] {logging_mixin.py:190} INFO - [2025-04-25T05:33:02.340+0000] {dag.py:3229} INFO - Sync 1 DAGs
[2025-04-25T05:33:02.350+0000] {logging_mixin.py:190} INFO - [2025-04-25T05:33:02.350+0000] {dag.py:4156} INFO - Setting next_dagrun for BuildELT_dbt to 2025-04-23 10:00:00+00:00, run_after=2025-04-24 10:00:00+00:00
[2025-04-25T05:33:02.357+0000] {processor.py:208} INFO - Processing /opt/airflow/dags/dbt_elt.py took 0.045 seconds
[2025-04-25T05:33:32.742+0000] {processor.py:186} INFO - Started process (PID=12156) to work on /opt/airflow/dags/dbt_elt.py
[2025-04-25T05:33:32.742+0000] {processor.py:914} INFO - Processing file /opt/airflow/dags/dbt_elt.py for tasks to queue
[2025-04-25T05:33:32.744+0000] {logging_mixin.py:190} INFO - [2025-04-25T05:33:32.744+0000] {dagbag.py:587} INFO - Filling up the DagBag from /opt/airflow/dags/dbt_elt.py
[2025-04-25T05:33:32.760+0000] {logging_mixin.py:190} INFO - [2025-04-25T05:33:32.760+0000] {base.py:84} INFO - Retrieving connection 'snowflake_conn'
[2025-04-25T05:33:32.766+0000] {processor.py:925} INFO - DAG(s) 'BuildELT_dbt' retrieved from /opt/airflow/dags/dbt_elt.py
[2025-04-25T05:33:32.773+0000] {logging_mixin.py:190} INFO - [2025-04-25T05:33:32.773+0000] {dag.py:3229} INFO - Sync 1 DAGs
[2025-04-25T05:33:32.784+0000] {logging_mixin.py:190} INFO - [2025-04-25T05:33:32.783+0000] {dag.py:4156} INFO - Setting next_dagrun for BuildELT_dbt to 2025-04-23 10:00:00+00:00, run_after=2025-04-24 10:00:00+00:00
[2025-04-25T05:33:32.791+0000] {processor.py:208} INFO - Processing /opt/airflow/dags/dbt_elt.py took 0.053 seconds
[2025-04-25T05:34:03.153+0000] {processor.py:186} INFO - Started process (PID=12166) to work on /opt/airflow/dags/dbt_elt.py
[2025-04-25T05:34:03.153+0000] {processor.py:914} INFO - Processing file /opt/airflow/dags/dbt_elt.py for tasks to queue
[2025-04-25T05:34:03.155+0000] {logging_mixin.py:190} INFO - [2025-04-25T05:34:03.155+0000] {dagbag.py:587} INFO - Filling up the DagBag from /opt/airflow/dags/dbt_elt.py
[2025-04-25T05:34:03.166+0000] {logging_mixin.py:190} INFO - [2025-04-25T05:34:03.166+0000] {base.py:84} INFO - Retrieving connection 'snowflake_conn'
[2025-04-25T05:34:03.170+0000] {processor.py:925} INFO - DAG(s) 'BuildELT_dbt' retrieved from /opt/airflow/dags/dbt_elt.py
[2025-04-25T05:34:03.176+0000] {logging_mixin.py:190} INFO - [2025-04-25T05:34:03.176+0000] {dag.py:3229} INFO - Sync 1 DAGs
[2025-04-25T05:34:03.186+0000] {logging_mixin.py:190} INFO - [2025-04-25T05:34:03.185+0000] {dag.py:4156} INFO - Setting next_dagrun for BuildELT_dbt to 2025-04-23 10:00:00+00:00, run_after=2025-04-24 10:00:00+00:00
[2025-04-25T05:34:03.192+0000] {processor.py:208} INFO - Processing /opt/airflow/dags/dbt_elt.py took 0.044 seconds
[2025-04-25T05:34:33.557+0000] {processor.py:186} INFO - Started process (PID=12176) to work on /opt/airflow/dags/dbt_elt.py
[2025-04-25T05:34:33.558+0000] {processor.py:914} INFO - Processing file /opt/airflow/dags/dbt_elt.py for tasks to queue
[2025-04-25T05:34:33.559+0000] {logging_mixin.py:190} INFO - [2025-04-25T05:34:33.559+0000] {dagbag.py:587} INFO - Filling up the DagBag from /opt/airflow/dags/dbt_elt.py
[2025-04-25T05:34:33.576+0000] {logging_mixin.py:190} INFO - [2025-04-25T05:34:33.576+0000] {base.py:84} INFO - Retrieving connection 'snowflake_conn'
[2025-04-25T05:34:33.581+0000] {processor.py:925} INFO - DAG(s) 'BuildELT_dbt' retrieved from /opt/airflow/dags/dbt_elt.py
[2025-04-25T05:34:33.587+0000] {logging_mixin.py:190} INFO - [2025-04-25T05:34:33.587+0000] {dag.py:3229} INFO - Sync 1 DAGs
[2025-04-25T05:34:33.597+0000] {logging_mixin.py:190} INFO - [2025-04-25T05:34:33.597+0000] {dag.py:4156} INFO - Setting next_dagrun for BuildELT_dbt to 2025-04-23 10:00:00+00:00, run_after=2025-04-24 10:00:00+00:00
[2025-04-25T05:34:33.604+0000] {processor.py:208} INFO - Processing /opt/airflow/dags/dbt_elt.py took 0.052 seconds
[2025-04-25T05:35:03.919+0000] {processor.py:186} INFO - Started process (PID=12186) to work on /opt/airflow/dags/dbt_elt.py
[2025-04-25T05:35:03.919+0000] {processor.py:914} INFO - Processing file /opt/airflow/dags/dbt_elt.py for tasks to queue
[2025-04-25T05:35:03.922+0000] {logging_mixin.py:190} INFO - [2025-04-25T05:35:03.922+0000] {dagbag.py:587} INFO - Filling up the DagBag from /opt/airflow/dags/dbt_elt.py
[2025-04-25T05:35:03.937+0000] {logging_mixin.py:190} INFO - [2025-04-25T05:35:03.937+0000] {base.py:84} INFO - Retrieving connection 'snowflake_conn'
[2025-04-25T05:35:03.941+0000] {processor.py:925} INFO - DAG(s) 'BuildELT_dbt' retrieved from /opt/airflow/dags/dbt_elt.py
[2025-04-25T05:35:03.946+0000] {logging_mixin.py:190} INFO - [2025-04-25T05:35:03.946+0000] {dag.py:3229} INFO - Sync 1 DAGs
[2025-04-25T05:35:03.955+0000] {logging_mixin.py:190} INFO - [2025-04-25T05:35:03.955+0000] {dag.py:4156} INFO - Setting next_dagrun for BuildELT_dbt to 2025-04-23 10:00:00+00:00, run_after=2025-04-24 10:00:00+00:00
[2025-04-25T05:35:03.962+0000] {processor.py:208} INFO - Processing /opt/airflow/dags/dbt_elt.py took 0.047 seconds
[2025-04-25T05:35:34.315+0000] {processor.py:186} INFO - Started process (PID=12196) to work on /opt/airflow/dags/dbt_elt.py
[2025-04-25T05:35:34.316+0000] {processor.py:914} INFO - Processing file /opt/airflow/dags/dbt_elt.py for tasks to queue
[2025-04-25T05:35:34.317+0000] {logging_mixin.py:190} INFO - [2025-04-25T05:35:34.317+0000] {dagbag.py:587} INFO - Filling up the DagBag from /opt/airflow/dags/dbt_elt.py
[2025-04-25T05:35:34.330+0000] {logging_mixin.py:190} INFO - [2025-04-25T05:35:34.330+0000] {base.py:84} INFO - Retrieving connection 'snowflake_conn'
[2025-04-25T05:35:34.335+0000] {processor.py:925} INFO - DAG(s) 'BuildELT_dbt' retrieved from /opt/airflow/dags/dbt_elt.py
[2025-04-25T05:35:34.341+0000] {logging_mixin.py:190} INFO - [2025-04-25T05:35:34.341+0000] {dag.py:3229} INFO - Sync 1 DAGs
[2025-04-25T05:35:34.352+0000] {logging_mixin.py:190} INFO - [2025-04-25T05:35:34.352+0000] {dag.py:4156} INFO - Setting next_dagrun for BuildELT_dbt to 2025-04-23 10:00:00+00:00, run_after=2025-04-24 10:00:00+00:00
[2025-04-25T05:35:34.361+0000] {processor.py:208} INFO - Processing /opt/airflow/dags/dbt_elt.py took 0.049 seconds
[2025-04-25T05:36:04.761+0000] {processor.py:186} INFO - Started process (PID=12206) to work on /opt/airflow/dags/dbt_elt.py
[2025-04-25T05:36:04.762+0000] {processor.py:914} INFO - Processing file /opt/airflow/dags/dbt_elt.py for tasks to queue
[2025-04-25T05:36:04.765+0000] {logging_mixin.py:190} INFO - [2025-04-25T05:36:04.765+0000] {dagbag.py:587} INFO - Filling up the DagBag from /opt/airflow/dags/dbt_elt.py
[2025-04-25T05:36:04.777+0000] {logging_mixin.py:190} INFO - [2025-04-25T05:36:04.777+0000] {base.py:84} INFO - Retrieving connection 'snowflake_conn'
[2025-04-25T05:36:04.782+0000] {processor.py:925} INFO - DAG(s) 'BuildELT_dbt' retrieved from /opt/airflow/dags/dbt_elt.py
[2025-04-25T05:36:04.787+0000] {logging_mixin.py:190} INFO - [2025-04-25T05:36:04.787+0000] {dag.py:3229} INFO - Sync 1 DAGs
[2025-04-25T05:36:04.798+0000] {logging_mixin.py:190} INFO - [2025-04-25T05:36:04.798+0000] {dag.py:4156} INFO - Setting next_dagrun for BuildELT_dbt to 2025-04-23 10:00:00+00:00, run_after=2025-04-24 10:00:00+00:00
[2025-04-25T05:36:04.805+0000] {processor.py:208} INFO - Processing /opt/airflow/dags/dbt_elt.py took 0.048 seconds
[2025-04-25T05:36:35.192+0000] {processor.py:186} INFO - Started process (PID=12216) to work on /opt/airflow/dags/dbt_elt.py
[2025-04-25T05:36:35.192+0000] {processor.py:914} INFO - Processing file /opt/airflow/dags/dbt_elt.py for tasks to queue
[2025-04-25T05:36:35.194+0000] {logging_mixin.py:190} INFO - [2025-04-25T05:36:35.194+0000] {dagbag.py:587} INFO - Filling up the DagBag from /opt/airflow/dags/dbt_elt.py
[2025-04-25T05:36:35.205+0000] {logging_mixin.py:190} INFO - [2025-04-25T05:36:35.205+0000] {base.py:84} INFO - Retrieving connection 'snowflake_conn'
[2025-04-25T05:36:35.211+0000] {processor.py:925} INFO - DAG(s) 'BuildELT_dbt' retrieved from /opt/airflow/dags/dbt_elt.py
[2025-04-25T05:36:35.218+0000] {logging_mixin.py:190} INFO - [2025-04-25T05:36:35.217+0000] {dag.py:3229} INFO - Sync 1 DAGs
[2025-04-25T05:36:35.228+0000] {logging_mixin.py:190} INFO - [2025-04-25T05:36:35.228+0000] {dag.py:4156} INFO - Setting next_dagrun for BuildELT_dbt to 2025-04-23 10:00:00+00:00, run_after=2025-04-24 10:00:00+00:00
[2025-04-25T05:36:35.235+0000] {processor.py:208} INFO - Processing /opt/airflow/dags/dbt_elt.py took 0.047 seconds
[2025-04-25T05:37:05.609+0000] {processor.py:186} INFO - Started process (PID=12226) to work on /opt/airflow/dags/dbt_elt.py
[2025-04-25T05:37:05.610+0000] {processor.py:914} INFO - Processing file /opt/airflow/dags/dbt_elt.py for tasks to queue
[2025-04-25T05:37:05.612+0000] {logging_mixin.py:190} INFO - [2025-04-25T05:37:05.612+0000] {dagbag.py:587} INFO - Filling up the DagBag from /opt/airflow/dags/dbt_elt.py
[2025-04-25T05:37:05.625+0000] {logging_mixin.py:190} INFO - [2025-04-25T05:37:05.625+0000] {base.py:84} INFO - Retrieving connection 'snowflake_conn'
[2025-04-25T05:37:05.629+0000] {processor.py:925} INFO - DAG(s) 'BuildELT_dbt' retrieved from /opt/airflow/dags/dbt_elt.py
[2025-04-25T05:37:05.635+0000] {logging_mixin.py:190} INFO - [2025-04-25T05:37:05.635+0000] {dag.py:3229} INFO - Sync 1 DAGs
[2025-04-25T05:37:05.645+0000] {logging_mixin.py:190} INFO - [2025-04-25T05:37:05.645+0000] {dag.py:4156} INFO - Setting next_dagrun for BuildELT_dbt to 2025-04-23 10:00:00+00:00, run_after=2025-04-24 10:00:00+00:00
[2025-04-25T05:37:05.651+0000] {processor.py:208} INFO - Processing /opt/airflow/dags/dbt_elt.py took 0.047 seconds
[2025-04-25T05:37:35.952+0000] {processor.py:186} INFO - Started process (PID=12236) to work on /opt/airflow/dags/dbt_elt.py
[2025-04-25T05:37:35.953+0000] {processor.py:914} INFO - Processing file /opt/airflow/dags/dbt_elt.py for tasks to queue
[2025-04-25T05:37:35.956+0000] {logging_mixin.py:190} INFO - [2025-04-25T05:37:35.956+0000] {dagbag.py:587} INFO - Filling up the DagBag from /opt/airflow/dags/dbt_elt.py
[2025-04-25T05:37:35.971+0000] {logging_mixin.py:190} INFO - [2025-04-25T05:37:35.971+0000] {base.py:84} INFO - Retrieving connection 'snowflake_conn'
[2025-04-25T05:37:35.976+0000] {processor.py:925} INFO - DAG(s) 'BuildELT_dbt' retrieved from /opt/airflow/dags/dbt_elt.py
[2025-04-25T05:37:35.984+0000] {logging_mixin.py:190} INFO - [2025-04-25T05:37:35.984+0000] {dag.py:3229} INFO - Sync 1 DAGs
[2025-04-25T05:37:35.995+0000] {logging_mixin.py:190} INFO - [2025-04-25T05:37:35.995+0000] {dag.py:4156} INFO - Setting next_dagrun for BuildELT_dbt to 2025-04-23 10:00:00+00:00, run_after=2025-04-24 10:00:00+00:00
[2025-04-25T05:37:36.002+0000] {processor.py:208} INFO - Processing /opt/airflow/dags/dbt_elt.py took 0.054 seconds
[2025-04-25T05:38:06.421+0000] {processor.py:186} INFO - Started process (PID=12246) to work on /opt/airflow/dags/dbt_elt.py
[2025-04-25T05:38:06.423+0000] {processor.py:914} INFO - Processing file /opt/airflow/dags/dbt_elt.py for tasks to queue
[2025-04-25T05:38:06.425+0000] {logging_mixin.py:190} INFO - [2025-04-25T05:38:06.425+0000] {dagbag.py:587} INFO - Filling up the DagBag from /opt/airflow/dags/dbt_elt.py
[2025-04-25T05:38:06.435+0000] {logging_mixin.py:190} INFO - [2025-04-25T05:38:06.435+0000] {base.py:84} INFO - Retrieving connection 'snowflake_conn'
[2025-04-25T05:38:06.439+0000] {processor.py:925} INFO - DAG(s) 'BuildELT_dbt' retrieved from /opt/airflow/dags/dbt_elt.py
[2025-04-25T05:38:06.444+0000] {logging_mixin.py:190} INFO - [2025-04-25T05:38:06.444+0000] {dag.py:3229} INFO - Sync 1 DAGs
[2025-04-25T05:38:06.454+0000] {logging_mixin.py:190} INFO - [2025-04-25T05:38:06.454+0000] {dag.py:4156} INFO - Setting next_dagrun for BuildELT_dbt to 2025-04-23 10:00:00+00:00, run_after=2025-04-24 10:00:00+00:00
[2025-04-25T05:38:06.461+0000] {processor.py:208} INFO - Processing /opt/airflow/dags/dbt_elt.py took 0.044 seconds
[2025-04-25T05:38:36.855+0000] {processor.py:186} INFO - Started process (PID=12256) to work on /opt/airflow/dags/dbt_elt.py
[2025-04-25T05:38:36.856+0000] {processor.py:914} INFO - Processing file /opt/airflow/dags/dbt_elt.py for tasks to queue
[2025-04-25T05:38:36.860+0000] {logging_mixin.py:190} INFO - [2025-04-25T05:38:36.859+0000] {dagbag.py:587} INFO - Filling up the DagBag from /opt/airflow/dags/dbt_elt.py
[2025-04-25T05:38:36.869+0000] {logging_mixin.py:190} INFO - [2025-04-25T05:38:36.869+0000] {base.py:84} INFO - Retrieving connection 'snowflake_conn'
[2025-04-25T05:38:36.873+0000] {processor.py:925} INFO - DAG(s) 'BuildELT_dbt' retrieved from /opt/airflow/dags/dbt_elt.py
[2025-04-25T05:38:36.879+0000] {logging_mixin.py:190} INFO - [2025-04-25T05:38:36.879+0000] {dag.py:3229} INFO - Sync 1 DAGs
[2025-04-25T05:38:36.889+0000] {logging_mixin.py:190} INFO - [2025-04-25T05:38:36.889+0000] {dag.py:4156} INFO - Setting next_dagrun for BuildELT_dbt to 2025-04-23 10:00:00+00:00, run_after=2025-04-24 10:00:00+00:00
[2025-04-25T05:38:36.896+0000] {processor.py:208} INFO - Processing /opt/airflow/dags/dbt_elt.py took 0.046 seconds
[2025-04-25T05:39:07.262+0000] {processor.py:186} INFO - Started process (PID=12266) to work on /opt/airflow/dags/dbt_elt.py
[2025-04-25T05:39:07.262+0000] {processor.py:914} INFO - Processing file /opt/airflow/dags/dbt_elt.py for tasks to queue
[2025-04-25T05:39:07.265+0000] {logging_mixin.py:190} INFO - [2025-04-25T05:39:07.265+0000] {dagbag.py:587} INFO - Filling up the DagBag from /opt/airflow/dags/dbt_elt.py
[2025-04-25T05:39:07.291+0000] {logging_mixin.py:190} INFO - [2025-04-25T05:39:07.291+0000] {base.py:84} INFO - Retrieving connection 'snowflake_conn'
[2025-04-25T05:39:07.296+0000] {processor.py:925} INFO - DAG(s) 'BuildELT_dbt' retrieved from /opt/airflow/dags/dbt_elt.py
[2025-04-25T05:39:07.301+0000] {logging_mixin.py:190} INFO - [2025-04-25T05:39:07.301+0000] {dag.py:3229} INFO - Sync 1 DAGs
[2025-04-25T05:39:07.312+0000] {logging_mixin.py:190} INFO - [2025-04-25T05:39:07.312+0000] {dag.py:4156} INFO - Setting next_dagrun for BuildELT_dbt to 2025-04-23 10:00:00+00:00, run_after=2025-04-24 10:00:00+00:00
[2025-04-25T05:39:07.318+0000] {processor.py:208} INFO - Processing /opt/airflow/dags/dbt_elt.py took 0.061 seconds
[2025-04-25T05:39:37.643+0000] {processor.py:186} INFO - Started process (PID=12276) to work on /opt/airflow/dags/dbt_elt.py
[2025-04-25T05:39:37.644+0000] {processor.py:914} INFO - Processing file /opt/airflow/dags/dbt_elt.py for tasks to queue
[2025-04-25T05:39:37.646+0000] {logging_mixin.py:190} INFO - [2025-04-25T05:39:37.646+0000] {dagbag.py:587} INFO - Filling up the DagBag from /opt/airflow/dags/dbt_elt.py
[2025-04-25T05:39:37.658+0000] {logging_mixin.py:190} INFO - [2025-04-25T05:39:37.658+0000] {base.py:84} INFO - Retrieving connection 'snowflake_conn'
[2025-04-25T05:39:37.662+0000] {processor.py:925} INFO - DAG(s) 'BuildELT_dbt' retrieved from /opt/airflow/dags/dbt_elt.py
[2025-04-25T05:39:37.668+0000] {logging_mixin.py:190} INFO - [2025-04-25T05:39:37.668+0000] {dag.py:3229} INFO - Sync 1 DAGs
[2025-04-25T05:39:37.678+0000] {logging_mixin.py:190} INFO - [2025-04-25T05:39:37.678+0000] {dag.py:4156} INFO - Setting next_dagrun for BuildELT_dbt to 2025-04-23 10:00:00+00:00, run_after=2025-04-24 10:00:00+00:00
[2025-04-25T05:39:37.685+0000] {processor.py:208} INFO - Processing /opt/airflow/dags/dbt_elt.py took 0.046 seconds
[2025-04-25T05:40:08.035+0000] {processor.py:186} INFO - Started process (PID=12286) to work on /opt/airflow/dags/dbt_elt.py
[2025-04-25T05:40:08.035+0000] {processor.py:914} INFO - Processing file /opt/airflow/dags/dbt_elt.py for tasks to queue
[2025-04-25T05:40:08.036+0000] {logging_mixin.py:190} INFO - [2025-04-25T05:40:08.036+0000] {dagbag.py:587} INFO - Filling up the DagBag from /opt/airflow/dags/dbt_elt.py
[2025-04-25T05:40:08.048+0000] {logging_mixin.py:190} INFO - [2025-04-25T05:40:08.048+0000] {base.py:84} INFO - Retrieving connection 'snowflake_conn'
[2025-04-25T05:40:08.055+0000] {processor.py:925} INFO - DAG(s) 'BuildELT_dbt' retrieved from /opt/airflow/dags/dbt_elt.py
[2025-04-25T05:40:08.062+0000] {logging_mixin.py:190} INFO - [2025-04-25T05:40:08.062+0000] {dag.py:3229} INFO - Sync 1 DAGs
[2025-04-25T05:40:08.074+0000] {logging_mixin.py:190} INFO - [2025-04-25T05:40:08.074+0000] {dag.py:4156} INFO - Setting next_dagrun for BuildELT_dbt to 2025-04-23 10:00:00+00:00, run_after=2025-04-24 10:00:00+00:00
[2025-04-25T05:40:08.083+0000] {processor.py:208} INFO - Processing /opt/airflow/dags/dbt_elt.py took 0.052 seconds
[2025-04-25T05:40:38.456+0000] {processor.py:186} INFO - Started process (PID=12296) to work on /opt/airflow/dags/dbt_elt.py
[2025-04-25T05:40:38.458+0000] {processor.py:914} INFO - Processing file /opt/airflow/dags/dbt_elt.py for tasks to queue
[2025-04-25T05:40:38.459+0000] {logging_mixin.py:190} INFO - [2025-04-25T05:40:38.459+0000] {dagbag.py:587} INFO - Filling up the DagBag from /opt/airflow/dags/dbt_elt.py
[2025-04-25T05:40:38.469+0000] {logging_mixin.py:190} INFO - [2025-04-25T05:40:38.469+0000] {base.py:84} INFO - Retrieving connection 'snowflake_conn'
[2025-04-25T05:40:38.473+0000] {processor.py:925} INFO - DAG(s) 'BuildELT_dbt' retrieved from /opt/airflow/dags/dbt_elt.py
[2025-04-25T05:40:38.479+0000] {logging_mixin.py:190} INFO - [2025-04-25T05:40:38.478+0000] {dag.py:3229} INFO - Sync 1 DAGs
[2025-04-25T05:40:38.488+0000] {logging_mixin.py:190} INFO - [2025-04-25T05:40:38.488+0000] {dag.py:4156} INFO - Setting next_dagrun for BuildELT_dbt to 2025-04-23 10:00:00+00:00, run_after=2025-04-24 10:00:00+00:00
[2025-04-25T05:40:38.495+0000] {processor.py:208} INFO - Processing /opt/airflow/dags/dbt_elt.py took 0.042 seconds
[2025-04-25T05:41:08.829+0000] {processor.py:186} INFO - Started process (PID=12306) to work on /opt/airflow/dags/dbt_elt.py
[2025-04-25T05:41:08.831+0000] {processor.py:914} INFO - Processing file /opt/airflow/dags/dbt_elt.py for tasks to queue
[2025-04-25T05:41:08.833+0000] {logging_mixin.py:190} INFO - [2025-04-25T05:41:08.832+0000] {dagbag.py:587} INFO - Filling up the DagBag from /opt/airflow/dags/dbt_elt.py
[2025-04-25T05:41:08.844+0000] {logging_mixin.py:190} INFO - [2025-04-25T05:41:08.844+0000] {base.py:84} INFO - Retrieving connection 'snowflake_conn'
[2025-04-25T05:41:08.848+0000] {processor.py:925} INFO - DAG(s) 'BuildELT_dbt' retrieved from /opt/airflow/dags/dbt_elt.py
[2025-04-25T05:41:08.853+0000] {logging_mixin.py:190} INFO - [2025-04-25T05:41:08.853+0000] {dag.py:3229} INFO - Sync 1 DAGs
[2025-04-25T05:41:08.863+0000] {logging_mixin.py:190} INFO - [2025-04-25T05:41:08.863+0000] {dag.py:4156} INFO - Setting next_dagrun for BuildELT_dbt to 2025-04-23 10:00:00+00:00, run_after=2025-04-24 10:00:00+00:00
[2025-04-25T05:41:08.868+0000] {processor.py:208} INFO - Processing /opt/airflow/dags/dbt_elt.py took 0.043 seconds
[2025-04-25T05:41:39.235+0000] {processor.py:186} INFO - Started process (PID=12316) to work on /opt/airflow/dags/dbt_elt.py
[2025-04-25T05:41:39.236+0000] {processor.py:914} INFO - Processing file /opt/airflow/dags/dbt_elt.py for tasks to queue
[2025-04-25T05:41:39.241+0000] {logging_mixin.py:190} INFO - [2025-04-25T05:41:39.241+0000] {dagbag.py:587} INFO - Filling up the DagBag from /opt/airflow/dags/dbt_elt.py
[2025-04-25T05:41:39.253+0000] {logging_mixin.py:190} INFO - [2025-04-25T05:41:39.253+0000] {base.py:84} INFO - Retrieving connection 'snowflake_conn'
[2025-04-25T05:41:39.257+0000] {processor.py:925} INFO - DAG(s) 'BuildELT_dbt' retrieved from /opt/airflow/dags/dbt_elt.py
[2025-04-25T05:41:39.263+0000] {logging_mixin.py:190} INFO - [2025-04-25T05:41:39.263+0000] {dag.py:3229} INFO - Sync 1 DAGs
[2025-04-25T05:41:39.274+0000] {logging_mixin.py:190} INFO - [2025-04-25T05:41:39.274+0000] {dag.py:4156} INFO - Setting next_dagrun for BuildELT_dbt to 2025-04-23 10:00:00+00:00, run_after=2025-04-24 10:00:00+00:00
[2025-04-25T05:41:39.282+0000] {processor.py:208} INFO - Processing /opt/airflow/dags/dbt_elt.py took 0.050 seconds
[2025-04-25T05:42:09.650+0000] {processor.py:186} INFO - Started process (PID=12326) to work on /opt/airflow/dags/dbt_elt.py
[2025-04-25T05:42:09.651+0000] {processor.py:914} INFO - Processing file /opt/airflow/dags/dbt_elt.py for tasks to queue
[2025-04-25T05:42:09.654+0000] {logging_mixin.py:190} INFO - [2025-04-25T05:42:09.654+0000] {dagbag.py:587} INFO - Filling up the DagBag from /opt/airflow/dags/dbt_elt.py
[2025-04-25T05:42:09.667+0000] {logging_mixin.py:190} INFO - [2025-04-25T05:42:09.667+0000] {base.py:84} INFO - Retrieving connection 'snowflake_conn'
[2025-04-25T05:42:09.672+0000] {processor.py:925} INFO - DAG(s) 'BuildELT_dbt' retrieved from /opt/airflow/dags/dbt_elt.py
[2025-04-25T05:42:09.679+0000] {logging_mixin.py:190} INFO - [2025-04-25T05:42:09.679+0000] {dag.py:3229} INFO - Sync 1 DAGs
[2025-04-25T05:42:09.691+0000] {logging_mixin.py:190} INFO - [2025-04-25T05:42:09.691+0000] {dag.py:4156} INFO - Setting next_dagrun for BuildELT_dbt to 2025-04-23 10:00:00+00:00, run_after=2025-04-24 10:00:00+00:00
[2025-04-25T05:42:09.698+0000] {processor.py:208} INFO - Processing /opt/airflow/dags/dbt_elt.py took 0.052 seconds
[2025-04-25T05:42:40.072+0000] {processor.py:186} INFO - Started process (PID=12336) to work on /opt/airflow/dags/dbt_elt.py
[2025-04-25T05:42:40.073+0000] {processor.py:914} INFO - Processing file /opt/airflow/dags/dbt_elt.py for tasks to queue
[2025-04-25T05:42:40.075+0000] {logging_mixin.py:190} INFO - [2025-04-25T05:42:40.075+0000] {dagbag.py:587} INFO - Filling up the DagBag from /opt/airflow/dags/dbt_elt.py
[2025-04-25T05:42:40.089+0000] {logging_mixin.py:190} INFO - [2025-04-25T05:42:40.089+0000] {base.py:84} INFO - Retrieving connection 'snowflake_conn'
[2025-04-25T05:42:40.093+0000] {processor.py:925} INFO - DAG(s) 'BuildELT_dbt' retrieved from /opt/airflow/dags/dbt_elt.py
[2025-04-25T05:42:40.099+0000] {logging_mixin.py:190} INFO - [2025-04-25T05:42:40.099+0000] {dag.py:3229} INFO - Sync 1 DAGs
[2025-04-25T05:42:40.108+0000] {logging_mixin.py:190} INFO - [2025-04-25T05:42:40.108+0000] {dag.py:4156} INFO - Setting next_dagrun for BuildELT_dbt to 2025-04-23 10:00:00+00:00, run_after=2025-04-24 10:00:00+00:00
[2025-04-25T05:42:40.114+0000] {processor.py:208} INFO - Processing /opt/airflow/dags/dbt_elt.py took 0.047 seconds
[2025-04-25T05:43:10.461+0000] {processor.py:186} INFO - Started process (PID=12346) to work on /opt/airflow/dags/dbt_elt.py
[2025-04-25T05:43:10.462+0000] {processor.py:914} INFO - Processing file /opt/airflow/dags/dbt_elt.py for tasks to queue
[2025-04-25T05:43:10.464+0000] {logging_mixin.py:190} INFO - [2025-04-25T05:43:10.464+0000] {dagbag.py:587} INFO - Filling up the DagBag from /opt/airflow/dags/dbt_elt.py
[2025-04-25T05:43:10.478+0000] {logging_mixin.py:190} INFO - [2025-04-25T05:43:10.478+0000] {base.py:84} INFO - Retrieving connection 'snowflake_conn'
[2025-04-25T05:43:10.483+0000] {processor.py:925} INFO - DAG(s) 'BuildELT_dbt' retrieved from /opt/airflow/dags/dbt_elt.py
[2025-04-25T05:43:10.490+0000] {logging_mixin.py:190} INFO - [2025-04-25T05:43:10.490+0000] {dag.py:3229} INFO - Sync 1 DAGs
[2025-04-25T05:43:10.500+0000] {logging_mixin.py:190} INFO - [2025-04-25T05:43:10.500+0000] {dag.py:4156} INFO - Setting next_dagrun for BuildELT_dbt to 2025-04-23 10:00:00+00:00, run_after=2025-04-24 10:00:00+00:00
[2025-04-25T05:43:10.506+0000] {processor.py:208} INFO - Processing /opt/airflow/dags/dbt_elt.py took 0.050 seconds
[2025-04-25T05:43:40.871+0000] {processor.py:186} INFO - Started process (PID=12356) to work on /opt/airflow/dags/dbt_elt.py
[2025-04-25T05:43:40.873+0000] {processor.py:914} INFO - Processing file /opt/airflow/dags/dbt_elt.py for tasks to queue
[2025-04-25T05:43:40.877+0000] {logging_mixin.py:190} INFO - [2025-04-25T05:43:40.877+0000] {dagbag.py:587} INFO - Filling up the DagBag from /opt/airflow/dags/dbt_elt.py
[2025-04-25T05:43:40.888+0000] {logging_mixin.py:190} INFO - [2025-04-25T05:43:40.887+0000] {base.py:84} INFO - Retrieving connection 'snowflake_conn'
[2025-04-25T05:43:40.891+0000] {processor.py:925} INFO - DAG(s) 'BuildELT_dbt' retrieved from /opt/airflow/dags/dbt_elt.py
[2025-04-25T05:43:40.897+0000] {logging_mixin.py:190} INFO - [2025-04-25T05:43:40.897+0000] {dag.py:3229} INFO - Sync 1 DAGs
[2025-04-25T05:43:40.906+0000] {logging_mixin.py:190} INFO - [2025-04-25T05:43:40.906+0000] {dag.py:4156} INFO - Setting next_dagrun for BuildELT_dbt to 2025-04-23 10:00:00+00:00, run_after=2025-04-24 10:00:00+00:00
[2025-04-25T05:43:40.913+0000] {processor.py:208} INFO - Processing /opt/airflow/dags/dbt_elt.py took 0.045 seconds
