[2025-04-25T00:00:17.221+0000] {processor.py:186} INFO - Started process (PID=11603) to work on /opt/airflow/dags/extract_stock_data.py
[2025-04-25T00:00:17.222+0000] {processor.py:914} INFO - Processing file /opt/airflow/dags/extract_stock_data.py for tasks to queue
[2025-04-25T00:00:17.224+0000] {logging_mixin.py:190} INFO - [2025-04-25T00:00:17.224+0000] {dagbag.py:587} INFO - Filling up the DagBag from /opt/airflow/dags/extract_stock_data.py
[2025-04-25T00:00:17.288+0000] {processor.py:925} INFO - DAG(s) 'extract_stock_data' retrieved from /opt/airflow/dags/extract_stock_data.py
[2025-04-25T00:00:17.296+0000] {logging_mixin.py:190} INFO - [2025-04-25T00:00:17.296+0000] {dag.py:3229} INFO - Sync 1 DAGs
[2025-04-25T00:00:17.374+0000] {logging_mixin.py:190} INFO - [2025-04-25T00:00:17.374+0000] {dag.py:4156} INFO - Setting next_dagrun for extract_stock_data to 2025-04-23 09:00:00+00:00, run_after=2025-04-24 09:00:00+00:00
[2025-04-25T00:00:17.379+0000] {processor.py:208} INFO - Processing /opt/airflow/dags/extract_stock_data.py took 0.164 seconds
[2025-04-25T00:00:47.661+0000] {processor.py:186} INFO - Started process (PID=11613) to work on /opt/airflow/dags/extract_stock_data.py
[2025-04-25T00:00:47.662+0000] {processor.py:914} INFO - Processing file /opt/airflow/dags/extract_stock_data.py for tasks to queue
[2025-04-25T00:00:47.664+0000] {logging_mixin.py:190} INFO - [2025-04-25T00:00:47.663+0000] {dagbag.py:587} INFO - Filling up the DagBag from /opt/airflow/dags/extract_stock_data.py
[2025-04-25T00:00:47.735+0000] {processor.py:925} INFO - DAG(s) 'extract_stock_data' retrieved from /opt/airflow/dags/extract_stock_data.py
[2025-04-25T00:00:47.743+0000] {logging_mixin.py:190} INFO - [2025-04-25T00:00:47.743+0000] {dag.py:3229} INFO - Sync 1 DAGs
[2025-04-25T00:00:47.750+0000] {logging_mixin.py:190} INFO - [2025-04-25T00:00:47.750+0000] {dag.py:4156} INFO - Setting next_dagrun for extract_stock_data to 2025-04-23 09:00:00+00:00, run_after=2025-04-24 09:00:00+00:00
[2025-04-25T00:00:47.756+0000] {processor.py:208} INFO - Processing /opt/airflow/dags/extract_stock_data.py took 0.100 seconds
[2025-04-25T00:01:18.054+0000] {processor.py:186} INFO - Started process (PID=11623) to work on /opt/airflow/dags/extract_stock_data.py
[2025-04-25T00:01:18.055+0000] {processor.py:914} INFO - Processing file /opt/airflow/dags/extract_stock_data.py for tasks to queue
[2025-04-25T00:01:18.057+0000] {logging_mixin.py:190} INFO - [2025-04-25T00:01:18.056+0000] {dagbag.py:587} INFO - Filling up the DagBag from /opt/airflow/dags/extract_stock_data.py
[2025-04-25T00:01:18.120+0000] {processor.py:925} INFO - DAG(s) 'extract_stock_data' retrieved from /opt/airflow/dags/extract_stock_data.py
[2025-04-25T00:01:18.128+0000] {logging_mixin.py:190} INFO - [2025-04-25T00:01:18.128+0000] {dag.py:3229} INFO - Sync 1 DAGs
[2025-04-25T00:01:18.135+0000] {logging_mixin.py:190} INFO - [2025-04-25T00:01:18.135+0000] {dag.py:4156} INFO - Setting next_dagrun for extract_stock_data to 2025-04-23 09:00:00+00:00, run_after=2025-04-24 09:00:00+00:00
[2025-04-25T00:01:18.140+0000] {processor.py:208} INFO - Processing /opt/airflow/dags/extract_stock_data.py took 0.093 seconds
[2025-04-25T00:01:48.476+0000] {processor.py:186} INFO - Started process (PID=11633) to work on /opt/airflow/dags/extract_stock_data.py
[2025-04-25T00:01:48.476+0000] {processor.py:914} INFO - Processing file /opt/airflow/dags/extract_stock_data.py for tasks to queue
[2025-04-25T00:01:48.478+0000] {logging_mixin.py:190} INFO - [2025-04-25T00:01:48.478+0000] {dagbag.py:587} INFO - Filling up the DagBag from /opt/airflow/dags/extract_stock_data.py
[2025-04-25T00:01:48.538+0000] {processor.py:925} INFO - DAG(s) 'extract_stock_data' retrieved from /opt/airflow/dags/extract_stock_data.py
[2025-04-25T00:01:48.546+0000] {logging_mixin.py:190} INFO - [2025-04-25T00:01:48.545+0000] {dag.py:3229} INFO - Sync 1 DAGs
[2025-04-25T00:01:48.554+0000] {logging_mixin.py:190} INFO - [2025-04-25T00:01:48.554+0000] {dag.py:4156} INFO - Setting next_dagrun for extract_stock_data to 2025-04-23 09:00:00+00:00, run_after=2025-04-24 09:00:00+00:00
[2025-04-25T00:01:48.560+0000] {processor.py:208} INFO - Processing /opt/airflow/dags/extract_stock_data.py took 0.088 seconds
[2025-04-25T00:02:18.949+0000] {processor.py:186} INFO - Started process (PID=11643) to work on /opt/airflow/dags/extract_stock_data.py
[2025-04-25T00:02:18.950+0000] {processor.py:914} INFO - Processing file /opt/airflow/dags/extract_stock_data.py for tasks to queue
[2025-04-25T00:02:18.952+0000] {logging_mixin.py:190} INFO - [2025-04-25T00:02:18.952+0000] {dagbag.py:587} INFO - Filling up the DagBag from /opt/airflow/dags/extract_stock_data.py
[2025-04-25T00:02:19.018+0000] {processor.py:925} INFO - DAG(s) 'extract_stock_data' retrieved from /opt/airflow/dags/extract_stock_data.py
[2025-04-25T00:02:19.026+0000] {logging_mixin.py:190} INFO - [2025-04-25T00:02:19.026+0000] {dag.py:3229} INFO - Sync 1 DAGs
[2025-04-25T00:02:19.109+0000] {logging_mixin.py:190} INFO - [2025-04-25T00:02:19.109+0000] {dag.py:4156} INFO - Setting next_dagrun for extract_stock_data to 2025-04-23 09:00:00+00:00, run_after=2025-04-24 09:00:00+00:00
[2025-04-25T00:02:19.115+0000] {processor.py:208} INFO - Processing /opt/airflow/dags/extract_stock_data.py took 0.171 seconds
[2025-04-25T00:02:49.391+0000] {processor.py:186} INFO - Started process (PID=11653) to work on /opt/airflow/dags/extract_stock_data.py
[2025-04-25T00:02:49.391+0000] {processor.py:914} INFO - Processing file /opt/airflow/dags/extract_stock_data.py for tasks to queue
[2025-04-25T00:02:49.393+0000] {logging_mixin.py:190} INFO - [2025-04-25T00:02:49.393+0000] {dagbag.py:587} INFO - Filling up the DagBag from /opt/airflow/dags/extract_stock_data.py
[2025-04-25T00:02:49.456+0000] {processor.py:925} INFO - DAG(s) 'extract_stock_data' retrieved from /opt/airflow/dags/extract_stock_data.py
[2025-04-25T00:02:49.464+0000] {logging_mixin.py:190} INFO - [2025-04-25T00:02:49.464+0000] {dag.py:3229} INFO - Sync 1 DAGs
[2025-04-25T00:02:49.471+0000] {logging_mixin.py:190} INFO - [2025-04-25T00:02:49.471+0000] {dag.py:4156} INFO - Setting next_dagrun for extract_stock_data to 2025-04-23 09:00:00+00:00, run_after=2025-04-24 09:00:00+00:00
[2025-04-25T00:02:49.476+0000] {processor.py:208} INFO - Processing /opt/airflow/dags/extract_stock_data.py took 0.091 seconds
[2025-04-25T00:03:19.806+0000] {processor.py:186} INFO - Started process (PID=11663) to work on /opt/airflow/dags/extract_stock_data.py
[2025-04-25T00:03:19.807+0000] {processor.py:914} INFO - Processing file /opt/airflow/dags/extract_stock_data.py for tasks to queue
[2025-04-25T00:03:19.809+0000] {logging_mixin.py:190} INFO - [2025-04-25T00:03:19.808+0000] {dagbag.py:587} INFO - Filling up the DagBag from /opt/airflow/dags/extract_stock_data.py
[2025-04-25T00:03:19.871+0000] {processor.py:925} INFO - DAG(s) 'extract_stock_data' retrieved from /opt/airflow/dags/extract_stock_data.py
[2025-04-25T00:03:19.879+0000] {logging_mixin.py:190} INFO - [2025-04-25T00:03:19.879+0000] {dag.py:3229} INFO - Sync 1 DAGs
[2025-04-25T00:03:19.887+0000] {logging_mixin.py:190} INFO - [2025-04-25T00:03:19.887+0000] {dag.py:4156} INFO - Setting next_dagrun for extract_stock_data to 2025-04-23 09:00:00+00:00, run_after=2025-04-24 09:00:00+00:00
[2025-04-25T00:03:19.892+0000] {processor.py:208} INFO - Processing /opt/airflow/dags/extract_stock_data.py took 0.092 seconds
[2025-04-25T00:03:50.218+0000] {processor.py:186} INFO - Started process (PID=11673) to work on /opt/airflow/dags/extract_stock_data.py
[2025-04-25T00:03:50.219+0000] {processor.py:914} INFO - Processing file /opt/airflow/dags/extract_stock_data.py for tasks to queue
[2025-04-25T00:03:50.220+0000] {logging_mixin.py:190} INFO - [2025-04-25T00:03:50.220+0000] {dagbag.py:587} INFO - Filling up the DagBag from /opt/airflow/dags/extract_stock_data.py
[2025-04-25T00:03:50.284+0000] {processor.py:925} INFO - DAG(s) 'extract_stock_data' retrieved from /opt/airflow/dags/extract_stock_data.py
[2025-04-25T00:03:50.292+0000] {logging_mixin.py:190} INFO - [2025-04-25T00:03:50.292+0000] {dag.py:3229} INFO - Sync 1 DAGs
[2025-04-25T00:03:50.300+0000] {logging_mixin.py:190} INFO - [2025-04-25T00:03:50.300+0000] {dag.py:4156} INFO - Setting next_dagrun for extract_stock_data to 2025-04-23 09:00:00+00:00, run_after=2025-04-24 09:00:00+00:00
[2025-04-25T00:03:50.306+0000] {processor.py:208} INFO - Processing /opt/airflow/dags/extract_stock_data.py took 0.094 seconds
[2025-04-25T00:06:52.226+0000] {processor.py:186} INFO - Started process (PID=11683) to work on /opt/airflow/dags/extract_stock_data.py
[2025-04-25T00:06:52.227+0000] {processor.py:914} INFO - Processing file /opt/airflow/dags/extract_stock_data.py for tasks to queue
[2025-04-25T00:06:52.229+0000] {logging_mixin.py:190} INFO - [2025-04-25T00:06:52.228+0000] {dagbag.py:587} INFO - Filling up the DagBag from /opt/airflow/dags/extract_stock_data.py
[2025-04-25T00:06:52.291+0000] {processor.py:925} INFO - DAG(s) 'extract_stock_data' retrieved from /opt/airflow/dags/extract_stock_data.py
[2025-04-25T00:06:52.300+0000] {logging_mixin.py:190} INFO - [2025-04-25T00:06:52.300+0000] {dag.py:3229} INFO - Sync 1 DAGs
[2025-04-25T00:06:52.387+0000] {logging_mixin.py:190} INFO - [2025-04-25T00:06:52.387+0000] {dag.py:4156} INFO - Setting next_dagrun for extract_stock_data to 2025-04-23 09:00:00+00:00, run_after=2025-04-24 09:00:00+00:00
[2025-04-25T00:06:52.392+0000] {processor.py:208} INFO - Processing /opt/airflow/dags/extract_stock_data.py took 0.171 seconds
[2025-04-25T00:12:48.163+0000] {processor.py:186} INFO - Started process (PID=11693) to work on /opt/airflow/dags/extract_stock_data.py
[2025-04-25T00:12:48.163+0000] {processor.py:914} INFO - Processing file /opt/airflow/dags/extract_stock_data.py for tasks to queue
[2025-04-25T00:12:48.165+0000] {logging_mixin.py:190} INFO - [2025-04-25T00:12:48.165+0000] {dagbag.py:587} INFO - Filling up the DagBag from /opt/airflow/dags/extract_stock_data.py
[2025-04-25T00:12:48.223+0000] {processor.py:925} INFO - DAG(s) 'extract_stock_data' retrieved from /opt/airflow/dags/extract_stock_data.py
[2025-04-25T00:12:48.300+0000] {logging_mixin.py:190} INFO - [2025-04-25T00:12:48.300+0000] {dag.py:3229} INFO - Sync 1 DAGs
[2025-04-25T00:12:48.307+0000] {logging_mixin.py:190} INFO - [2025-04-25T00:12:48.307+0000] {dag.py:4156} INFO - Setting next_dagrun for extract_stock_data to 2025-04-23 09:00:00+00:00, run_after=2025-04-24 09:00:00+00:00
[2025-04-25T00:12:48.312+0000] {processor.py:208} INFO - Processing /opt/airflow/dags/extract_stock_data.py took 0.154 seconds
[2025-04-25T00:16:49.078+0000] {processor.py:186} INFO - Started process (PID=11703) to work on /opt/airflow/dags/extract_stock_data.py
[2025-04-25T00:16:49.079+0000] {processor.py:914} INFO - Processing file /opt/airflow/dags/extract_stock_data.py for tasks to queue
[2025-04-25T00:16:49.080+0000] {logging_mixin.py:190} INFO - [2025-04-25T00:16:49.080+0000] {dagbag.py:587} INFO - Filling up the DagBag from /opt/airflow/dags/extract_stock_data.py
[2025-04-25T00:16:49.150+0000] {processor.py:925} INFO - DAG(s) 'extract_stock_data' retrieved from /opt/airflow/dags/extract_stock_data.py
[2025-04-25T00:16:49.158+0000] {logging_mixin.py:190} INFO - [2025-04-25T00:16:49.157+0000] {dag.py:3229} INFO - Sync 1 DAGs
[2025-04-25T00:16:49.165+0000] {logging_mixin.py:190} INFO - [2025-04-25T00:16:49.165+0000] {dag.py:4156} INFO - Setting next_dagrun for extract_stock_data to 2025-04-23 09:00:00+00:00, run_after=2025-04-24 09:00:00+00:00
[2025-04-25T00:16:49.170+0000] {processor.py:208} INFO - Processing /opt/airflow/dags/extract_stock_data.py took 0.097 seconds
[2025-04-25T00:21:44.760+0000] {processor.py:186} INFO - Started process (PID=11713) to work on /opt/airflow/dags/extract_stock_data.py
[2025-04-25T00:21:44.761+0000] {processor.py:914} INFO - Processing file /opt/airflow/dags/extract_stock_data.py for tasks to queue
[2025-04-25T00:21:44.762+0000] {logging_mixin.py:190} INFO - [2025-04-25T00:21:44.762+0000] {dagbag.py:587} INFO - Filling up the DagBag from /opt/airflow/dags/extract_stock_data.py
[2025-04-25T00:21:44.828+0000] {processor.py:925} INFO - DAG(s) 'extract_stock_data' retrieved from /opt/airflow/dags/extract_stock_data.py
[2025-04-25T00:21:44.835+0000] {logging_mixin.py:190} INFO - [2025-04-25T00:21:44.835+0000] {dag.py:3229} INFO - Sync 1 DAGs
[2025-04-25T00:21:44.843+0000] {logging_mixin.py:190} INFO - [2025-04-25T00:21:44.843+0000] {dag.py:4156} INFO - Setting next_dagrun for extract_stock_data to 2025-04-23 09:00:00+00:00, run_after=2025-04-24 09:00:00+00:00
[2025-04-25T00:21:44.849+0000] {processor.py:208} INFO - Processing /opt/airflow/dags/extract_stock_data.py took 0.094 seconds
[2025-04-25T00:24:05.012+0000] {processor.py:186} INFO - Started process (PID=11723) to work on /opt/airflow/dags/extract_stock_data.py
[2025-04-25T00:24:05.013+0000] {processor.py:914} INFO - Processing file /opt/airflow/dags/extract_stock_data.py for tasks to queue
[2025-04-25T00:24:05.016+0000] {logging_mixin.py:190} INFO - [2025-04-25T00:24:05.016+0000] {dagbag.py:587} INFO - Filling up the DagBag from /opt/airflow/dags/extract_stock_data.py
[2025-04-25T00:24:05.094+0000] {processor.py:925} INFO - DAG(s) 'extract_stock_data' retrieved from /opt/airflow/dags/extract_stock_data.py
[2025-04-25T00:24:05.103+0000] {logging_mixin.py:190} INFO - [2025-04-25T00:24:05.103+0000] {dag.py:3229} INFO - Sync 1 DAGs
[2025-04-25T00:24:05.194+0000] {logging_mixin.py:190} INFO - [2025-04-25T00:24:05.194+0000] {dag.py:4156} INFO - Setting next_dagrun for extract_stock_data to 2025-04-23 09:00:00+00:00, run_after=2025-04-24 09:00:00+00:00
[2025-04-25T00:24:05.199+0000] {processor.py:208} INFO - Processing /opt/airflow/dags/extract_stock_data.py took 0.194 seconds
[2025-04-25T00:24:35.421+0000] {processor.py:186} INFO - Started process (PID=11733) to work on /opt/airflow/dags/extract_stock_data.py
[2025-04-25T00:24:35.422+0000] {processor.py:914} INFO - Processing file /opt/airflow/dags/extract_stock_data.py for tasks to queue
[2025-04-25T00:24:35.424+0000] {logging_mixin.py:190} INFO - [2025-04-25T00:24:35.424+0000] {dagbag.py:587} INFO - Filling up the DagBag from /opt/airflow/dags/extract_stock_data.py
[2025-04-25T00:24:35.490+0000] {processor.py:925} INFO - DAG(s) 'extract_stock_data' retrieved from /opt/airflow/dags/extract_stock_data.py
[2025-04-25T00:24:35.576+0000] {logging_mixin.py:190} INFO - [2025-04-25T00:24:35.575+0000] {dag.py:3229} INFO - Sync 1 DAGs
[2025-04-25T00:24:35.582+0000] {logging_mixin.py:190} INFO - [2025-04-25T00:24:35.582+0000] {dag.py:4156} INFO - Setting next_dagrun for extract_stock_data to 2025-04-23 09:00:00+00:00, run_after=2025-04-24 09:00:00+00:00
[2025-04-25T00:24:35.587+0000] {processor.py:208} INFO - Processing /opt/airflow/dags/extract_stock_data.py took 0.173 seconds
[2025-04-25T00:25:05.852+0000] {processor.py:186} INFO - Started process (PID=11743) to work on /opt/airflow/dags/extract_stock_data.py
[2025-04-25T00:25:05.853+0000] {processor.py:914} INFO - Processing file /opt/airflow/dags/extract_stock_data.py for tasks to queue
[2025-04-25T00:25:05.855+0000] {logging_mixin.py:190} INFO - [2025-04-25T00:25:05.855+0000] {dagbag.py:587} INFO - Filling up the DagBag from /opt/airflow/dags/extract_stock_data.py
[2025-04-25T00:25:05.918+0000] {processor.py:925} INFO - DAG(s) 'extract_stock_data' retrieved from /opt/airflow/dags/extract_stock_data.py
[2025-04-25T00:25:05.926+0000] {logging_mixin.py:190} INFO - [2025-04-25T00:25:05.926+0000] {dag.py:3229} INFO - Sync 1 DAGs
[2025-04-25T00:25:05.933+0000] {logging_mixin.py:190} INFO - [2025-04-25T00:25:05.933+0000] {dag.py:4156} INFO - Setting next_dagrun for extract_stock_data to 2025-04-23 09:00:00+00:00, run_after=2025-04-24 09:00:00+00:00
[2025-04-25T00:25:05.939+0000] {processor.py:208} INFO - Processing /opt/airflow/dags/extract_stock_data.py took 0.093 seconds
[2025-04-25T00:25:36.280+0000] {processor.py:186} INFO - Started process (PID=11753) to work on /opt/airflow/dags/extract_stock_data.py
[2025-04-25T00:25:36.281+0000] {processor.py:914} INFO - Processing file /opt/airflow/dags/extract_stock_data.py for tasks to queue
[2025-04-25T00:25:36.283+0000] {logging_mixin.py:190} INFO - [2025-04-25T00:25:36.282+0000] {dagbag.py:587} INFO - Filling up the DagBag from /opt/airflow/dags/extract_stock_data.py
[2025-04-25T00:25:36.347+0000] {processor.py:925} INFO - DAG(s) 'extract_stock_data' retrieved from /opt/airflow/dags/extract_stock_data.py
[2025-04-25T00:25:36.355+0000] {logging_mixin.py:190} INFO - [2025-04-25T00:25:36.355+0000] {dag.py:3229} INFO - Sync 1 DAGs
[2025-04-25T00:25:36.363+0000] {logging_mixin.py:190} INFO - [2025-04-25T00:25:36.362+0000] {dag.py:4156} INFO - Setting next_dagrun for extract_stock_data to 2025-04-23 09:00:00+00:00, run_after=2025-04-24 09:00:00+00:00
[2025-04-25T00:25:36.368+0000] {processor.py:208} INFO - Processing /opt/airflow/dags/extract_stock_data.py took 0.094 seconds
[2025-04-25T00:28:29.176+0000] {processor.py:186} INFO - Started process (PID=11763) to work on /opt/airflow/dags/extract_stock_data.py
[2025-04-25T00:28:29.177+0000] {processor.py:914} INFO - Processing file /opt/airflow/dags/extract_stock_data.py for tasks to queue
[2025-04-25T00:28:29.178+0000] {logging_mixin.py:190} INFO - [2025-04-25T00:28:29.178+0000] {dagbag.py:587} INFO - Filling up the DagBag from /opt/airflow/dags/extract_stock_data.py
[2025-04-25T00:28:29.235+0000] {processor.py:925} INFO - DAG(s) 'extract_stock_data' retrieved from /opt/airflow/dags/extract_stock_data.py
[2025-04-25T00:28:29.242+0000] {logging_mixin.py:190} INFO - [2025-04-25T00:28:29.242+0000] {dag.py:3229} INFO - Sync 1 DAGs
[2025-04-25T00:28:29.317+0000] {logging_mixin.py:190} INFO - [2025-04-25T00:28:29.317+0000] {dag.py:4156} INFO - Setting next_dagrun for extract_stock_data to 2025-04-23 09:00:00+00:00, run_after=2025-04-24 09:00:00+00:00
[2025-04-25T00:28:29.322+0000] {processor.py:208} INFO - Processing /opt/airflow/dags/extract_stock_data.py took 0.150 seconds
[2025-04-25T00:30:54.818+0000] {processor.py:186} INFO - Started process (PID=11773) to work on /opt/airflow/dags/extract_stock_data.py
[2025-04-25T00:30:54.819+0000] {processor.py:914} INFO - Processing file /opt/airflow/dags/extract_stock_data.py for tasks to queue
[2025-04-25T00:30:54.822+0000] {logging_mixin.py:190} INFO - [2025-04-25T00:30:54.821+0000] {dagbag.py:587} INFO - Filling up the DagBag from /opt/airflow/dags/extract_stock_data.py
[2025-04-25T00:30:54.901+0000] {processor.py:925} INFO - DAG(s) 'extract_stock_data' retrieved from /opt/airflow/dags/extract_stock_data.py
[2025-04-25T00:30:55.000+0000] {logging_mixin.py:190} INFO - [2025-04-25T00:30:55.000+0000] {dag.py:3229} INFO - Sync 1 DAGs
[2025-04-25T00:30:55.007+0000] {logging_mixin.py:190} INFO - [2025-04-25T00:30:55.007+0000] {dag.py:4156} INFO - Setting next_dagrun for extract_stock_data to 2025-04-23 09:00:00+00:00, run_after=2025-04-24 09:00:00+00:00
[2025-04-25T00:30:55.013+0000] {processor.py:208} INFO - Processing /opt/airflow/dags/extract_stock_data.py took 0.204 seconds
[2025-04-25T00:31:25.206+0000] {processor.py:186} INFO - Started process (PID=11783) to work on /opt/airflow/dags/extract_stock_data.py
[2025-04-25T00:31:25.207+0000] {processor.py:914} INFO - Processing file /opt/airflow/dags/extract_stock_data.py for tasks to queue
[2025-04-25T00:31:25.209+0000] {logging_mixin.py:190} INFO - [2025-04-25T00:31:25.209+0000] {dagbag.py:587} INFO - Filling up the DagBag from /opt/airflow/dags/extract_stock_data.py
[2025-04-25T00:31:25.274+0000] {processor.py:925} INFO - DAG(s) 'extract_stock_data' retrieved from /opt/airflow/dags/extract_stock_data.py
[2025-04-25T00:31:25.282+0000] {logging_mixin.py:190} INFO - [2025-04-25T00:31:25.282+0000] {dag.py:3229} INFO - Sync 1 DAGs
[2025-04-25T00:31:25.289+0000] {logging_mixin.py:190} INFO - [2025-04-25T00:31:25.289+0000] {dag.py:4156} INFO - Setting next_dagrun for extract_stock_data to 2025-04-23 09:00:00+00:00, run_after=2025-04-24 09:00:00+00:00
[2025-04-25T00:31:25.294+0000] {processor.py:208} INFO - Processing /opt/airflow/dags/extract_stock_data.py took 0.094 seconds
[2025-04-25T00:31:55.629+0000] {processor.py:186} INFO - Started process (PID=11793) to work on /opt/airflow/dags/extract_stock_data.py
[2025-04-25T00:31:55.630+0000] {processor.py:914} INFO - Processing file /opt/airflow/dags/extract_stock_data.py for tasks to queue
[2025-04-25T00:31:55.633+0000] {logging_mixin.py:190} INFO - [2025-04-25T00:31:55.632+0000] {dagbag.py:587} INFO - Filling up the DagBag from /opt/airflow/dags/extract_stock_data.py
[2025-04-25T00:31:55.696+0000] {processor.py:925} INFO - DAG(s) 'extract_stock_data' retrieved from /opt/airflow/dags/extract_stock_data.py
[2025-04-25T00:31:55.704+0000] {logging_mixin.py:190} INFO - [2025-04-25T00:31:55.704+0000] {dag.py:3229} INFO - Sync 1 DAGs
[2025-04-25T00:31:55.711+0000] {logging_mixin.py:190} INFO - [2025-04-25T00:31:55.711+0000] {dag.py:4156} INFO - Setting next_dagrun for extract_stock_data to 2025-04-23 09:00:00+00:00, run_after=2025-04-24 09:00:00+00:00
[2025-04-25T00:31:55.717+0000] {processor.py:208} INFO - Processing /opt/airflow/dags/extract_stock_data.py took 0.093 seconds
[2025-04-25T00:32:25.973+0000] {processor.py:186} INFO - Started process (PID=11803) to work on /opt/airflow/dags/extract_stock_data.py
[2025-04-25T00:32:25.973+0000] {processor.py:914} INFO - Processing file /opt/airflow/dags/extract_stock_data.py for tasks to queue
[2025-04-25T00:32:25.975+0000] {logging_mixin.py:190} INFO - [2025-04-25T00:32:25.975+0000] {dagbag.py:587} INFO - Filling up the DagBag from /opt/airflow/dags/extract_stock_data.py
[2025-04-25T00:32:26.043+0000] {processor.py:925} INFO - DAG(s) 'extract_stock_data' retrieved from /opt/airflow/dags/extract_stock_data.py
[2025-04-25T00:32:26.051+0000] {logging_mixin.py:190} INFO - [2025-04-25T00:32:26.051+0000] {dag.py:3229} INFO - Sync 1 DAGs
[2025-04-25T00:32:26.133+0000] {logging_mixin.py:190} INFO - [2025-04-25T00:32:26.133+0000] {dag.py:4156} INFO - Setting next_dagrun for extract_stock_data to 2025-04-23 09:00:00+00:00, run_after=2025-04-24 09:00:00+00:00
[2025-04-25T00:32:26.139+0000] {processor.py:208} INFO - Processing /opt/airflow/dags/extract_stock_data.py took 0.172 seconds
[2025-04-25T00:32:56.368+0000] {processor.py:186} INFO - Started process (PID=11813) to work on /opt/airflow/dags/extract_stock_data.py
[2025-04-25T00:32:56.369+0000] {processor.py:914} INFO - Processing file /opt/airflow/dags/extract_stock_data.py for tasks to queue
[2025-04-25T00:32:56.371+0000] {logging_mixin.py:190} INFO - [2025-04-25T00:32:56.371+0000] {dagbag.py:587} INFO - Filling up the DagBag from /opt/airflow/dags/extract_stock_data.py
[2025-04-25T00:32:56.437+0000] {processor.py:925} INFO - DAG(s) 'extract_stock_data' retrieved from /opt/airflow/dags/extract_stock_data.py
[2025-04-25T00:32:56.528+0000] {logging_mixin.py:190} INFO - [2025-04-25T00:32:56.528+0000] {dag.py:3229} INFO - Sync 1 DAGs
[2025-04-25T00:32:56.535+0000] {logging_mixin.py:190} INFO - [2025-04-25T00:32:56.535+0000] {dag.py:4156} INFO - Setting next_dagrun for extract_stock_data to 2025-04-23 09:00:00+00:00, run_after=2025-04-24 09:00:00+00:00
[2025-04-25T00:32:56.541+0000] {processor.py:208} INFO - Processing /opt/airflow/dags/extract_stock_data.py took 0.178 seconds
[2025-04-25T00:41:18.257+0000] {processor.py:186} INFO - Started process (PID=11823) to work on /opt/airflow/dags/extract_stock_data.py
[2025-04-25T00:41:18.258+0000] {processor.py:914} INFO - Processing file /opt/airflow/dags/extract_stock_data.py for tasks to queue
[2025-04-25T00:41:18.260+0000] {logging_mixin.py:190} INFO - [2025-04-25T00:41:18.260+0000] {dagbag.py:587} INFO - Filling up the DagBag from /opt/airflow/dags/extract_stock_data.py
[2025-04-25T00:41:18.336+0000] {processor.py:925} INFO - DAG(s) 'extract_stock_data' retrieved from /opt/airflow/dags/extract_stock_data.py
[2025-04-25T00:41:18.346+0000] {logging_mixin.py:190} INFO - [2025-04-25T00:41:18.346+0000] {dag.py:3229} INFO - Sync 1 DAGs
[2025-04-25T00:41:18.354+0000] {logging_mixin.py:190} INFO - [2025-04-25T00:41:18.354+0000] {dag.py:4156} INFO - Setting next_dagrun for extract_stock_data to 2025-04-23 09:00:00+00:00, run_after=2025-04-24 09:00:00+00:00
[2025-04-25T00:41:18.360+0000] {processor.py:208} INFO - Processing /opt/airflow/dags/extract_stock_data.py took 0.111 seconds
[2025-04-25T00:41:48.608+0000] {processor.py:186} INFO - Started process (PID=11833) to work on /opt/airflow/dags/extract_stock_data.py
[2025-04-25T00:41:48.609+0000] {processor.py:914} INFO - Processing file /opt/airflow/dags/extract_stock_data.py for tasks to queue
[2025-04-25T00:41:48.611+0000] {logging_mixin.py:190} INFO - [2025-04-25T00:41:48.611+0000] {dagbag.py:587} INFO - Filling up the DagBag from /opt/airflow/dags/extract_stock_data.py
[2025-04-25T00:41:48.675+0000] {processor.py:925} INFO - DAG(s) 'extract_stock_data' retrieved from /opt/airflow/dags/extract_stock_data.py
[2025-04-25T00:41:48.683+0000] {logging_mixin.py:190} INFO - [2025-04-25T00:41:48.683+0000] {dag.py:3229} INFO - Sync 1 DAGs
[2025-04-25T00:41:48.691+0000] {logging_mixin.py:190} INFO - [2025-04-25T00:41:48.691+0000] {dag.py:4156} INFO - Setting next_dagrun for extract_stock_data to 2025-04-23 09:00:00+00:00, run_after=2025-04-24 09:00:00+00:00
[2025-04-25T00:41:48.697+0000] {processor.py:208} INFO - Processing /opt/airflow/dags/extract_stock_data.py took 0.094 seconds
[2025-04-25T00:42:19.061+0000] {processor.py:186} INFO - Started process (PID=11843) to work on /opt/airflow/dags/extract_stock_data.py
[2025-04-25T00:42:19.061+0000] {processor.py:914} INFO - Processing file /opt/airflow/dags/extract_stock_data.py for tasks to queue
[2025-04-25T00:42:19.063+0000] {logging_mixin.py:190} INFO - [2025-04-25T00:42:19.063+0000] {dagbag.py:587} INFO - Filling up the DagBag from /opt/airflow/dags/extract_stock_data.py
[2025-04-25T00:42:19.131+0000] {processor.py:925} INFO - DAG(s) 'extract_stock_data' retrieved from /opt/airflow/dags/extract_stock_data.py
[2025-04-25T00:42:19.139+0000] {logging_mixin.py:190} INFO - [2025-04-25T00:42:19.139+0000] {dag.py:3229} INFO - Sync 1 DAGs
[2025-04-25T00:42:19.266+0000] {logging_mixin.py:190} INFO - [2025-04-25T00:42:19.266+0000] {dag.py:4156} INFO - Setting next_dagrun for extract_stock_data to 2025-04-23 09:00:00+00:00, run_after=2025-04-24 09:00:00+00:00
[2025-04-25T00:42:19.272+0000] {processor.py:208} INFO - Processing /opt/airflow/dags/extract_stock_data.py took 0.216 seconds
[2025-04-25T00:42:49.553+0000] {processor.py:186} INFO - Started process (PID=11853) to work on /opt/airflow/dags/extract_stock_data.py
[2025-04-25T00:42:49.554+0000] {processor.py:914} INFO - Processing file /opt/airflow/dags/extract_stock_data.py for tasks to queue
[2025-04-25T00:42:49.555+0000] {logging_mixin.py:190} INFO - [2025-04-25T00:42:49.555+0000] {dagbag.py:587} INFO - Filling up the DagBag from /opt/airflow/dags/extract_stock_data.py
[2025-04-25T00:42:49.614+0000] {processor.py:925} INFO - DAG(s) 'extract_stock_data' retrieved from /opt/airflow/dags/extract_stock_data.py
[2025-04-25T00:42:49.694+0000] {logging_mixin.py:190} INFO - [2025-04-25T00:42:49.693+0000] {dag.py:3229} INFO - Sync 1 DAGs
[2025-04-25T00:42:49.700+0000] {logging_mixin.py:190} INFO - [2025-04-25T00:42:49.700+0000] {dag.py:4156} INFO - Setting next_dagrun for extract_stock_data to 2025-04-23 09:00:00+00:00, run_after=2025-04-24 09:00:00+00:00
[2025-04-25T00:42:49.705+0000] {processor.py:208} INFO - Processing /opt/airflow/dags/extract_stock_data.py took 0.157 seconds
[2025-04-25T00:43:20.019+0000] {processor.py:186} INFO - Started process (PID=11863) to work on /opt/airflow/dags/extract_stock_data.py
[2025-04-25T00:43:20.019+0000] {processor.py:914} INFO - Processing file /opt/airflow/dags/extract_stock_data.py for tasks to queue
[2025-04-25T00:43:20.021+0000] {logging_mixin.py:190} INFO - [2025-04-25T00:43:20.021+0000] {dagbag.py:587} INFO - Filling up the DagBag from /opt/airflow/dags/extract_stock_data.py
[2025-04-25T00:43:20.081+0000] {processor.py:925} INFO - DAG(s) 'extract_stock_data' retrieved from /opt/airflow/dags/extract_stock_data.py
[2025-04-25T00:43:20.089+0000] {logging_mixin.py:190} INFO - [2025-04-25T00:43:20.089+0000] {dag.py:3229} INFO - Sync 1 DAGs
[2025-04-25T00:43:20.097+0000] {logging_mixin.py:190} INFO - [2025-04-25T00:43:20.096+0000] {dag.py:4156} INFO - Setting next_dagrun for extract_stock_data to 2025-04-23 09:00:00+00:00, run_after=2025-04-24 09:00:00+00:00
[2025-04-25T00:43:20.102+0000] {processor.py:208} INFO - Processing /opt/airflow/dags/extract_stock_data.py took 0.089 seconds
[2025-04-25T00:46:16.222+0000] {processor.py:186} INFO - Started process (PID=11873) to work on /opt/airflow/dags/extract_stock_data.py
[2025-04-25T00:46:16.223+0000] {processor.py:914} INFO - Processing file /opt/airflow/dags/extract_stock_data.py for tasks to queue
[2025-04-25T00:46:16.224+0000] {logging_mixin.py:190} INFO - [2025-04-25T00:46:16.224+0000] {dagbag.py:587} INFO - Filling up the DagBag from /opt/airflow/dags/extract_stock_data.py
[2025-04-25T00:46:16.289+0000] {processor.py:925} INFO - DAG(s) 'extract_stock_data' retrieved from /opt/airflow/dags/extract_stock_data.py
[2025-04-25T00:46:16.297+0000] {logging_mixin.py:190} INFO - [2025-04-25T00:46:16.297+0000] {dag.py:3229} INFO - Sync 1 DAGs
[2025-04-25T00:46:16.306+0000] {logging_mixin.py:190} INFO - [2025-04-25T00:46:16.306+0000] {dag.py:4156} INFO - Setting next_dagrun for extract_stock_data to 2025-04-23 09:00:00+00:00, run_after=2025-04-24 09:00:00+00:00
[2025-04-25T00:46:16.313+0000] {processor.py:208} INFO - Processing /opt/airflow/dags/extract_stock_data.py took 0.097 seconds
[2025-04-25T00:46:46.623+0000] {processor.py:186} INFO - Started process (PID=11883) to work on /opt/airflow/dags/extract_stock_data.py
[2025-04-25T00:46:46.624+0000] {processor.py:914} INFO - Processing file /opt/airflow/dags/extract_stock_data.py for tasks to queue
[2025-04-25T00:46:46.625+0000] {logging_mixin.py:190} INFO - [2025-04-25T00:46:46.625+0000] {dagbag.py:587} INFO - Filling up the DagBag from /opt/airflow/dags/extract_stock_data.py
[2025-04-25T00:46:46.689+0000] {processor.py:925} INFO - DAG(s) 'extract_stock_data' retrieved from /opt/airflow/dags/extract_stock_data.py
[2025-04-25T00:46:46.697+0000] {logging_mixin.py:190} INFO - [2025-04-25T00:46:46.697+0000] {dag.py:3229} INFO - Sync 1 DAGs
[2025-04-25T00:46:46.778+0000] {logging_mixin.py:190} INFO - [2025-04-25T00:46:46.778+0000] {dag.py:4156} INFO - Setting next_dagrun for extract_stock_data to 2025-04-23 09:00:00+00:00, run_after=2025-04-24 09:00:00+00:00
[2025-04-25T00:46:46.784+0000] {processor.py:208} INFO - Processing /opt/airflow/dags/extract_stock_data.py took 0.167 seconds
[2025-04-25T00:47:17.116+0000] {processor.py:186} INFO - Started process (PID=11893) to work on /opt/airflow/dags/extract_stock_data.py
[2025-04-25T00:47:17.117+0000] {processor.py:914} INFO - Processing file /opt/airflow/dags/extract_stock_data.py for tasks to queue
[2025-04-25T00:47:17.118+0000] {logging_mixin.py:190} INFO - [2025-04-25T00:47:17.118+0000] {dagbag.py:587} INFO - Filling up the DagBag from /opt/airflow/dags/extract_stock_data.py
[2025-04-25T00:47:17.179+0000] {processor.py:925} INFO - DAG(s) 'extract_stock_data' retrieved from /opt/airflow/dags/extract_stock_data.py
[2025-04-25T00:47:17.256+0000] {logging_mixin.py:190} INFO - [2025-04-25T00:47:17.255+0000] {dag.py:3229} INFO - Sync 1 DAGs
[2025-04-25T00:47:17.262+0000] {logging_mixin.py:190} INFO - [2025-04-25T00:47:17.262+0000] {dag.py:4156} INFO - Setting next_dagrun for extract_stock_data to 2025-04-23 09:00:00+00:00, run_after=2025-04-24 09:00:00+00:00
[2025-04-25T00:47:17.267+0000] {processor.py:208} INFO - Processing /opt/airflow/dags/extract_stock_data.py took 0.155 seconds
[2025-04-25T00:47:47.604+0000] {processor.py:186} INFO - Started process (PID=11903) to work on /opt/airflow/dags/extract_stock_data.py
[2025-04-25T00:47:47.605+0000] {processor.py:914} INFO - Processing file /opt/airflow/dags/extract_stock_data.py for tasks to queue
[2025-04-25T00:47:47.607+0000] {logging_mixin.py:190} INFO - [2025-04-25T00:47:47.607+0000] {dagbag.py:587} INFO - Filling up the DagBag from /opt/airflow/dags/extract_stock_data.py
[2025-04-25T00:47:47.673+0000] {processor.py:925} INFO - DAG(s) 'extract_stock_data' retrieved from /opt/airflow/dags/extract_stock_data.py
[2025-04-25T00:47:47.681+0000] {logging_mixin.py:190} INFO - [2025-04-25T00:47:47.680+0000] {dag.py:3229} INFO - Sync 1 DAGs
[2025-04-25T00:47:47.688+0000] {logging_mixin.py:190} INFO - [2025-04-25T00:47:47.688+0000] {dag.py:4156} INFO - Setting next_dagrun for extract_stock_data to 2025-04-23 09:00:00+00:00, run_after=2025-04-24 09:00:00+00:00
[2025-04-25T00:47:47.693+0000] {processor.py:208} INFO - Processing /opt/airflow/dags/extract_stock_data.py took 0.094 seconds
[2025-04-25T00:52:55.585+0000] {processor.py:186} INFO - Started process (PID=11913) to work on /opt/airflow/dags/extract_stock_data.py
[2025-04-25T00:52:55.586+0000] {processor.py:914} INFO - Processing file /opt/airflow/dags/extract_stock_data.py for tasks to queue
[2025-04-25T00:52:55.587+0000] {logging_mixin.py:190} INFO - [2025-04-25T00:52:55.587+0000] {dagbag.py:587} INFO - Filling up the DagBag from /opt/airflow/dags/extract_stock_data.py
[2025-04-25T00:52:55.646+0000] {processor.py:925} INFO - DAG(s) 'extract_stock_data' retrieved from /opt/airflow/dags/extract_stock_data.py
[2025-04-25T00:52:55.654+0000] {logging_mixin.py:190} INFO - [2025-04-25T00:52:55.654+0000] {dag.py:3229} INFO - Sync 1 DAGs
[2025-04-25T00:52:55.661+0000] {logging_mixin.py:190} INFO - [2025-04-25T00:52:55.661+0000] {dag.py:4156} INFO - Setting next_dagrun for extract_stock_data to 2025-04-23 09:00:00+00:00, run_after=2025-04-24 09:00:00+00:00
[2025-04-25T00:52:55.667+0000] {processor.py:208} INFO - Processing /opt/airflow/dags/extract_stock_data.py took 0.086 seconds
[2025-04-25T01:00:57.316+0000] {processor.py:186} INFO - Started process (PID=11923) to work on /opt/airflow/dags/extract_stock_data.py
[2025-04-25T01:00:57.317+0000] {processor.py:914} INFO - Processing file /opt/airflow/dags/extract_stock_data.py for tasks to queue
[2025-04-25T01:00:57.320+0000] {logging_mixin.py:190} INFO - [2025-04-25T01:00:57.320+0000] {dagbag.py:587} INFO - Filling up the DagBag from /opt/airflow/dags/extract_stock_data.py
[2025-04-25T01:00:57.395+0000] {processor.py:925} INFO - DAG(s) 'extract_stock_data' retrieved from /opt/airflow/dags/extract_stock_data.py
[2025-04-25T01:00:57.405+0000] {logging_mixin.py:190} INFO - [2025-04-25T01:00:57.404+0000] {dag.py:3229} INFO - Sync 1 DAGs
[2025-04-25T01:00:57.487+0000] {logging_mixin.py:190} INFO - [2025-04-25T01:00:57.487+0000] {dag.py:4156} INFO - Setting next_dagrun for extract_stock_data to 2025-04-23 09:00:00+00:00, run_after=2025-04-24 09:00:00+00:00
[2025-04-25T01:00:57.492+0000] {processor.py:208} INFO - Processing /opt/airflow/dags/extract_stock_data.py took 0.188 seconds
[2025-04-25T01:19:20.020+0000] {processor.py:186} INFO - Started process (PID=11933) to work on /opt/airflow/dags/extract_stock_data.py
[2025-04-25T01:19:20.021+0000] {processor.py:914} INFO - Processing file /opt/airflow/dags/extract_stock_data.py for tasks to queue
[2025-04-25T01:19:20.022+0000] {logging_mixin.py:190} INFO - [2025-04-25T01:19:20.022+0000] {dagbag.py:587} INFO - Filling up the DagBag from /opt/airflow/dags/extract_stock_data.py
[2025-04-25T01:19:20.082+0000] {processor.py:925} INFO - DAG(s) 'extract_stock_data' retrieved from /opt/airflow/dags/extract_stock_data.py
[2025-04-25T01:19:20.159+0000] {logging_mixin.py:190} INFO - [2025-04-25T01:19:20.159+0000] {dag.py:3229} INFO - Sync 1 DAGs
[2025-04-25T01:19:20.166+0000] {logging_mixin.py:190} INFO - [2025-04-25T01:19:20.166+0000] {dag.py:4156} INFO - Setting next_dagrun for extract_stock_data to 2025-04-23 09:00:00+00:00, run_after=2025-04-24 09:00:00+00:00
[2025-04-25T01:19:20.171+0000] {processor.py:208} INFO - Processing /opt/airflow/dags/extract_stock_data.py took 0.155 seconds
[2025-04-25T01:25:32.658+0000] {processor.py:186} INFO - Started process (PID=11943) to work on /opt/airflow/dags/extract_stock_data.py
[2025-04-25T01:25:32.659+0000] {processor.py:914} INFO - Processing file /opt/airflow/dags/extract_stock_data.py for tasks to queue
[2025-04-25T01:25:32.660+0000] {logging_mixin.py:190} INFO - [2025-04-25T01:25:32.660+0000] {dagbag.py:587} INFO - Filling up the DagBag from /opt/airflow/dags/extract_stock_data.py
[2025-04-25T01:25:32.720+0000] {processor.py:925} INFO - DAG(s) 'extract_stock_data' retrieved from /opt/airflow/dags/extract_stock_data.py
[2025-04-25T01:25:32.728+0000] {logging_mixin.py:190} INFO - [2025-04-25T01:25:32.728+0000] {dag.py:3229} INFO - Sync 1 DAGs
[2025-04-25T01:25:32.735+0000] {logging_mixin.py:190} INFO - [2025-04-25T01:25:32.735+0000] {dag.py:4156} INFO - Setting next_dagrun for extract_stock_data to 2025-04-23 09:00:00+00:00, run_after=2025-04-24 09:00:00+00:00
[2025-04-25T01:25:32.740+0000] {processor.py:208} INFO - Processing /opt/airflow/dags/extract_stock_data.py took 0.086 seconds
[2025-04-25T01:26:48.631+0000] {processor.py:186} INFO - Started process (PID=11953) to work on /opt/airflow/dags/extract_stock_data.py
[2025-04-25T01:26:48.631+0000] {processor.py:914} INFO - Processing file /opt/airflow/dags/extract_stock_data.py for tasks to queue
[2025-04-25T01:26:48.633+0000] {logging_mixin.py:190} INFO - [2025-04-25T01:26:48.632+0000] {dagbag.py:587} INFO - Filling up the DagBag from /opt/airflow/dags/extract_stock_data.py
[2025-04-25T01:26:48.693+0000] {processor.py:925} INFO - DAG(s) 'extract_stock_data' retrieved from /opt/airflow/dags/extract_stock_data.py
[2025-04-25T01:26:48.700+0000] {logging_mixin.py:190} INFO - [2025-04-25T01:26:48.700+0000] {dag.py:3229} INFO - Sync 1 DAGs
[2025-04-25T01:26:48.708+0000] {logging_mixin.py:190} INFO - [2025-04-25T01:26:48.708+0000] {dag.py:4156} INFO - Setting next_dagrun for extract_stock_data to 2025-04-23 09:00:00+00:00, run_after=2025-04-24 09:00:00+00:00
[2025-04-25T01:26:48.713+0000] {processor.py:208} INFO - Processing /opt/airflow/dags/extract_stock_data.py took 0.089 seconds
[2025-04-25T02:10:03.191+0000] {processor.py:186} INFO - Started process (PID=11963) to work on /opt/airflow/dags/extract_stock_data.py
[2025-04-25T02:10:03.192+0000] {processor.py:914} INFO - Processing file /opt/airflow/dags/extract_stock_data.py for tasks to queue
[2025-04-25T02:10:03.195+0000] {logging_mixin.py:190} INFO - [2025-04-25T02:10:03.194+0000] {dagbag.py:587} INFO - Filling up the DagBag from /opt/airflow/dags/extract_stock_data.py
[2025-04-25T02:10:03.378+0000] {processor.py:925} INFO - DAG(s) 'extract_stock_data' retrieved from /opt/airflow/dags/extract_stock_data.py
[2025-04-25T02:10:03.392+0000] {logging_mixin.py:190} INFO - [2025-04-25T02:10:03.392+0000] {dag.py:3229} INFO - Sync 1 DAGs
[2025-04-25T02:10:03.542+0000] {logging_mixin.py:190} INFO - [2025-04-25T02:10:03.542+0000] {dag.py:4156} INFO - Setting next_dagrun for extract_stock_data to 2025-04-23 09:00:00+00:00, run_after=2025-04-24 09:00:00+00:00
[2025-04-25T02:10:03.548+0000] {processor.py:208} INFO - Processing /opt/airflow/dags/extract_stock_data.py took 0.362 seconds
[2025-04-25T02:27:36.395+0000] {processor.py:186} INFO - Started process (PID=11973) to work on /opt/airflow/dags/extract_stock_data.py
[2025-04-25T02:27:36.395+0000] {processor.py:914} INFO - Processing file /opt/airflow/dags/extract_stock_data.py for tasks to queue
[2025-04-25T02:27:36.397+0000] {logging_mixin.py:190} INFO - [2025-04-25T02:27:36.397+0000] {dagbag.py:587} INFO - Filling up the DagBag from /opt/airflow/dags/extract_stock_data.py
[2025-04-25T02:27:36.456+0000] {processor.py:925} INFO - DAG(s) 'extract_stock_data' retrieved from /opt/airflow/dags/extract_stock_data.py
[2025-04-25T02:27:36.531+0000] {logging_mixin.py:190} INFO - [2025-04-25T02:27:36.531+0000] {dag.py:3229} INFO - Sync 1 DAGs
[2025-04-25T02:27:36.538+0000] {logging_mixin.py:190} INFO - [2025-04-25T02:27:36.538+0000] {dag.py:4156} INFO - Setting next_dagrun for extract_stock_data to 2025-04-23 09:00:00+00:00, run_after=2025-04-24 09:00:00+00:00
[2025-04-25T02:27:36.543+0000] {processor.py:208} INFO - Processing /opt/airflow/dags/extract_stock_data.py took 0.153 seconds
[2025-04-25T03:37:34.119+0000] {processor.py:186} INFO - Started process (PID=11983) to work on /opt/airflow/dags/extract_stock_data.py
[2025-04-25T03:37:34.120+0000] {processor.py:914} INFO - Processing file /opt/airflow/dags/extract_stock_data.py for tasks to queue
[2025-04-25T03:37:34.123+0000] {logging_mixin.py:190} INFO - [2025-04-25T03:37:34.122+0000] {dagbag.py:587} INFO - Filling up the DagBag from /opt/airflow/dags/extract_stock_data.py
[2025-04-25T03:37:34.187+0000] {processor.py:925} INFO - DAG(s) 'extract_stock_data' retrieved from /opt/airflow/dags/extract_stock_data.py
[2025-04-25T03:37:34.197+0000] {logging_mixin.py:190} INFO - [2025-04-25T03:37:34.197+0000] {dag.py:3229} INFO - Sync 1 DAGs
[2025-04-25T03:37:34.206+0000] {logging_mixin.py:190} INFO - [2025-04-25T03:37:34.206+0000] {dag.py:4156} INFO - Setting next_dagrun for extract_stock_data to 2025-04-23 09:00:00+00:00, run_after=2025-04-24 09:00:00+00:00
[2025-04-25T03:37:34.213+0000] {processor.py:208} INFO - Processing /opt/airflow/dags/extract_stock_data.py took 0.099 seconds
[2025-04-25T03:49:35.260+0000] {processor.py:186} INFO - Started process (PID=11993) to work on /opt/airflow/dags/extract_stock_data.py
[2025-04-25T03:49:35.261+0000] {processor.py:914} INFO - Processing file /opt/airflow/dags/extract_stock_data.py for tasks to queue
[2025-04-25T03:49:35.262+0000] {logging_mixin.py:190} INFO - [2025-04-25T03:49:35.262+0000] {dagbag.py:587} INFO - Filling up the DagBag from /opt/airflow/dags/extract_stock_data.py
[2025-04-25T03:49:35.322+0000] {processor.py:925} INFO - DAG(s) 'extract_stock_data' retrieved from /opt/airflow/dags/extract_stock_data.py
[2025-04-25T03:49:35.331+0000] {logging_mixin.py:190} INFO - [2025-04-25T03:49:35.330+0000] {dag.py:3229} INFO - Sync 1 DAGs
[2025-04-25T03:49:35.338+0000] {logging_mixin.py:190} INFO - [2025-04-25T03:49:35.338+0000] {dag.py:4156} INFO - Setting next_dagrun for extract_stock_data to 2025-04-23 09:00:00+00:00, run_after=2025-04-24 09:00:00+00:00
[2025-04-25T03:49:35.344+0000] {processor.py:208} INFO - Processing /opt/airflow/dags/extract_stock_data.py took 0.090 seconds
[2025-04-25T04:41:54.652+0000] {processor.py:186} INFO - Started process (PID=12003) to work on /opt/airflow/dags/extract_stock_data.py
[2025-04-25T04:41:54.652+0000] {processor.py:914} INFO - Processing file /opt/airflow/dags/extract_stock_data.py for tasks to queue
[2025-04-25T04:41:54.654+0000] {logging_mixin.py:190} INFO - [2025-04-25T04:41:54.654+0000] {dagbag.py:587} INFO - Filling up the DagBag from /opt/airflow/dags/extract_stock_data.py
[2025-04-25T04:41:54.714+0000] {processor.py:925} INFO - DAG(s) 'extract_stock_data' retrieved from /opt/airflow/dags/extract_stock_data.py
[2025-04-25T04:41:54.722+0000] {logging_mixin.py:190} INFO - [2025-04-25T04:41:54.722+0000] {dag.py:3229} INFO - Sync 1 DAGs
[2025-04-25T04:41:54.818+0000] {logging_mixin.py:190} INFO - [2025-04-25T04:41:54.818+0000] {dag.py:4156} INFO - Setting next_dagrun for extract_stock_data to 2025-04-23 09:00:00+00:00, run_after=2025-04-24 09:00:00+00:00
[2025-04-25T04:41:54.823+0000] {processor.py:208} INFO - Processing /opt/airflow/dags/extract_stock_data.py took 0.176 seconds
[2025-04-25T05:05:47.386+0000] {processor.py:186} INFO - Started process (PID=12013) to work on /opt/airflow/dags/extract_stock_data.py
[2025-04-25T05:05:47.387+0000] {processor.py:914} INFO - Processing file /opt/airflow/dags/extract_stock_data.py for tasks to queue
[2025-04-25T05:05:47.388+0000] {logging_mixin.py:190} INFO - [2025-04-25T05:05:47.388+0000] {dagbag.py:587} INFO - Filling up the DagBag from /opt/airflow/dags/extract_stock_data.py
[2025-04-25T05:05:47.455+0000] {processor.py:925} INFO - DAG(s) 'extract_stock_data' retrieved from /opt/airflow/dags/extract_stock_data.py
[2025-04-25T05:05:47.545+0000] {logging_mixin.py:190} INFO - [2025-04-25T05:05:47.544+0000] {dag.py:3229} INFO - Sync 1 DAGs
[2025-04-25T05:05:47.552+0000] {logging_mixin.py:190} INFO - [2025-04-25T05:05:47.551+0000] {dag.py:4156} INFO - Setting next_dagrun for extract_stock_data to 2025-04-23 09:00:00+00:00, run_after=2025-04-24 09:00:00+00:00
[2025-04-25T05:05:47.557+0000] {processor.py:208} INFO - Processing /opt/airflow/dags/extract_stock_data.py took 0.175 seconds
[2025-04-25T05:26:57.457+0000] {processor.py:186} INFO - Started process (PID=12023) to work on /opt/airflow/dags/extract_stock_data.py
[2025-04-25T05:26:57.458+0000] {processor.py:914} INFO - Processing file /opt/airflow/dags/extract_stock_data.py for tasks to queue
[2025-04-25T05:26:57.461+0000] {logging_mixin.py:190} INFO - [2025-04-25T05:26:57.461+0000] {dagbag.py:587} INFO - Filling up the DagBag from /opt/airflow/dags/extract_stock_data.py
[2025-04-25T05:26:57.540+0000] {processor.py:925} INFO - DAG(s) 'extract_stock_data' retrieved from /opt/airflow/dags/extract_stock_data.py
[2025-04-25T05:26:57.549+0000] {logging_mixin.py:190} INFO - [2025-04-25T05:26:57.549+0000] {dag.py:3229} INFO - Sync 1 DAGs
[2025-04-25T05:26:57.557+0000] {logging_mixin.py:190} INFO - [2025-04-25T05:26:57.557+0000] {dag.py:4156} INFO - Setting next_dagrun for extract_stock_data to 2025-04-23 09:00:00+00:00, run_after=2025-04-24 09:00:00+00:00
[2025-04-25T05:26:57.563+0000] {processor.py:208} INFO - Processing /opt/airflow/dags/extract_stock_data.py took 0.113 seconds
[2025-04-25T05:27:27.857+0000] {processor.py:186} INFO - Started process (PID=12033) to work on /opt/airflow/dags/extract_stock_data.py
[2025-04-25T05:27:27.858+0000] {processor.py:914} INFO - Processing file /opt/airflow/dags/extract_stock_data.py for tasks to queue
[2025-04-25T05:27:27.860+0000] {logging_mixin.py:190} INFO - [2025-04-25T05:27:27.860+0000] {dagbag.py:587} INFO - Filling up the DagBag from /opt/airflow/dags/extract_stock_data.py
[2025-04-25T05:27:27.926+0000] {processor.py:925} INFO - DAG(s) 'extract_stock_data' retrieved from /opt/airflow/dags/extract_stock_data.py
[2025-04-25T05:27:27.934+0000] {logging_mixin.py:190} INFO - [2025-04-25T05:27:27.934+0000] {dag.py:3229} INFO - Sync 1 DAGs
[2025-04-25T05:27:27.941+0000] {logging_mixin.py:190} INFO - [2025-04-25T05:27:27.941+0000] {dag.py:4156} INFO - Setting next_dagrun for extract_stock_data to 2025-04-23 09:00:00+00:00, run_after=2025-04-24 09:00:00+00:00
[2025-04-25T05:27:27.947+0000] {processor.py:208} INFO - Processing /opt/airflow/dags/extract_stock_data.py took 0.097 seconds
[2025-04-25T05:27:58.275+0000] {processor.py:186} INFO - Started process (PID=12043) to work on /opt/airflow/dags/extract_stock_data.py
[2025-04-25T05:27:58.276+0000] {processor.py:914} INFO - Processing file /opt/airflow/dags/extract_stock_data.py for tasks to queue
[2025-04-25T05:27:58.278+0000] {logging_mixin.py:190} INFO - [2025-04-25T05:27:58.277+0000] {dagbag.py:587} INFO - Filling up the DagBag from /opt/airflow/dags/extract_stock_data.py
[2025-04-25T05:27:58.343+0000] {processor.py:925} INFO - DAG(s) 'extract_stock_data' retrieved from /opt/airflow/dags/extract_stock_data.py
[2025-04-25T05:27:58.352+0000] {logging_mixin.py:190} INFO - [2025-04-25T05:27:58.351+0000] {dag.py:3229} INFO - Sync 1 DAGs
[2025-04-25T05:27:58.434+0000] {logging_mixin.py:190} INFO - [2025-04-25T05:27:58.434+0000] {dag.py:4156} INFO - Setting next_dagrun for extract_stock_data to 2025-04-23 09:00:00+00:00, run_after=2025-04-24 09:00:00+00:00
[2025-04-25T05:27:58.439+0000] {processor.py:208} INFO - Processing /opt/airflow/dags/extract_stock_data.py took 0.171 seconds
[2025-04-25T05:28:28.671+0000] {processor.py:186} INFO - Started process (PID=12053) to work on /opt/airflow/dags/extract_stock_data.py
[2025-04-25T05:28:28.673+0000] {processor.py:914} INFO - Processing file /opt/airflow/dags/extract_stock_data.py for tasks to queue
[2025-04-25T05:28:28.675+0000] {logging_mixin.py:190} INFO - [2025-04-25T05:28:28.675+0000] {dagbag.py:587} INFO - Filling up the DagBag from /opt/airflow/dags/extract_stock_data.py
[2025-04-25T05:28:28.743+0000] {processor.py:925} INFO - DAG(s) 'extract_stock_data' retrieved from /opt/airflow/dags/extract_stock_data.py
[2025-04-25T05:28:28.823+0000] {logging_mixin.py:190} INFO - [2025-04-25T05:28:28.823+0000] {dag.py:3229} INFO - Sync 1 DAGs
[2025-04-25T05:28:28.830+0000] {logging_mixin.py:190} INFO - [2025-04-25T05:28:28.830+0000] {dag.py:4156} INFO - Setting next_dagrun for extract_stock_data to 2025-04-23 09:00:00+00:00, run_after=2025-04-24 09:00:00+00:00
[2025-04-25T05:28:28.835+0000] {processor.py:208} INFO - Processing /opt/airflow/dags/extract_stock_data.py took 0.170 seconds
[2025-04-25T05:28:59.064+0000] {processor.py:186} INFO - Started process (PID=12063) to work on /opt/airflow/dags/extract_stock_data.py
[2025-04-25T05:28:59.065+0000] {processor.py:914} INFO - Processing file /opt/airflow/dags/extract_stock_data.py for tasks to queue
[2025-04-25T05:28:59.066+0000] {logging_mixin.py:190} INFO - [2025-04-25T05:28:59.066+0000] {dagbag.py:587} INFO - Filling up the DagBag from /opt/airflow/dags/extract_stock_data.py
[2025-04-25T05:28:59.127+0000] {processor.py:925} INFO - DAG(s) 'extract_stock_data' retrieved from /opt/airflow/dags/extract_stock_data.py
[2025-04-25T05:28:59.135+0000] {logging_mixin.py:190} INFO - [2025-04-25T05:28:59.135+0000] {dag.py:3229} INFO - Sync 1 DAGs
[2025-04-25T05:28:59.143+0000] {logging_mixin.py:190} INFO - [2025-04-25T05:28:59.142+0000] {dag.py:4156} INFO - Setting next_dagrun for extract_stock_data to 2025-04-23 09:00:00+00:00, run_after=2025-04-24 09:00:00+00:00
[2025-04-25T05:28:59.148+0000] {processor.py:208} INFO - Processing /opt/airflow/dags/extract_stock_data.py took 0.089 seconds
[2025-04-25T05:29:29.467+0000] {processor.py:186} INFO - Started process (PID=12073) to work on /opt/airflow/dags/extract_stock_data.py
[2025-04-25T05:29:29.468+0000] {processor.py:914} INFO - Processing file /opt/airflow/dags/extract_stock_data.py for tasks to queue
[2025-04-25T05:29:29.469+0000] {logging_mixin.py:190} INFO - [2025-04-25T05:29:29.469+0000] {dagbag.py:587} INFO - Filling up the DagBag from /opt/airflow/dags/extract_stock_data.py
[2025-04-25T05:29:29.534+0000] {processor.py:925} INFO - DAG(s) 'extract_stock_data' retrieved from /opt/airflow/dags/extract_stock_data.py
[2025-04-25T05:29:29.542+0000] {logging_mixin.py:190} INFO - [2025-04-25T05:29:29.542+0000] {dag.py:3229} INFO - Sync 1 DAGs
[2025-04-25T05:29:29.550+0000] {logging_mixin.py:190} INFO - [2025-04-25T05:29:29.550+0000] {dag.py:4156} INFO - Setting next_dagrun for extract_stock_data to 2025-04-23 09:00:00+00:00, run_after=2025-04-24 09:00:00+00:00
[2025-04-25T05:29:29.556+0000] {processor.py:208} INFO - Processing /opt/airflow/dags/extract_stock_data.py took 0.095 seconds
[2025-04-25T05:29:59.861+0000] {processor.py:186} INFO - Started process (PID=12083) to work on /opt/airflow/dags/extract_stock_data.py
[2025-04-25T05:29:59.862+0000] {processor.py:914} INFO - Processing file /opt/airflow/dags/extract_stock_data.py for tasks to queue
[2025-04-25T05:29:59.863+0000] {logging_mixin.py:190} INFO - [2025-04-25T05:29:59.863+0000] {dagbag.py:587} INFO - Filling up the DagBag from /opt/airflow/dags/extract_stock_data.py
[2025-04-25T05:29:59.923+0000] {processor.py:925} INFO - DAG(s) 'extract_stock_data' retrieved from /opt/airflow/dags/extract_stock_data.py
[2025-04-25T05:29:59.930+0000] {logging_mixin.py:190} INFO - [2025-04-25T05:29:59.930+0000] {dag.py:3229} INFO - Sync 1 DAGs
[2025-04-25T05:30:00.007+0000] {logging_mixin.py:190} INFO - [2025-04-25T05:30:00.007+0000] {dag.py:4156} INFO - Setting next_dagrun for extract_stock_data to 2025-04-23 09:00:00+00:00, run_after=2025-04-24 09:00:00+00:00
[2025-04-25T05:30:00.012+0000] {processor.py:208} INFO - Processing /opt/airflow/dags/extract_stock_data.py took 0.156 seconds
[2025-04-25T05:30:30.286+0000] {processor.py:186} INFO - Started process (PID=12093) to work on /opt/airflow/dags/extract_stock_data.py
[2025-04-25T05:30:30.287+0000] {processor.py:914} INFO - Processing file /opt/airflow/dags/extract_stock_data.py for tasks to queue
[2025-04-25T05:30:30.289+0000] {logging_mixin.py:190} INFO - [2025-04-25T05:30:30.289+0000] {dagbag.py:587} INFO - Filling up the DagBag from /opt/airflow/dags/extract_stock_data.py
[2025-04-25T05:30:30.353+0000] {processor.py:925} INFO - DAG(s) 'extract_stock_data' retrieved from /opt/airflow/dags/extract_stock_data.py
[2025-04-25T05:30:30.433+0000] {logging_mixin.py:190} INFO - [2025-04-25T05:30:30.433+0000] {dag.py:3229} INFO - Sync 1 DAGs
[2025-04-25T05:30:30.440+0000] {logging_mixin.py:190} INFO - [2025-04-25T05:30:30.440+0000] {dag.py:4156} INFO - Setting next_dagrun for extract_stock_data to 2025-04-23 09:00:00+00:00, run_after=2025-04-24 09:00:00+00:00
[2025-04-25T05:30:30.446+0000] {processor.py:208} INFO - Processing /opt/airflow/dags/extract_stock_data.py took 0.165 seconds
[2025-04-25T05:31:00.681+0000] {processor.py:186} INFO - Started process (PID=12103) to work on /opt/airflow/dags/extract_stock_data.py
[2025-04-25T05:31:00.682+0000] {processor.py:914} INFO - Processing file /opt/airflow/dags/extract_stock_data.py for tasks to queue
[2025-04-25T05:31:00.685+0000] {logging_mixin.py:190} INFO - [2025-04-25T05:31:00.685+0000] {dagbag.py:587} INFO - Filling up the DagBag from /opt/airflow/dags/extract_stock_data.py
[2025-04-25T05:31:00.753+0000] {processor.py:925} INFO - DAG(s) 'extract_stock_data' retrieved from /opt/airflow/dags/extract_stock_data.py
[2025-04-25T05:31:00.760+0000] {logging_mixin.py:190} INFO - [2025-04-25T05:31:00.760+0000] {dag.py:3229} INFO - Sync 1 DAGs
[2025-04-25T05:31:00.768+0000] {logging_mixin.py:190} INFO - [2025-04-25T05:31:00.768+0000] {dag.py:4156} INFO - Setting next_dagrun for extract_stock_data to 2025-04-23 09:00:00+00:00, run_after=2025-04-24 09:00:00+00:00
[2025-04-25T05:31:00.772+0000] {processor.py:208} INFO - Processing /opt/airflow/dags/extract_stock_data.py took 0.099 seconds
[2025-04-25T05:31:31.106+0000] {processor.py:186} INFO - Started process (PID=12113) to work on /opt/airflow/dags/extract_stock_data.py
[2025-04-25T05:31:31.106+0000] {processor.py:914} INFO - Processing file /opt/airflow/dags/extract_stock_data.py for tasks to queue
[2025-04-25T05:31:31.109+0000] {logging_mixin.py:190} INFO - [2025-04-25T05:31:31.108+0000] {dagbag.py:587} INFO - Filling up the DagBag from /opt/airflow/dags/extract_stock_data.py
[2025-04-25T05:31:31.176+0000] {processor.py:925} INFO - DAG(s) 'extract_stock_data' retrieved from /opt/airflow/dags/extract_stock_data.py
[2025-04-25T05:31:31.184+0000] {logging_mixin.py:190} INFO - [2025-04-25T05:31:31.184+0000] {dag.py:3229} INFO - Sync 1 DAGs
[2025-04-25T05:31:31.191+0000] {logging_mixin.py:190} INFO - [2025-04-25T05:31:31.191+0000] {dag.py:4156} INFO - Setting next_dagrun for extract_stock_data to 2025-04-23 09:00:00+00:00, run_after=2025-04-24 09:00:00+00:00
[2025-04-25T05:31:31.197+0000] {processor.py:208} INFO - Processing /opt/airflow/dags/extract_stock_data.py took 0.096 seconds
[2025-04-25T05:32:01.518+0000] {processor.py:186} INFO - Started process (PID=12123) to work on /opt/airflow/dags/extract_stock_data.py
[2025-04-25T05:32:01.519+0000] {processor.py:914} INFO - Processing file /opt/airflow/dags/extract_stock_data.py for tasks to queue
[2025-04-25T05:32:01.521+0000] {logging_mixin.py:190} INFO - [2025-04-25T05:32:01.520+0000] {dagbag.py:587} INFO - Filling up the DagBag from /opt/airflow/dags/extract_stock_data.py
[2025-04-25T05:32:01.593+0000] {processor.py:925} INFO - DAG(s) 'extract_stock_data' retrieved from /opt/airflow/dags/extract_stock_data.py
[2025-04-25T05:32:01.602+0000] {logging_mixin.py:190} INFO - [2025-04-25T05:32:01.602+0000] {dag.py:3229} INFO - Sync 1 DAGs
[2025-04-25T05:32:01.703+0000] {logging_mixin.py:190} INFO - [2025-04-25T05:32:01.703+0000] {dag.py:4156} INFO - Setting next_dagrun for extract_stock_data to 2025-04-23 09:00:00+00:00, run_after=2025-04-24 09:00:00+00:00
[2025-04-25T05:32:01.709+0000] {processor.py:208} INFO - Processing /opt/airflow/dags/extract_stock_data.py took 0.197 seconds
[2025-04-25T05:32:31.903+0000] {processor.py:186} INFO - Started process (PID=12133) to work on /opt/airflow/dags/extract_stock_data.py
[2025-04-25T05:32:31.904+0000] {processor.py:914} INFO - Processing file /opt/airflow/dags/extract_stock_data.py for tasks to queue
[2025-04-25T05:32:31.906+0000] {logging_mixin.py:190} INFO - [2025-04-25T05:32:31.906+0000] {dagbag.py:587} INFO - Filling up the DagBag from /opt/airflow/dags/extract_stock_data.py
[2025-04-25T05:32:31.974+0000] {processor.py:925} INFO - DAG(s) 'extract_stock_data' retrieved from /opt/airflow/dags/extract_stock_data.py
[2025-04-25T05:32:32.063+0000] {logging_mixin.py:190} INFO - [2025-04-25T05:32:32.063+0000] {dag.py:3229} INFO - Sync 1 DAGs
[2025-04-25T05:32:32.070+0000] {logging_mixin.py:190} INFO - [2025-04-25T05:32:32.070+0000] {dag.py:4156} INFO - Setting next_dagrun for extract_stock_data to 2025-04-23 09:00:00+00:00, run_after=2025-04-24 09:00:00+00:00
[2025-04-25T05:32:32.076+0000] {processor.py:208} INFO - Processing /opt/airflow/dags/extract_stock_data.py took 0.179 seconds
[2025-04-25T05:33:02.312+0000] {processor.py:186} INFO - Started process (PID=12143) to work on /opt/airflow/dags/extract_stock_data.py
[2025-04-25T05:33:02.313+0000] {processor.py:914} INFO - Processing file /opt/airflow/dags/extract_stock_data.py for tasks to queue
[2025-04-25T05:33:02.315+0000] {logging_mixin.py:190} INFO - [2025-04-25T05:33:02.315+0000] {dagbag.py:587} INFO - Filling up the DagBag from /opt/airflow/dags/extract_stock_data.py
[2025-04-25T05:33:02.377+0000] {processor.py:925} INFO - DAG(s) 'extract_stock_data' retrieved from /opt/airflow/dags/extract_stock_data.py
[2025-04-25T05:33:02.385+0000] {logging_mixin.py:190} INFO - [2025-04-25T05:33:02.385+0000] {dag.py:3229} INFO - Sync 1 DAGs
[2025-04-25T05:33:02.393+0000] {logging_mixin.py:190} INFO - [2025-04-25T05:33:02.393+0000] {dag.py:4156} INFO - Setting next_dagrun for extract_stock_data to 2025-04-23 09:00:00+00:00, run_after=2025-04-24 09:00:00+00:00
[2025-04-25T05:33:02.398+0000] {processor.py:208} INFO - Processing /opt/airflow/dags/extract_stock_data.py took 0.092 seconds
[2025-04-25T05:33:32.739+0000] {processor.py:186} INFO - Started process (PID=12153) to work on /opt/airflow/dags/extract_stock_data.py
[2025-04-25T05:33:32.740+0000] {processor.py:914} INFO - Processing file /opt/airflow/dags/extract_stock_data.py for tasks to queue
[2025-04-25T05:33:32.742+0000] {logging_mixin.py:190} INFO - [2025-04-25T05:33:32.742+0000] {dagbag.py:587} INFO - Filling up the DagBag from /opt/airflow/dags/extract_stock_data.py
[2025-04-25T05:33:32.814+0000] {processor.py:925} INFO - DAG(s) 'extract_stock_data' retrieved from /opt/airflow/dags/extract_stock_data.py
[2025-04-25T05:33:32.823+0000] {logging_mixin.py:190} INFO - [2025-04-25T05:33:32.823+0000] {dag.py:3229} INFO - Sync 1 DAGs
[2025-04-25T05:33:32.830+0000] {logging_mixin.py:190} INFO - [2025-04-25T05:33:32.830+0000] {dag.py:4156} INFO - Setting next_dagrun for extract_stock_data to 2025-04-23 09:00:00+00:00, run_after=2025-04-24 09:00:00+00:00
[2025-04-25T05:33:32.836+0000] {processor.py:208} INFO - Processing /opt/airflow/dags/extract_stock_data.py took 0.105 seconds
[2025-04-25T05:34:03.148+0000] {processor.py:186} INFO - Started process (PID=12163) to work on /opt/airflow/dags/extract_stock_data.py
[2025-04-25T05:34:03.149+0000] {processor.py:914} INFO - Processing file /opt/airflow/dags/extract_stock_data.py for tasks to queue
[2025-04-25T05:34:03.151+0000] {logging_mixin.py:190} INFO - [2025-04-25T05:34:03.151+0000] {dagbag.py:587} INFO - Filling up the DagBag from /opt/airflow/dags/extract_stock_data.py
[2025-04-25T05:34:03.214+0000] {processor.py:925} INFO - DAG(s) 'extract_stock_data' retrieved from /opt/airflow/dags/extract_stock_data.py
[2025-04-25T05:34:03.222+0000] {logging_mixin.py:190} INFO - [2025-04-25T05:34:03.222+0000] {dag.py:3229} INFO - Sync 1 DAGs
[2025-04-25T05:34:03.305+0000] {logging_mixin.py:190} INFO - [2025-04-25T05:34:03.305+0000] {dag.py:4156} INFO - Setting next_dagrun for extract_stock_data to 2025-04-23 09:00:00+00:00, run_after=2025-04-24 09:00:00+00:00
[2025-04-25T05:34:03.311+0000] {processor.py:208} INFO - Processing /opt/airflow/dags/extract_stock_data.py took 0.169 seconds
[2025-04-25T05:34:33.554+0000] {processor.py:186} INFO - Started process (PID=12173) to work on /opt/airflow/dags/extract_stock_data.py
[2025-04-25T05:34:33.555+0000] {processor.py:914} INFO - Processing file /opt/airflow/dags/extract_stock_data.py for tasks to queue
[2025-04-25T05:34:33.557+0000] {logging_mixin.py:190} INFO - [2025-04-25T05:34:33.557+0000] {dagbag.py:587} INFO - Filling up the DagBag from /opt/airflow/dags/extract_stock_data.py
[2025-04-25T05:34:33.625+0000] {processor.py:925} INFO - DAG(s) 'extract_stock_data' retrieved from /opt/airflow/dags/extract_stock_data.py
[2025-04-25T05:34:33.717+0000] {logging_mixin.py:190} INFO - [2025-04-25T05:34:33.717+0000] {dag.py:3229} INFO - Sync 1 DAGs
[2025-04-25T05:34:33.725+0000] {logging_mixin.py:190} INFO - [2025-04-25T05:34:33.724+0000] {dag.py:4156} INFO - Setting next_dagrun for extract_stock_data to 2025-04-23 09:00:00+00:00, run_after=2025-04-24 09:00:00+00:00
[2025-04-25T05:34:33.730+0000] {processor.py:208} INFO - Processing /opt/airflow/dags/extract_stock_data.py took 0.180 seconds
[2025-04-25T05:35:03.916+0000] {processor.py:186} INFO - Started process (PID=12183) to work on /opt/airflow/dags/extract_stock_data.py
[2025-04-25T05:35:03.916+0000] {processor.py:914} INFO - Processing file /opt/airflow/dags/extract_stock_data.py for tasks to queue
[2025-04-25T05:35:03.918+0000] {logging_mixin.py:190} INFO - [2025-04-25T05:35:03.918+0000] {dagbag.py:587} INFO - Filling up the DagBag from /opt/airflow/dags/extract_stock_data.py
[2025-04-25T05:35:03.984+0000] {processor.py:925} INFO - DAG(s) 'extract_stock_data' retrieved from /opt/airflow/dags/extract_stock_data.py
[2025-04-25T05:35:03.992+0000] {logging_mixin.py:190} INFO - [2025-04-25T05:35:03.992+0000] {dag.py:3229} INFO - Sync 1 DAGs
[2025-04-25T05:35:03.999+0000] {logging_mixin.py:190} INFO - [2025-04-25T05:35:03.999+0000] {dag.py:4156} INFO - Setting next_dagrun for extract_stock_data to 2025-04-23 09:00:00+00:00, run_after=2025-04-24 09:00:00+00:00
[2025-04-25T05:35:04.004+0000] {processor.py:208} INFO - Processing /opt/airflow/dags/extract_stock_data.py took 0.094 seconds
[2025-04-25T05:35:34.315+0000] {processor.py:186} INFO - Started process (PID=12193) to work on /opt/airflow/dags/extract_stock_data.py
[2025-04-25T05:35:34.315+0000] {processor.py:914} INFO - Processing file /opt/airflow/dags/extract_stock_data.py for tasks to queue
[2025-04-25T05:35:34.317+0000] {logging_mixin.py:190} INFO - [2025-04-25T05:35:34.317+0000] {dagbag.py:587} INFO - Filling up the DagBag from /opt/airflow/dags/extract_stock_data.py
[2025-04-25T05:35:34.381+0000] {processor.py:925} INFO - DAG(s) 'extract_stock_data' retrieved from /opt/airflow/dags/extract_stock_data.py
[2025-04-25T05:35:34.390+0000] {logging_mixin.py:190} INFO - [2025-04-25T05:35:34.389+0000] {dag.py:3229} INFO - Sync 1 DAGs
[2025-04-25T05:35:34.397+0000] {logging_mixin.py:190} INFO - [2025-04-25T05:35:34.397+0000] {dag.py:4156} INFO - Setting next_dagrun for extract_stock_data to 2025-04-23 09:00:00+00:00, run_after=2025-04-24 09:00:00+00:00
[2025-04-25T05:35:34.403+0000] {processor.py:208} INFO - Processing /opt/airflow/dags/extract_stock_data.py took 0.093 seconds
[2025-04-25T05:36:04.757+0000] {processor.py:186} INFO - Started process (PID=12203) to work on /opt/airflow/dags/extract_stock_data.py
[2025-04-25T05:36:04.758+0000] {processor.py:914} INFO - Processing file /opt/airflow/dags/extract_stock_data.py for tasks to queue
[2025-04-25T05:36:04.760+0000] {logging_mixin.py:190} INFO - [2025-04-25T05:36:04.760+0000] {dagbag.py:587} INFO - Filling up the DagBag from /opt/airflow/dags/extract_stock_data.py
[2025-04-25T05:36:04.825+0000] {processor.py:925} INFO - DAG(s) 'extract_stock_data' retrieved from /opt/airflow/dags/extract_stock_data.py
[2025-04-25T05:36:04.833+0000] {logging_mixin.py:190} INFO - [2025-04-25T05:36:04.833+0000] {dag.py:3229} INFO - Sync 1 DAGs
[2025-04-25T05:36:04.918+0000] {logging_mixin.py:190} INFO - [2025-04-25T05:36:04.918+0000] {dag.py:4156} INFO - Setting next_dagrun for extract_stock_data to 2025-04-23 09:00:00+00:00, run_after=2025-04-24 09:00:00+00:00
[2025-04-25T05:36:04.923+0000] {processor.py:208} INFO - Processing /opt/airflow/dags/extract_stock_data.py took 0.173 seconds
[2025-04-25T05:36:35.192+0000] {processor.py:186} INFO - Started process (PID=12213) to work on /opt/airflow/dags/extract_stock_data.py
[2025-04-25T05:36:35.192+0000] {processor.py:914} INFO - Processing file /opt/airflow/dags/extract_stock_data.py for tasks to queue
[2025-04-25T05:36:35.194+0000] {logging_mixin.py:190} INFO - [2025-04-25T05:36:35.193+0000] {dagbag.py:587} INFO - Filling up the DagBag from /opt/airflow/dags/extract_stock_data.py
[2025-04-25T05:36:35.257+0000] {processor.py:925} INFO - DAG(s) 'extract_stock_data' retrieved from /opt/airflow/dags/extract_stock_data.py
[2025-04-25T05:36:35.334+0000] {logging_mixin.py:190} INFO - [2025-04-25T05:36:35.334+0000] {dag.py:3229} INFO - Sync 1 DAGs
[2025-04-25T05:36:35.341+0000] {logging_mixin.py:190} INFO - [2025-04-25T05:36:35.341+0000] {dag.py:4156} INFO - Setting next_dagrun for extract_stock_data to 2025-04-23 09:00:00+00:00, run_after=2025-04-24 09:00:00+00:00
[2025-04-25T05:36:35.346+0000] {processor.py:208} INFO - Processing /opt/airflow/dags/extract_stock_data.py took 0.159 seconds
[2025-04-25T05:37:05.607+0000] {processor.py:186} INFO - Started process (PID=12223) to work on /opt/airflow/dags/extract_stock_data.py
[2025-04-25T05:37:05.607+0000] {processor.py:914} INFO - Processing file /opt/airflow/dags/extract_stock_data.py for tasks to queue
[2025-04-25T05:37:05.610+0000] {logging_mixin.py:190} INFO - [2025-04-25T05:37:05.610+0000] {dagbag.py:587} INFO - Filling up the DagBag from /opt/airflow/dags/extract_stock_data.py
[2025-04-25T05:37:05.674+0000] {processor.py:925} INFO - DAG(s) 'extract_stock_data' retrieved from /opt/airflow/dags/extract_stock_data.py
[2025-04-25T05:37:05.682+0000] {logging_mixin.py:190} INFO - [2025-04-25T05:37:05.682+0000] {dag.py:3229} INFO - Sync 1 DAGs
[2025-04-25T05:37:05.690+0000] {logging_mixin.py:190} INFO - [2025-04-25T05:37:05.690+0000] {dag.py:4156} INFO - Setting next_dagrun for extract_stock_data to 2025-04-23 09:00:00+00:00, run_after=2025-04-24 09:00:00+00:00
[2025-04-25T05:37:05.695+0000] {processor.py:208} INFO - Processing /opt/airflow/dags/extract_stock_data.py took 0.095 seconds
[2025-04-25T05:37:35.949+0000] {processor.py:186} INFO - Started process (PID=12233) to work on /opt/airflow/dags/extract_stock_data.py
[2025-04-25T05:37:35.950+0000] {processor.py:914} INFO - Processing file /opt/airflow/dags/extract_stock_data.py for tasks to queue
[2025-04-25T05:37:35.952+0000] {logging_mixin.py:190} INFO - [2025-04-25T05:37:35.952+0000] {dagbag.py:587} INFO - Filling up the DagBag from /opt/airflow/dags/extract_stock_data.py
[2025-04-25T05:37:36.028+0000] {processor.py:925} INFO - DAG(s) 'extract_stock_data' retrieved from /opt/airflow/dags/extract_stock_data.py
[2025-04-25T05:37:36.036+0000] {logging_mixin.py:190} INFO - [2025-04-25T05:37:36.036+0000] {dag.py:3229} INFO - Sync 1 DAGs
[2025-04-25T05:37:36.044+0000] {logging_mixin.py:190} INFO - [2025-04-25T05:37:36.044+0000] {dag.py:4156} INFO - Setting next_dagrun for extract_stock_data to 2025-04-23 09:00:00+00:00, run_after=2025-04-24 09:00:00+00:00
[2025-04-25T05:37:36.050+0000] {processor.py:208} INFO - Processing /opt/airflow/dags/extract_stock_data.py took 0.109 seconds
[2025-04-25T05:38:06.415+0000] {processor.py:186} INFO - Started process (PID=12243) to work on /opt/airflow/dags/extract_stock_data.py
[2025-04-25T05:38:06.416+0000] {processor.py:914} INFO - Processing file /opt/airflow/dags/extract_stock_data.py for tasks to queue
[2025-04-25T05:38:06.417+0000] {logging_mixin.py:190} INFO - [2025-04-25T05:38:06.417+0000] {dagbag.py:587} INFO - Filling up the DagBag from /opt/airflow/dags/extract_stock_data.py
[2025-04-25T05:38:06.482+0000] {processor.py:925} INFO - DAG(s) 'extract_stock_data' retrieved from /opt/airflow/dags/extract_stock_data.py
[2025-04-25T05:38:06.490+0000] {logging_mixin.py:190} INFO - [2025-04-25T05:38:06.490+0000] {dag.py:3229} INFO - Sync 1 DAGs
[2025-04-25T05:38:06.602+0000] {logging_mixin.py:190} INFO - [2025-04-25T05:38:06.602+0000] {dag.py:4156} INFO - Setting next_dagrun for extract_stock_data to 2025-04-23 09:00:00+00:00, run_after=2025-04-24 09:00:00+00:00
[2025-04-25T05:38:06.608+0000] {processor.py:208} INFO - Processing /opt/airflow/dags/extract_stock_data.py took 0.199 seconds
[2025-04-25T05:38:36.851+0000] {processor.py:186} INFO - Started process (PID=12253) to work on /opt/airflow/dags/extract_stock_data.py
[2025-04-25T05:38:36.852+0000] {processor.py:914} INFO - Processing file /opt/airflow/dags/extract_stock_data.py for tasks to queue
[2025-04-25T05:38:36.854+0000] {logging_mixin.py:190} INFO - [2025-04-25T05:38:36.854+0000] {dagbag.py:587} INFO - Filling up the DagBag from /opt/airflow/dags/extract_stock_data.py
[2025-04-25T05:38:36.917+0000] {processor.py:925} INFO - DAG(s) 'extract_stock_data' retrieved from /opt/airflow/dags/extract_stock_data.py
[2025-04-25T05:38:36.995+0000] {logging_mixin.py:190} INFO - [2025-04-25T05:38:36.995+0000] {dag.py:3229} INFO - Sync 1 DAGs
[2025-04-25T05:38:37.002+0000] {logging_mixin.py:190} INFO - [2025-04-25T05:38:37.002+0000] {dag.py:4156} INFO - Setting next_dagrun for extract_stock_data to 2025-04-23 09:00:00+00:00, run_after=2025-04-24 09:00:00+00:00
[2025-04-25T05:38:37.007+0000] {processor.py:208} INFO - Processing /opt/airflow/dags/extract_stock_data.py took 0.162 seconds
[2025-04-25T05:39:07.259+0000] {processor.py:186} INFO - Started process (PID=12263) to work on /opt/airflow/dags/extract_stock_data.py
[2025-04-25T05:39:07.260+0000] {processor.py:914} INFO - Processing file /opt/airflow/dags/extract_stock_data.py for tasks to queue
[2025-04-25T05:39:07.262+0000] {logging_mixin.py:190} INFO - [2025-04-25T05:39:07.262+0000] {dagbag.py:587} INFO - Filling up the DagBag from /opt/airflow/dags/extract_stock_data.py
[2025-04-25T05:39:07.337+0000] {processor.py:925} INFO - DAG(s) 'extract_stock_data' retrieved from /opt/airflow/dags/extract_stock_data.py
[2025-04-25T05:39:07.344+0000] {logging_mixin.py:190} INFO - [2025-04-25T05:39:07.344+0000] {dag.py:3229} INFO - Sync 1 DAGs
[2025-04-25T05:39:07.351+0000] {logging_mixin.py:190} INFO - [2025-04-25T05:39:07.351+0000] {dag.py:4156} INFO - Setting next_dagrun for extract_stock_data to 2025-04-23 09:00:00+00:00, run_after=2025-04-24 09:00:00+00:00
[2025-04-25T05:39:07.356+0000] {processor.py:208} INFO - Processing /opt/airflow/dags/extract_stock_data.py took 0.102 seconds
[2025-04-25T05:39:37.640+0000] {processor.py:186} INFO - Started process (PID=12273) to work on /opt/airflow/dags/extract_stock_data.py
[2025-04-25T05:39:37.641+0000] {processor.py:914} INFO - Processing file /opt/airflow/dags/extract_stock_data.py for tasks to queue
[2025-04-25T05:39:37.642+0000] {logging_mixin.py:190} INFO - [2025-04-25T05:39:37.642+0000] {dagbag.py:587} INFO - Filling up the DagBag from /opt/airflow/dags/extract_stock_data.py
[2025-04-25T05:39:37.707+0000] {processor.py:925} INFO - DAG(s) 'extract_stock_data' retrieved from /opt/airflow/dags/extract_stock_data.py
[2025-04-25T05:39:37.715+0000] {logging_mixin.py:190} INFO - [2025-04-25T05:39:37.715+0000] {dag.py:3229} INFO - Sync 1 DAGs
[2025-04-25T05:39:37.723+0000] {logging_mixin.py:190} INFO - [2025-04-25T05:39:37.722+0000] {dag.py:4156} INFO - Setting next_dagrun for extract_stock_data to 2025-04-23 09:00:00+00:00, run_after=2025-04-24 09:00:00+00:00
[2025-04-25T05:39:37.728+0000] {processor.py:208} INFO - Processing /opt/airflow/dags/extract_stock_data.py took 0.096 seconds
[2025-04-25T05:40:08.034+0000] {processor.py:186} INFO - Started process (PID=12283) to work on /opt/airflow/dags/extract_stock_data.py
[2025-04-25T05:40:08.034+0000] {processor.py:914} INFO - Processing file /opt/airflow/dags/extract_stock_data.py for tasks to queue
[2025-04-25T05:40:08.036+0000] {logging_mixin.py:190} INFO - [2025-04-25T05:40:08.036+0000] {dagbag.py:587} INFO - Filling up the DagBag from /opt/airflow/dags/extract_stock_data.py
[2025-04-25T05:40:08.101+0000] {processor.py:925} INFO - DAG(s) 'extract_stock_data' retrieved from /opt/airflow/dags/extract_stock_data.py
[2025-04-25T05:40:08.108+0000] {logging_mixin.py:190} INFO - [2025-04-25T05:40:08.108+0000] {dag.py:3229} INFO - Sync 1 DAGs
[2025-04-25T05:40:08.188+0000] {logging_mixin.py:190} INFO - [2025-04-25T05:40:08.188+0000] {dag.py:4156} INFO - Setting next_dagrun for extract_stock_data to 2025-04-23 09:00:00+00:00, run_after=2025-04-24 09:00:00+00:00
[2025-04-25T05:40:08.193+0000] {processor.py:208} INFO - Processing /opt/airflow/dags/extract_stock_data.py took 0.164 seconds
[2025-04-25T05:40:38.450+0000] {processor.py:186} INFO - Started process (PID=12293) to work on /opt/airflow/dags/extract_stock_data.py
[2025-04-25T05:40:38.451+0000] {processor.py:914} INFO - Processing file /opt/airflow/dags/extract_stock_data.py for tasks to queue
[2025-04-25T05:40:38.453+0000] {logging_mixin.py:190} INFO - [2025-04-25T05:40:38.453+0000] {dagbag.py:587} INFO - Filling up the DagBag from /opt/airflow/dags/extract_stock_data.py
[2025-04-25T05:40:38.514+0000] {processor.py:925} INFO - DAG(s) 'extract_stock_data' retrieved from /opt/airflow/dags/extract_stock_data.py
[2025-04-25T05:40:38.595+0000] {logging_mixin.py:190} INFO - [2025-04-25T05:40:38.595+0000] {dag.py:3229} INFO - Sync 1 DAGs
[2025-04-25T05:40:38.602+0000] {logging_mixin.py:190} INFO - [2025-04-25T05:40:38.602+0000] {dag.py:4156} INFO - Setting next_dagrun for extract_stock_data to 2025-04-23 09:00:00+00:00, run_after=2025-04-24 09:00:00+00:00
[2025-04-25T05:40:38.607+0000] {processor.py:208} INFO - Processing /opt/airflow/dags/extract_stock_data.py took 0.162 seconds
[2025-04-25T05:41:08.826+0000] {processor.py:186} INFO - Started process (PID=12303) to work on /opt/airflow/dags/extract_stock_data.py
[2025-04-25T05:41:08.826+0000] {processor.py:914} INFO - Processing file /opt/airflow/dags/extract_stock_data.py for tasks to queue
[2025-04-25T05:41:08.828+0000] {logging_mixin.py:190} INFO - [2025-04-25T05:41:08.828+0000] {dagbag.py:587} INFO - Filling up the DagBag from /opt/airflow/dags/extract_stock_data.py
[2025-04-25T05:41:08.890+0000] {processor.py:925} INFO - DAG(s) 'extract_stock_data' retrieved from /opt/airflow/dags/extract_stock_data.py
[2025-04-25T05:41:08.898+0000] {logging_mixin.py:190} INFO - [2025-04-25T05:41:08.898+0000] {dag.py:3229} INFO - Sync 1 DAGs
[2025-04-25T05:41:08.905+0000] {logging_mixin.py:190} INFO - [2025-04-25T05:41:08.905+0000] {dag.py:4156} INFO - Setting next_dagrun for extract_stock_data to 2025-04-23 09:00:00+00:00, run_after=2025-04-24 09:00:00+00:00
[2025-04-25T05:41:08.910+0000] {processor.py:208} INFO - Processing /opt/airflow/dags/extract_stock_data.py took 0.089 seconds
[2025-04-25T05:41:39.232+0000] {processor.py:186} INFO - Started process (PID=12313) to work on /opt/airflow/dags/extract_stock_data.py
[2025-04-25T05:41:39.234+0000] {processor.py:914} INFO - Processing file /opt/airflow/dags/extract_stock_data.py for tasks to queue
[2025-04-25T05:41:39.235+0000] {logging_mixin.py:190} INFO - [2025-04-25T05:41:39.235+0000] {dagbag.py:587} INFO - Filling up the DagBag from /opt/airflow/dags/extract_stock_data.py
[2025-04-25T05:41:39.300+0000] {processor.py:925} INFO - DAG(s) 'extract_stock_data' retrieved from /opt/airflow/dags/extract_stock_data.py
[2025-04-25T05:41:39.308+0000] {logging_mixin.py:190} INFO - [2025-04-25T05:41:39.308+0000] {dag.py:3229} INFO - Sync 1 DAGs
[2025-04-25T05:41:39.315+0000] {logging_mixin.py:190} INFO - [2025-04-25T05:41:39.315+0000] {dag.py:4156} INFO - Setting next_dagrun for extract_stock_data to 2025-04-23 09:00:00+00:00, run_after=2025-04-24 09:00:00+00:00
[2025-04-25T05:41:39.321+0000] {processor.py:208} INFO - Processing /opt/airflow/dags/extract_stock_data.py took 0.094 seconds
[2025-04-25T05:42:09.647+0000] {processor.py:186} INFO - Started process (PID=12323) to work on /opt/airflow/dags/extract_stock_data.py
[2025-04-25T05:42:09.648+0000] {processor.py:914} INFO - Processing file /opt/airflow/dags/extract_stock_data.py for tasks to queue
[2025-04-25T05:42:09.649+0000] {logging_mixin.py:190} INFO - [2025-04-25T05:42:09.649+0000] {dagbag.py:587} INFO - Filling up the DagBag from /opt/airflow/dags/extract_stock_data.py
[2025-04-25T05:42:09.715+0000] {processor.py:925} INFO - DAG(s) 'extract_stock_data' retrieved from /opt/airflow/dags/extract_stock_data.py
[2025-04-25T05:42:09.723+0000] {logging_mixin.py:190} INFO - [2025-04-25T05:42:09.723+0000] {dag.py:3229} INFO - Sync 1 DAGs
[2025-04-25T05:42:09.808+0000] {logging_mixin.py:190} INFO - [2025-04-25T05:42:09.808+0000] {dag.py:4156} INFO - Setting next_dagrun for extract_stock_data to 2025-04-23 09:00:00+00:00, run_after=2025-04-24 09:00:00+00:00
[2025-04-25T05:42:09.814+0000] {processor.py:208} INFO - Processing /opt/airflow/dags/extract_stock_data.py took 0.173 seconds
[2025-04-25T05:42:40.068+0000] {processor.py:186} INFO - Started process (PID=12333) to work on /opt/airflow/dags/extract_stock_data.py
[2025-04-25T05:42:40.069+0000] {processor.py:914} INFO - Processing file /opt/airflow/dags/extract_stock_data.py for tasks to queue
[2025-04-25T05:42:40.071+0000] {logging_mixin.py:190} INFO - [2025-04-25T05:42:40.071+0000] {dagbag.py:587} INFO - Filling up the DagBag from /opt/airflow/dags/extract_stock_data.py
[2025-04-25T05:42:40.136+0000] {processor.py:925} INFO - DAG(s) 'extract_stock_data' retrieved from /opt/airflow/dags/extract_stock_data.py
[2025-04-25T05:42:40.214+0000] {logging_mixin.py:190} INFO - [2025-04-25T05:42:40.214+0000] {dag.py:3229} INFO - Sync 1 DAGs
[2025-04-25T05:42:40.221+0000] {logging_mixin.py:190} INFO - [2025-04-25T05:42:40.221+0000] {dag.py:4156} INFO - Setting next_dagrun for extract_stock_data to 2025-04-23 09:00:00+00:00, run_after=2025-04-24 09:00:00+00:00
[2025-04-25T05:42:40.227+0000] {processor.py:208} INFO - Processing /opt/airflow/dags/extract_stock_data.py took 0.164 seconds
[2025-04-25T05:43:10.460+0000] {processor.py:186} INFO - Started process (PID=12343) to work on /opt/airflow/dags/extract_stock_data.py
[2025-04-25T05:43:10.461+0000] {processor.py:914} INFO - Processing file /opt/airflow/dags/extract_stock_data.py for tasks to queue
[2025-04-25T05:43:10.463+0000] {logging_mixin.py:190} INFO - [2025-04-25T05:43:10.462+0000] {dagbag.py:587} INFO - Filling up the DagBag from /opt/airflow/dags/extract_stock_data.py
[2025-04-25T05:43:10.529+0000] {processor.py:925} INFO - DAG(s) 'extract_stock_data' retrieved from /opt/airflow/dags/extract_stock_data.py
[2025-04-25T05:43:10.536+0000] {logging_mixin.py:190} INFO - [2025-04-25T05:43:10.536+0000] {dag.py:3229} INFO - Sync 1 DAGs
[2025-04-25T05:43:10.544+0000] {logging_mixin.py:190} INFO - [2025-04-25T05:43:10.544+0000] {dag.py:4156} INFO - Setting next_dagrun for extract_stock_data to 2025-04-23 09:00:00+00:00, run_after=2025-04-24 09:00:00+00:00
[2025-04-25T05:43:10.549+0000] {processor.py:208} INFO - Processing /opt/airflow/dags/extract_stock_data.py took 0.094 seconds
[2025-04-25T05:43:40.866+0000] {processor.py:186} INFO - Started process (PID=12353) to work on /opt/airflow/dags/extract_stock_data.py
[2025-04-25T05:43:40.867+0000] {processor.py:914} INFO - Processing file /opt/airflow/dags/extract_stock_data.py for tasks to queue
[2025-04-25T05:43:40.869+0000] {logging_mixin.py:190} INFO - [2025-04-25T05:43:40.869+0000] {dagbag.py:587} INFO - Filling up the DagBag from /opt/airflow/dags/extract_stock_data.py
[2025-04-25T05:43:40.935+0000] {processor.py:925} INFO - DAG(s) 'extract_stock_data' retrieved from /opt/airflow/dags/extract_stock_data.py
[2025-04-25T05:43:40.943+0000] {logging_mixin.py:190} INFO - [2025-04-25T05:43:40.943+0000] {dag.py:3229} INFO - Sync 1 DAGs
[2025-04-25T05:43:40.950+0000] {logging_mixin.py:190} INFO - [2025-04-25T05:43:40.950+0000] {dag.py:4156} INFO - Setting next_dagrun for extract_stock_data to 2025-04-23 09:00:00+00:00, run_after=2025-04-24 09:00:00+00:00
[2025-04-25T05:43:40.956+0000] {processor.py:208} INFO - Processing /opt/airflow/dags/extract_stock_data.py took 0.097 seconds
