[2025-04-20T16:11:30.746+0000] {local_task_job_runner.py:123} INFO - ::group::Pre task execution logs
[2025-04-20T16:11:30.778+0000] {taskinstance.py:2612} INFO - Dependencies all met for dep_context=non-requeueable deps ti=<TaskInstance: extract_stock_data.fetch_stock_data scheduled__2025-04-19T09:00:00+00:00 [queued]>
[2025-04-20T16:11:30.795+0000] {taskinstance.py:2612} INFO - Dependencies all met for dep_context=requeueable deps ti=<TaskInstance: extract_stock_data.fetch_stock_data scheduled__2025-04-19T09:00:00+00:00 [queued]>
[2025-04-20T16:11:30.796+0000] {taskinstance.py:2865} INFO - Starting attempt 1 of 1
[2025-04-20T16:11:30.818+0000] {taskinstance.py:2888} INFO - Executing <Task(_PythonDecoratedOperator): fetch_stock_data> on 2025-04-19 09:00:00+00:00
[2025-04-20T16:11:30.838+0000] {logging_mixin.py:190} WARNING - /home/***/.local/lib/python3.12/site-packages/***/task/task_runner/standard_task_runner.py:70 DeprecationWarning: This process (pid=352) is multi-threaded, use of fork() may lead to deadlocks in the child.
[2025-04-20T16:11:30.840+0000] {standard_task_runner.py:72} INFO - Started process 360 to run task
[2025-04-20T16:11:30.839+0000] {standard_task_runner.py:104} INFO - Running: ['***', 'tasks', 'run', 'extract_stock_data', 'fetch_stock_data', 'scheduled__2025-04-19T09:00:00+00:00', '--job-id', '3', '--raw', '--subdir', 'DAGS_FOLDER/extract_stock_data.py', '--cfg-path', '/tmp/tmptirt8b7a']
[2025-04-20T16:11:30.843+0000] {standard_task_runner.py:105} INFO - Job 3: Subtask fetch_stock_data
[2025-04-20T16:11:31.069+0000] {task_command.py:467} INFO - Running <TaskInstance: extract_stock_data.fetch_stock_data scheduled__2025-04-19T09:00:00+00:00 [running]> on host 56370a2e16ce
[2025-04-20T16:11:31.556+0000] {taskinstance.py:3131} INFO - Exporting env vars: AIRFLOW_CTX_DAG_OWNER='***' AIRFLOW_CTX_DAG_ID='extract_stock_data' AIRFLOW_CTX_TASK_ID='fetch_stock_data' AIRFLOW_CTX_EXECUTION_DATE='2025-04-19T09:00:00+00:00' AIRFLOW_CTX_TRY_NUMBER='1' AIRFLOW_CTX_DAG_RUN_ID='scheduled__2025-04-19T09:00:00+00:00'
[2025-04-20T16:11:31.561+0000] {taskinstance.py:731} INFO - ::endgroup::
[2025-04-20T16:11:31.606+0000] {logging_mixin.py:190} INFO - YF.download() has changed argument auto_adjust default to True
[2025-04-20T16:11:35.552+0000] {logging_mixin.py:190} WARNING - [*********************100%***********************]  1 of 1 completed
[2025-04-20T16:11:35.982+0000] {logging_mixin.py:190} WARNING - [*********************100%***********************]  1 of 1 completed
[2025-04-20T16:11:36.022+0000] {python.py:240} INFO - Done. Returned value was: ['/tmp/AAPL_data.csv', '/tmp/NVDA_data.csv']
[2025-04-20T16:11:36.801+0000] {taskinstance.py:340} INFO - ::group::Post task execution logs
[2025-04-20T16:11:36.804+0000] {taskinstance.py:352} INFO - Marking task as SUCCESS. dag_id=extract_stock_data, task_id=fetch_stock_data, run_id=scheduled__2025-04-19T09:00:00+00:00, execution_date=20250419T090000, start_date=20250420T161130, end_date=20250420T161136
[2025-04-20T16:11:36.995+0000] {local_task_job_runner.py:266} INFO - Task exited with return code 0
[2025-04-20T16:11:37.140+0000] {taskinstance.py:3900} INFO - 1 downstream tasks scheduled from follow-on schedule check
[2025-04-20T16:11:37.148+0000] {local_task_job_runner.py:245} INFO - ::endgroup::
[2025-04-20T16:15:43.417+0000] {local_task_job_runner.py:123} INFO - ::group::Pre task execution logs
[2025-04-20T16:15:43.488+0000] {taskinstance.py:2612} INFO - Dependencies all met for dep_context=non-requeueable deps ti=<TaskInstance: extract_stock_data.fetch_stock_data scheduled__2025-04-19T09:00:00+00:00 [queued]>
[2025-04-20T16:15:43.529+0000] {taskinstance.py:2612} INFO - Dependencies all met for dep_context=requeueable deps ti=<TaskInstance: extract_stock_data.fetch_stock_data scheduled__2025-04-19T09:00:00+00:00 [queued]>
[2025-04-20T16:15:43.536+0000] {taskinstance.py:2865} INFO - Starting attempt 1 of 1
[2025-04-20T16:15:43.582+0000] {taskinstance.py:2888} INFO - Executing <Task(_PythonDecoratedOperator): fetch_stock_data> on 2025-04-19 09:00:00+00:00
[2025-04-20T16:15:43.647+0000] {logging_mixin.py:190} WARNING - /home/***/.local/lib/python3.12/site-packages/***/task/task_runner/standard_task_runner.py:70 DeprecationWarning: This process (pid=477) is multi-threaded, use of fork() may lead to deadlocks in the child.
[2025-04-20T16:15:43.672+0000] {standard_task_runner.py:72} INFO - Started process 480 to run task
[2025-04-20T16:15:43.626+0000] {standard_task_runner.py:104} INFO - Running: ['***', 'tasks', 'run', 'extract_stock_data', 'fetch_stock_data', 'scheduled__2025-04-19T09:00:00+00:00', '--job-id', '8', '--raw', '--subdir', 'DAGS_FOLDER/extract_stock_data.py', '--cfg-path', '/tmp/tmps6v_7p08']
[2025-04-20T16:15:43.675+0000] {standard_task_runner.py:105} INFO - Job 8: Subtask fetch_stock_data
[2025-04-20T16:15:44.389+0000] {task_command.py:467} INFO - Running <TaskInstance: extract_stock_data.fetch_stock_data scheduled__2025-04-19T09:00:00+00:00 [running]> on host 56370a2e16ce
[2025-04-20T16:15:44.844+0000] {taskinstance.py:3131} INFO - Exporting env vars: AIRFLOW_CTX_DAG_OWNER='***' AIRFLOW_CTX_DAG_ID='extract_stock_data' AIRFLOW_CTX_TASK_ID='fetch_stock_data' AIRFLOW_CTX_EXECUTION_DATE='2025-04-19T09:00:00+00:00' AIRFLOW_CTX_TRY_NUMBER='1' AIRFLOW_CTX_DAG_RUN_ID='scheduled__2025-04-19T09:00:00+00:00'
[2025-04-20T16:15:44.848+0000] {taskinstance.py:731} INFO - ::endgroup::
[2025-04-20T16:15:44.856+0000] {logging_mixin.py:190} INFO - YF.download() has changed argument auto_adjust default to True
[2025-04-20T16:15:45.972+0000] {logging_mixin.py:190} WARNING - [*********************100%***********************]  1 of 1 completed
[2025-04-20T16:15:46.120+0000] {logging_mixin.py:190} WARNING - [*********************100%***********************]  1 of 1 completed
[2025-04-20T16:15:46.131+0000] {python.py:240} INFO - Done. Returned value was: ['/tmp/AAPL_data.csv', '/tmp/NVDA_data.csv']
[2025-04-20T16:15:46.219+0000] {taskinstance.py:340} INFO - ::group::Post task execution logs
[2025-04-20T16:15:46.223+0000] {taskinstance.py:352} INFO - Marking task as SUCCESS. dag_id=extract_stock_data, task_id=fetch_stock_data, run_id=scheduled__2025-04-19T09:00:00+00:00, execution_date=20250419T090000, start_date=20250420T161543, end_date=20250420T161546
[2025-04-20T16:15:46.323+0000] {local_task_job_runner.py:266} INFO - Task exited with return code 0
[2025-04-20T16:15:46.394+0000] {taskinstance.py:3900} INFO - 1 downstream tasks scheduled from follow-on schedule check
[2025-04-20T16:15:46.399+0000] {local_task_job_runner.py:245} INFO - ::endgroup::
