[2025-04-20T16:04:28.278+0000] {manager.py:486} INFO - Processing files using up to 2 processes at a time 
[2025-04-20T16:04:28.285+0000] {manager.py:487} INFO - Process each file at most once every 30 seconds
[2025-04-20T16:04:28.286+0000] {manager.py:488} INFO - Checking for new files in /opt/airflow/dags every 300 seconds
[2025-04-20T16:04:28.289+0000] {manager.py:832} INFO - Searching for files in /opt/airflow/dags
[2025-04-20T16:04:28.343+0000] {manager.py:835} INFO - There are 1 files in /opt/airflow/dags
[2025-04-20T16:04:48.007+0000] {manager.py:1008} INFO - 
================================================================================
DAG File Processing Stats

File Path                                  PID  Runtime      # DAGs    # Errors  Last Runtime    Last Run      Last # of DB Queries
---------------------------------------  -----  ---------  --------  ----------  --------------  ----------  ----------------------
/opt/airflow/dags/extract_stock_data.py    276  0.27s             0           0                                                   0
================================================================================
[2025-04-20T16:05:18.555+0000] {manager.py:1008} INFO - 
================================================================================
DAG File Processing Stats

File Path                                PID    Runtime      # DAGs    # Errors  Last Runtime    Last Run               Last # of DB Queries
---------------------------------------  -----  ---------  --------  ----------  --------------  -------------------  ----------------------
/opt/airflow/dags/extract_stock_data.py                           1           0  5.45s           2025-04-20T16:04:53                      45
================================================================================
[2025-04-20T16:07:38.994+0000] {manager.py:486} INFO - Processing files using up to 2 processes at a time 
[2025-04-20T16:07:38.997+0000] {manager.py:487} INFO - Process each file at most once every 30 seconds
[2025-04-20T16:07:38.998+0000] {manager.py:488} INFO - Checking for new files in /opt/airflow/dags every 300 seconds
[2025-04-20T16:07:39.000+0000] {manager.py:832} INFO - Searching for files in /opt/airflow/dags
[2025-04-20T16:07:39.054+0000] {manager.py:835} INFO - There are 1 files in /opt/airflow/dags
[2025-04-20T16:07:49.896+0000] {manager.py:1008} INFO - 
================================================================================
DAG File Processing Stats

File Path                                  PID  Runtime      # DAGs    # Errors  Last Runtime    Last Run      Last # of DB Queries
---------------------------------------  -----  ---------  --------  ----------  --------------  ----------  ----------------------
/opt/airflow/dags/extract_stock_data.py    255  0.06s             0           0                                                   0
================================================================================
[2025-04-20T16:08:20.446+0000] {manager.py:1008} INFO - 
================================================================================
DAG File Processing Stats

File Path                                PID    Runtime      # DAGs    # Errors  Last Runtime    Last Run               Last # of DB Queries
---------------------------------------  -----  ---------  --------  ----------  --------------  -------------------  ----------------------
/opt/airflow/dags/extract_stock_data.py                           1           0  1.31s           2025-04-20T16:07:51                      12
================================================================================
[2025-04-20T16:08:50.889+0000] {manager.py:1008} INFO - 
================================================================================
DAG File Processing Stats

File Path                                PID    Runtime      # DAGs    # Errors  Last Runtime    Last Run               Last # of DB Queries
---------------------------------------  -----  ---------  --------  ----------  --------------  -------------------  ----------------------
/opt/airflow/dags/extract_stock_data.py                           1           0  1.45s           2025-04-20T16:08:22                      12
================================================================================
[2025-04-20T16:09:21.829+0000] {manager.py:1008} INFO - 
================================================================================
DAG File Processing Stats

File Path                                PID    Runtime      # DAGs    # Errors  Last Runtime    Last Run               Last # of DB Queries
---------------------------------------  -----  ---------  --------  ----------  --------------  -------------------  ----------------------
/opt/airflow/dags/extract_stock_data.py                           1           0  2.20s           2025-04-20T16:08:55                      12
================================================================================
[2025-04-20T16:09:51.924+0000] {manager.py:1008} INFO - 
================================================================================
DAG File Processing Stats

File Path                                PID    Runtime      # DAGs    # Errors  Last Runtime    Last Run               Last # of DB Queries
---------------------------------------  -----  ---------  --------  ----------  --------------  -------------------  ----------------------
/opt/airflow/dags/extract_stock_data.py                           1           0  0.71s           2025-04-20T16:09:26                      12
================================================================================
[2025-04-20T16:10:22.248+0000] {manager.py:1008} INFO - 
================================================================================
DAG File Processing Stats

File Path                                PID    Runtime      # DAGs    # Errors  Last Runtime    Last Run               Last # of DB Queries
---------------------------------------  -----  ---------  --------  ----------  --------------  -------------------  ----------------------
/opt/airflow/dags/extract_stock_data.py                           1           0  0.26s           2025-04-20T16:09:57                      12
================================================================================
[2025-04-20T16:10:52.850+0000] {manager.py:1008} INFO - 
================================================================================
DAG File Processing Stats

File Path                                PID    Runtime      # DAGs    # Errors  Last Runtime    Last Run               Last # of DB Queries
---------------------------------------  -----  ---------  --------  ----------  --------------  -------------------  ----------------------
/opt/airflow/dags/extract_stock_data.py                           1           0  0.35s           2025-04-20T16:10:27                      12
================================================================================
[2025-04-20T16:11:23.230+0000] {manager.py:1008} INFO - 
================================================================================
DAG File Processing Stats

File Path                                PID    Runtime      # DAGs    # Errors  Last Runtime    Last Run               Last # of DB Queries
---------------------------------------  -----  ---------  --------  ----------  --------------  -------------------  ----------------------
/opt/airflow/dags/extract_stock_data.py                           1           0  0.36s           2025-04-20T16:10:58                      12
================================================================================
[2025-04-20T16:11:53.715+0000] {manager.py:1008} INFO - 
================================================================================
DAG File Processing Stats

File Path                                PID    Runtime      # DAGs    # Errors  Last Runtime    Last Run               Last # of DB Queries
---------------------------------------  -----  ---------  --------  ----------  --------------  -------------------  ----------------------
/opt/airflow/dags/extract_stock_data.py                           1           0  1.34s           2025-04-20T16:11:29                      12
================================================================================
[2025-04-20T16:12:24.797+0000] {manager.py:1008} INFO - 
================================================================================
DAG File Processing Stats

File Path                                PID    Runtime      # DAGs    # Errors  Last Runtime    Last Run               Last # of DB Queries
---------------------------------------  -----  ---------  --------  ----------  --------------  -------------------  ----------------------
/opt/airflow/dags/extract_stock_data.py                           1           0  8.60s           2025-04-20T16:12:08                      12
================================================================================
[2025-04-20T16:12:39.233+0000] {manager.py:832} INFO - Searching for files in /opt/airflow/dags
[2025-04-20T16:12:39.372+0000] {manager.py:835} INFO - There are 1 files in /opt/airflow/dags
[2025-04-20T16:12:55.070+0000] {manager.py:1008} INFO - 
================================================================================
DAG File Processing Stats

File Path                                PID    Runtime      # DAGs    # Errors  Last Runtime    Last Run               Last # of DB Queries
---------------------------------------  -----  ---------  --------  ----------  --------------  -------------------  ----------------------
/opt/airflow/dags/extract_stock_data.py                           1           0  5.48s           2025-04-20T16:12:45                      12
================================================================================
[2025-04-20T16:13:25.476+0000] {manager.py:1008} INFO - 
================================================================================
DAG File Processing Stats

File Path                                PID    Runtime      # DAGs    # Errors  Last Runtime    Last Run               Last # of DB Queries
---------------------------------------  -----  ---------  --------  ----------  --------------  -------------------  ----------------------
/opt/airflow/dags/extract_stock_data.py                           1           0  0.51s           2025-04-20T16:13:15                      12
================================================================================
[2025-04-20T16:13:55.781+0000] {manager.py:1008} INFO - 
================================================================================
DAG File Processing Stats

File Path                                PID    Runtime      # DAGs    # Errors  Last Runtime    Last Run               Last # of DB Queries
---------------------------------------  -----  ---------  --------  ----------  --------------  -------------------  ----------------------
/opt/airflow/dags/extract_stock_data.py                           1           0  0.52s           2025-04-20T16:13:46                      12
================================================================================
[2025-04-20T16:14:25.891+0000] {manager.py:1008} INFO - 
================================================================================
DAG File Processing Stats

File Path                                PID    Runtime      # DAGs    # Errors  Last Runtime    Last Run               Last # of DB Queries
---------------------------------------  -----  ---------  --------  ----------  --------------  -------------------  ----------------------
/opt/airflow/dags/extract_stock_data.py                           1           0  1.49s           2025-04-20T16:14:18                      12
================================================================================
[2025-04-20T16:14:56.293+0000] {manager.py:1008} INFO - 
================================================================================
DAG File Processing Stats

File Path                                PID    Runtime      # DAGs    # Errors  Last Runtime    Last Run               Last # of DB Queries
---------------------------------------  -----  ---------  --------  ----------  --------------  -------------------  ----------------------
/opt/airflow/dags/extract_stock_data.py                           1           0  1.67s           2025-04-20T16:14:50                      33
================================================================================
[2025-04-20T16:15:26.736+0000] {manager.py:1008} INFO - 
================================================================================
DAG File Processing Stats

File Path                                PID    Runtime      # DAGs    # Errors  Last Runtime    Last Run               Last # of DB Queries
---------------------------------------  -----  ---------  --------  ----------  --------------  -------------------  ----------------------
/opt/airflow/dags/extract_stock_data.py                           1           0  0.47s           2025-04-20T16:15:21                      12
================================================================================
[2025-04-20T16:15:57.460+0000] {manager.py:1008} INFO - 
================================================================================
DAG File Processing Stats

File Path                                PID    Runtime      # DAGs    # Errors  Last Runtime    Last Run               Last # of DB Queries
---------------------------------------  -----  ---------  --------  ----------  --------------  -------------------  ----------------------
/opt/airflow/dags/extract_stock_data.py                           1           0  2.16s           2025-04-20T16:15:53                      12
================================================================================
[2025-04-20T16:16:27.858+0000] {manager.py:1008} INFO - 
================================================================================
DAG File Processing Stats

File Path                                PID    Runtime      # DAGs    # Errors  Last Runtime    Last Run               Last # of DB Queries
---------------------------------------  -----  ---------  --------  ----------  --------------  -------------------  ----------------------
/opt/airflow/dags/extract_stock_data.py                           1           0  0.98s           2025-04-20T16:16:24                      12
================================================================================
[2025-04-20T16:16:58.384+0000] {manager.py:1008} INFO - 
================================================================================
DAG File Processing Stats

File Path                                PID    Runtime      # DAGs    # Errors  Last Runtime    Last Run               Last # of DB Queries
---------------------------------------  -----  ---------  --------  ----------  --------------  -------------------  ----------------------
/opt/airflow/dags/extract_stock_data.py                           1           0  0.37s           2025-04-20T16:16:55                      12
================================================================================
[2025-04-20T16:17:28.937+0000] {manager.py:1008} INFO - 
================================================================================
DAG File Processing Stats

File Path                                PID    Runtime      # DAGs    # Errors  Last Runtime    Last Run               Last # of DB Queries
---------------------------------------  -----  ---------  --------  ----------  --------------  -------------------  ----------------------
/opt/airflow/dags/extract_stock_data.py                           1           0  0.44s           2025-04-20T16:17:26                      12
================================================================================
[2025-04-20T16:17:39.296+0000] {manager.py:832} INFO - Searching for files in /opt/airflow/dags
[2025-04-20T16:17:39.401+0000] {manager.py:835} INFO - There are 1 files in /opt/airflow/dags
[2025-04-20T16:17:59.757+0000] {manager.py:1008} INFO - 
================================================================================
DAG File Processing Stats

File Path                                PID    Runtime      # DAGs    # Errors  Last Runtime    Last Run               Last # of DB Queries
---------------------------------------  -----  ---------  --------  ----------  --------------  -------------------  ----------------------
/opt/airflow/dags/extract_stock_data.py                           1           0  0.57s           2025-04-20T16:17:56                      12
================================================================================
[2025-04-20T16:18:30.169+0000] {manager.py:1008} INFO - 
================================================================================
DAG File Processing Stats

File Path                                PID    Runtime      # DAGs    # Errors  Last Runtime    Last Run               Last # of DB Queries
---------------------------------------  -----  ---------  --------  ----------  --------------  -------------------  ----------------------
/opt/airflow/dags/extract_stock_data.py                           1           0  0.47s           2025-04-20T16:18:27                      12
================================================================================
[2025-04-20T16:19:00.257+0000] {manager.py:1008} INFO - 
================================================================================
DAG File Processing Stats

File Path                                PID    Runtime      # DAGs    # Errors  Last Runtime    Last Run               Last # of DB Queries
---------------------------------------  -----  ---------  --------  ----------  --------------  -------------------  ----------------------
/opt/airflow/dags/extract_stock_data.py                           1           0  0.35s           2025-04-20T16:18:58                      12
================================================================================
[2025-04-20T23:24:56.812+0000] {manager.py:486} INFO - Processing files using up to 2 processes at a time 
[2025-04-20T23:24:56.814+0000] {manager.py:487} INFO - Process each file at most once every 30 seconds
[2025-04-20T23:24:56.815+0000] {manager.py:488} INFO - Checking for new files in /opt/airflow/dags every 300 seconds
[2025-04-20T23:24:56.815+0000] {manager.py:832} INFO - Searching for files in /opt/airflow/dags
[2025-04-20T23:24:56.846+0000] {manager.py:835} INFO - There are 1 files in /opt/airflow/dags
[2025-04-20T23:25:01.905+0000] {manager.py:1008} INFO - 
================================================================================
DAG File Processing Stats

File Path                                  PID  Runtime      # DAGs    # Errors  Last Runtime    Last Run      Last # of DB Queries
---------------------------------------  -----  ---------  --------  ----------  --------------  ----------  ----------------------
/opt/airflow/dags/extract_stock_data.py    243  0.04s             0           0                                                   0
================================================================================
[2025-04-20T23:25:32.243+0000] {manager.py:1008} INFO - 
================================================================================
DAG File Processing Stats

File Path                                PID    Runtime      # DAGs    # Errors  Last Runtime    Last Run               Last # of DB Queries
---------------------------------------  -----  ---------  --------  ----------  --------------  -------------------  ----------------------
/opt/airflow/dags/extract_stock_data.py                           1           0  0.76s           2025-04-20T23:25:02                      45
================================================================================
