[2025-04-20T16:04:47.936+0000] {processor.py:186} INFO - Started process (PID=276) to work on /opt/airflow/dags/extract_stock_data.py
[2025-04-20T16:04:47.944+0000] {processor.py:914} INFO - Processing file /opt/airflow/dags/extract_stock_data.py for tasks to queue
[2025-04-20T16:04:47.986+0000] {logging_mixin.py:190} INFO - [2025-04-20T16:04:47.985+0000] {dagbag.py:587} INFO - Filling up the DagBag from /opt/airflow/dags/extract_stock_data.py
[2025-04-20T16:04:50.999+0000] {processor.py:925} INFO - DAG(s) 'extract_stock_data' retrieved from /opt/airflow/dags/extract_stock_data.py
[2025-04-20T16:04:52.500+0000] {logging_mixin.py:190} INFO - [2025-04-20T16:04:52.498+0000] {override.py:1900} INFO - Created Permission View: can delete on DAG:extract_stock_data
[2025-04-20T16:04:52.570+0000] {logging_mixin.py:190} INFO - [2025-04-20T16:04:52.569+0000] {override.py:1900} INFO - Created Permission View: can read on DAG:extract_stock_data
[2025-04-20T16:04:52.605+0000] {logging_mixin.py:190} INFO - [2025-04-20T16:04:52.604+0000] {override.py:1900} INFO - Created Permission View: can edit on DAG:extract_stock_data
[2025-04-20T16:04:52.638+0000] {logging_mixin.py:190} INFO - [2025-04-20T16:04:52.637+0000] {override.py:1900} INFO - Created Permission View: menu access on DAG Run:extract_stock_data
[2025-04-20T16:04:52.661+0000] {logging_mixin.py:190} INFO - [2025-04-20T16:04:52.660+0000] {override.py:1900} INFO - Created Permission View: can read on DAG Run:extract_stock_data
[2025-04-20T16:04:52.680+0000] {logging_mixin.py:190} INFO - [2025-04-20T16:04:52.679+0000] {override.py:1900} INFO - Created Permission View: can create on DAG Run:extract_stock_data
[2025-04-20T16:04:52.782+0000] {logging_mixin.py:190} INFO - [2025-04-20T16:04:52.780+0000] {override.py:1900} INFO - Created Permission View: can delete on DAG Run:extract_stock_data
[2025-04-20T16:04:52.819+0000] {logging_mixin.py:190} INFO - [2025-04-20T16:04:52.818+0000] {dag.py:3229} INFO - Sync 1 DAGs
[2025-04-20T16:04:52.957+0000] {logging_mixin.py:190} INFO - [2025-04-20T16:04:52.953+0000] {dag.py:3252} INFO - Creating ORM DAG for extract_stock_data
[2025-04-20T16:04:53.003+0000] {logging_mixin.py:190} INFO - [2025-04-20T16:04:53.002+0000] {dag.py:4156} INFO - Setting next_dagrun for extract_stock_data to 2025-04-19 09:00:00+00:00, run_after=2025-04-20 09:00:00+00:00
[2025-04-20T16:04:53.106+0000] {processor.py:208} INFO - Processing /opt/airflow/dags/extract_stock_data.py took 5.264 seconds
[2025-04-20T16:05:24.088+0000] {processor.py:186} INFO - Started process (PID=288) to work on /opt/airflow/dags/extract_stock_data.py
[2025-04-20T16:05:24.113+0000] {processor.py:914} INFO - Processing file /opt/airflow/dags/extract_stock_data.py for tasks to queue
[2025-04-20T16:05:24.164+0000] {logging_mixin.py:190} INFO - [2025-04-20T16:05:24.160+0000] {dagbag.py:587} INFO - Filling up the DagBag from /opt/airflow/dags/extract_stock_data.py
[2025-04-20T16:05:25.487+0000] {processor.py:925} INFO - DAG(s) 'extract_stock_data' retrieved from /opt/airflow/dags/extract_stock_data.py
[2025-04-20T16:05:25.751+0000] {logging_mixin.py:190} INFO - [2025-04-20T16:05:25.750+0000] {dag.py:3229} INFO - Sync 1 DAGs
[2025-04-20T16:05:25.963+0000] {logging_mixin.py:190} INFO - [2025-04-20T16:05:25.962+0000] {dag.py:4156} INFO - Setting next_dagrun for extract_stock_data to 2025-04-19 09:00:00+00:00, run_after=2025-04-20 09:00:00+00:00
[2025-04-20T16:05:26.073+0000] {processor.py:208} INFO - Processing /opt/airflow/dags/extract_stock_data.py took 2.339 seconds
[2025-04-20T16:07:49.894+0000] {processor.py:186} INFO - Started process (PID=255) to work on /opt/airflow/dags/extract_stock_data.py
[2025-04-20T16:07:49.897+0000] {processor.py:914} INFO - Processing file /opt/airflow/dags/extract_stock_data.py for tasks to queue
[2025-04-20T16:07:49.901+0000] {logging_mixin.py:190} INFO - [2025-04-20T16:07:49.900+0000] {dagbag.py:587} INFO - Filling up the DagBag from /opt/airflow/dags/extract_stock_data.py
[2025-04-20T16:07:50.695+0000] {processor.py:925} INFO - DAG(s) 'extract_stock_data' retrieved from /opt/airflow/dags/extract_stock_data.py
[2025-04-20T16:07:50.894+0000] {logging_mixin.py:190} INFO - [2025-04-20T16:07:50.892+0000] {dag.py:3229} INFO - Sync 1 DAGs
[2025-04-20T16:07:51.027+0000] {logging_mixin.py:190} INFO - [2025-04-20T16:07:51.024+0000] {dag.py:4156} INFO - Setting next_dagrun for extract_stock_data to 2025-04-19 09:00:00+00:00, run_after=2025-04-20 09:00:00+00:00
[2025-04-20T16:07:51.120+0000] {processor.py:208} INFO - Processing /opt/airflow/dags/extract_stock_data.py took 1.240 seconds
[2025-04-20T16:08:21.566+0000] {processor.py:186} INFO - Started process (PID=276) to work on /opt/airflow/dags/extract_stock_data.py
[2025-04-20T16:08:21.575+0000] {processor.py:914} INFO - Processing file /opt/airflow/dags/extract_stock_data.py for tasks to queue
[2025-04-20T16:08:21.601+0000] {logging_mixin.py:190} INFO - [2025-04-20T16:08:21.600+0000] {dagbag.py:587} INFO - Filling up the DagBag from /opt/airflow/dags/extract_stock_data.py
[2025-04-20T16:08:22.241+0000] {processor.py:925} INFO - DAG(s) 'extract_stock_data' retrieved from /opt/airflow/dags/extract_stock_data.py
[2025-04-20T16:08:22.624+0000] {logging_mixin.py:190} INFO - [2025-04-20T16:08:22.622+0000] {dag.py:3229} INFO - Sync 1 DAGs
[2025-04-20T16:08:22.782+0000] {logging_mixin.py:190} INFO - [2025-04-20T16:08:22.781+0000] {dag.py:4156} INFO - Setting next_dagrun for extract_stock_data to 2025-04-19 09:00:00+00:00, run_after=2025-04-20 09:00:00+00:00
[2025-04-20T16:08:22.895+0000] {processor.py:208} INFO - Processing /opt/airflow/dags/extract_stock_data.py took 1.371 seconds
[2025-04-20T16:08:53.709+0000] {processor.py:186} INFO - Started process (PID=297) to work on /opt/airflow/dags/extract_stock_data.py
[2025-04-20T16:08:53.738+0000] {processor.py:914} INFO - Processing file /opt/airflow/dags/extract_stock_data.py for tasks to queue
[2025-04-20T16:08:53.806+0000] {logging_mixin.py:190} INFO - [2025-04-20T16:08:53.805+0000] {dagbag.py:587} INFO - Filling up the DagBag from /opt/airflow/dags/extract_stock_data.py
[2025-04-20T16:08:54.796+0000] {processor.py:925} INFO - DAG(s) 'extract_stock_data' retrieved from /opt/airflow/dags/extract_stock_data.py
[2025-04-20T16:08:55.216+0000] {logging_mixin.py:190} INFO - [2025-04-20T16:08:55.213+0000] {dag.py:3229} INFO - Sync 1 DAGs
[2025-04-20T16:08:55.373+0000] {logging_mixin.py:190} INFO - [2025-04-20T16:08:55.372+0000] {dag.py:4156} INFO - Setting next_dagrun for extract_stock_data to 2025-04-19 09:00:00+00:00, run_after=2025-04-20 09:00:00+00:00
[2025-04-20T16:08:55.465+0000] {processor.py:208} INFO - Processing /opt/airflow/dags/extract_stock_data.py took 1.980 seconds
[2025-04-20T16:09:25.975+0000] {processor.py:186} INFO - Started process (PID=308) to work on /opt/airflow/dags/extract_stock_data.py
[2025-04-20T16:09:25.978+0000] {processor.py:914} INFO - Processing file /opt/airflow/dags/extract_stock_data.py for tasks to queue
[2025-04-20T16:09:26.001+0000] {logging_mixin.py:190} INFO - [2025-04-20T16:09:26.001+0000] {dagbag.py:587} INFO - Filling up the DagBag from /opt/airflow/dags/extract_stock_data.py
[2025-04-20T16:09:26.315+0000] {processor.py:925} INFO - DAG(s) 'extract_stock_data' retrieved from /opt/airflow/dags/extract_stock_data.py
[2025-04-20T16:09:26.472+0000] {logging_mixin.py:190} INFO - [2025-04-20T16:09:26.472+0000] {dag.py:3229} INFO - Sync 1 DAGs
[2025-04-20T16:09:26.563+0000] {logging_mixin.py:190} INFO - [2025-04-20T16:09:26.563+0000] {dag.py:4156} INFO - Setting next_dagrun for extract_stock_data to 2025-04-19 09:00:00+00:00, run_after=2025-04-20 09:00:00+00:00
[2025-04-20T16:09:26.602+0000] {processor.py:208} INFO - Processing /opt/airflow/dags/extract_stock_data.py took 0.670 seconds
[2025-04-20T16:09:57.016+0000] {processor.py:186} INFO - Started process (PID=319) to work on /opt/airflow/dags/extract_stock_data.py
[2025-04-20T16:09:57.018+0000] {processor.py:914} INFO - Processing file /opt/airflow/dags/extract_stock_data.py for tasks to queue
[2025-04-20T16:09:57.024+0000] {logging_mixin.py:190} INFO - [2025-04-20T16:09:57.024+0000] {dagbag.py:587} INFO - Filling up the DagBag from /opt/airflow/dags/extract_stock_data.py
[2025-04-20T16:09:57.166+0000] {processor.py:925} INFO - DAG(s) 'extract_stock_data' retrieved from /opt/airflow/dags/extract_stock_data.py
[2025-04-20T16:09:57.193+0000] {logging_mixin.py:190} INFO - [2025-04-20T16:09:57.192+0000] {dag.py:3229} INFO - Sync 1 DAGs
[2025-04-20T16:09:57.217+0000] {logging_mixin.py:190} INFO - [2025-04-20T16:09:57.216+0000] {dag.py:4156} INFO - Setting next_dagrun for extract_stock_data to 2025-04-19 09:00:00+00:00, run_after=2025-04-20 09:00:00+00:00
[2025-04-20T16:09:57.239+0000] {processor.py:208} INFO - Processing /opt/airflow/dags/extract_stock_data.py took 0.229 seconds
[2025-04-20T16:10:27.356+0000] {processor.py:186} INFO - Started process (PID=330) to work on /opt/airflow/dags/extract_stock_data.py
[2025-04-20T16:10:27.358+0000] {processor.py:914} INFO - Processing file /opt/airflow/dags/extract_stock_data.py for tasks to queue
[2025-04-20T16:10:27.361+0000] {logging_mixin.py:190} INFO - [2025-04-20T16:10:27.361+0000] {dagbag.py:587} INFO - Filling up the DagBag from /opt/airflow/dags/extract_stock_data.py
[2025-04-20T16:10:27.529+0000] {processor.py:925} INFO - DAG(s) 'extract_stock_data' retrieved from /opt/airflow/dags/extract_stock_data.py
[2025-04-20T16:10:27.557+0000] {logging_mixin.py:190} INFO - [2025-04-20T16:10:27.557+0000] {dag.py:3229} INFO - Sync 1 DAGs
[2025-04-20T16:10:27.581+0000] {logging_mixin.py:190} INFO - [2025-04-20T16:10:27.581+0000] {dag.py:4156} INFO - Setting next_dagrun for extract_stock_data to 2025-04-19 09:00:00+00:00, run_after=2025-04-20 09:00:00+00:00
[2025-04-20T16:10:27.651+0000] {processor.py:208} INFO - Processing /opt/airflow/dags/extract_stock_data.py took 0.303 seconds
[2025-04-20T16:10:57.948+0000] {processor.py:186} INFO - Started process (PID=341) to work on /opt/airflow/dags/extract_stock_data.py
[2025-04-20T16:10:57.949+0000] {processor.py:914} INFO - Processing file /opt/airflow/dags/extract_stock_data.py for tasks to queue
[2025-04-20T16:10:57.952+0000] {logging_mixin.py:190} INFO - [2025-04-20T16:10:57.951+0000] {dagbag.py:587} INFO - Filling up the DagBag from /opt/airflow/dags/extract_stock_data.py
[2025-04-20T16:10:58.157+0000] {processor.py:925} INFO - DAG(s) 'extract_stock_data' retrieved from /opt/airflow/dags/extract_stock_data.py
[2025-04-20T16:10:58.196+0000] {logging_mixin.py:190} INFO - [2025-04-20T16:10:58.195+0000] {dag.py:3229} INFO - Sync 1 DAGs
[2025-04-20T16:10:58.236+0000] {logging_mixin.py:190} INFO - [2025-04-20T16:10:58.236+0000] {dag.py:4156} INFO - Setting next_dagrun for extract_stock_data to 2025-04-19 09:00:00+00:00, run_after=2025-04-20 09:00:00+00:00
[2025-04-20T16:10:58.264+0000] {processor.py:208} INFO - Processing /opt/airflow/dags/extract_stock_data.py took 0.322 seconds
[2025-04-20T16:11:28.521+0000] {processor.py:186} INFO - Started process (PID=354) to work on /opt/airflow/dags/extract_stock_data.py
[2025-04-20T16:11:28.527+0000] {processor.py:914} INFO - Processing file /opt/airflow/dags/extract_stock_data.py for tasks to queue
[2025-04-20T16:11:28.546+0000] {logging_mixin.py:190} INFO - [2025-04-20T16:11:28.544+0000] {dagbag.py:587} INFO - Filling up the DagBag from /opt/airflow/dags/extract_stock_data.py
[2025-04-20T16:11:29.163+0000] {processor.py:925} INFO - DAG(s) 'extract_stock_data' retrieved from /opt/airflow/dags/extract_stock_data.py
[2025-04-20T16:11:29.379+0000] {logging_mixin.py:190} INFO - [2025-04-20T16:11:29.378+0000] {dag.py:3229} INFO - Sync 1 DAGs
[2025-04-20T16:11:29.561+0000] {logging_mixin.py:190} INFO - [2025-04-20T16:11:29.561+0000] {dag.py:4156} INFO - Setting next_dagrun for extract_stock_data to 2025-04-20 09:00:00+00:00, run_after=2025-04-21 09:00:00+00:00
[2025-04-20T16:11:29.631+0000] {processor.py:208} INFO - Processing /opt/airflow/dags/extract_stock_data.py took 1.211 seconds
[2025-04-20T16:12:02.377+0000] {processor.py:186} INFO - Started process (PID=378) to work on /opt/airflow/dags/extract_stock_data.py
[2025-04-20T16:12:02.452+0000] {processor.py:914} INFO - Processing file /opt/airflow/dags/extract_stock_data.py for tasks to queue
[2025-04-20T16:12:03.595+0000] {logging_mixin.py:190} INFO - [2025-04-20T16:12:03.585+0000] {dagbag.py:587} INFO - Filling up the DagBag from /opt/airflow/dags/extract_stock_data.py
[2025-04-20T16:12:06.003+0000] {processor.py:925} INFO - DAG(s) 'extract_stock_data' retrieved from /opt/airflow/dags/extract_stock_data.py
[2025-04-20T16:12:07.247+0000] {logging_mixin.py:190} INFO - [2025-04-20T16:12:07.245+0000] {dag.py:3229} INFO - Sync 1 DAGs
[2025-04-20T16:12:08.268+0000] {logging_mixin.py:190} INFO - [2025-04-20T16:12:08.267+0000] {dag.py:4156} INFO - Setting next_dagrun for extract_stock_data to 2025-04-20 09:00:00+00:00, run_after=2025-04-21 09:00:00+00:00
[2025-04-20T16:12:08.474+0000] {processor.py:208} INFO - Processing /opt/airflow/dags/extract_stock_data.py took 6.323 seconds
[2025-04-20T16:12:40.163+0000] {processor.py:186} INFO - Started process (PID=404) to work on /opt/airflow/dags/extract_stock_data.py
[2025-04-20T16:12:40.182+0000] {processor.py:914} INFO - Processing file /opt/airflow/dags/extract_stock_data.py for tasks to queue
[2025-04-20T16:12:40.233+0000] {logging_mixin.py:190} INFO - [2025-04-20T16:12:40.229+0000] {dagbag.py:587} INFO - Filling up the DagBag from /opt/airflow/dags/extract_stock_data.py
[2025-04-20T16:12:43.711+0000] {processor.py:925} INFO - DAG(s) 'extract_stock_data' retrieved from /opt/airflow/dags/extract_stock_data.py
[2025-04-20T16:12:43.980+0000] {logging_mixin.py:190} INFO - [2025-04-20T16:12:43.978+0000] {dag.py:3229} INFO - Sync 1 DAGs
[2025-04-20T16:12:44.830+0000] {logging_mixin.py:190} INFO - [2025-04-20T16:12:44.828+0000] {dag.py:4156} INFO - Setting next_dagrun for extract_stock_data to 2025-04-20 09:00:00+00:00, run_after=2025-04-21 09:00:00+00:00
[2025-04-20T16:12:45.022+0000] {processor.py:208} INFO - Processing /opt/airflow/dags/extract_stock_data.py took 5.031 seconds
[2025-04-20T16:13:15.368+0000] {processor.py:186} INFO - Started process (PID=415) to work on /opt/airflow/dags/extract_stock_data.py
[2025-04-20T16:13:15.370+0000] {processor.py:914} INFO - Processing file /opt/airflow/dags/extract_stock_data.py for tasks to queue
[2025-04-20T16:13:15.373+0000] {logging_mixin.py:190} INFO - [2025-04-20T16:13:15.373+0000] {dagbag.py:587} INFO - Filling up the DagBag from /opt/airflow/dags/extract_stock_data.py
[2025-04-20T16:13:15.662+0000] {processor.py:925} INFO - DAG(s) 'extract_stock_data' retrieved from /opt/airflow/dags/extract_stock_data.py
[2025-04-20T16:13:15.732+0000] {logging_mixin.py:190} INFO - [2025-04-20T16:13:15.731+0000] {dag.py:3229} INFO - Sync 1 DAGs
[2025-04-20T16:13:15.769+0000] {logging_mixin.py:190} INFO - [2025-04-20T16:13:15.768+0000] {dag.py:4156} INFO - Setting next_dagrun for extract_stock_data to 2025-04-20 09:00:00+00:00, run_after=2025-04-21 09:00:00+00:00
[2025-04-20T16:13:15.817+0000] {processor.py:208} INFO - Processing /opt/airflow/dags/extract_stock_data.py took 0.475 seconds
[2025-04-20T16:13:46.219+0000] {processor.py:186} INFO - Started process (PID=426) to work on /opt/airflow/dags/extract_stock_data.py
[2025-04-20T16:13:46.221+0000] {processor.py:914} INFO - Processing file /opt/airflow/dags/extract_stock_data.py for tasks to queue
[2025-04-20T16:13:46.226+0000] {logging_mixin.py:190} INFO - [2025-04-20T16:13:46.225+0000] {dagbag.py:587} INFO - Filling up the DagBag from /opt/airflow/dags/extract_stock_data.py
[2025-04-20T16:13:46.469+0000] {processor.py:925} INFO - DAG(s) 'extract_stock_data' retrieved from /opt/airflow/dags/extract_stock_data.py
[2025-04-20T16:13:46.612+0000] {logging_mixin.py:190} INFO - [2025-04-20T16:13:46.612+0000] {dag.py:3229} INFO - Sync 1 DAGs
[2025-04-20T16:13:46.660+0000] {logging_mixin.py:190} INFO - [2025-04-20T16:13:46.659+0000] {dag.py:4156} INFO - Setting next_dagrun for extract_stock_data to 2025-04-20 09:00:00+00:00, run_after=2025-04-21 09:00:00+00:00
[2025-04-20T16:13:46.687+0000] {processor.py:208} INFO - Processing /opt/airflow/dags/extract_stock_data.py took 0.475 seconds
[2025-04-20T16:14:16.846+0000] {processor.py:186} INFO - Started process (PID=442) to work on /opt/airflow/dags/extract_stock_data.py
[2025-04-20T16:14:16.851+0000] {processor.py:914} INFO - Processing file /opt/airflow/dags/extract_stock_data.py for tasks to queue
[2025-04-20T16:14:16.869+0000] {logging_mixin.py:190} INFO - [2025-04-20T16:14:16.866+0000] {dagbag.py:587} INFO - Filling up the DagBag from /opt/airflow/dags/extract_stock_data.py
[2025-04-20T16:14:17.948+0000] {processor.py:925} INFO - DAG(s) 'extract_stock_data' retrieved from /opt/airflow/dags/extract_stock_data.py
[2025-04-20T16:14:18.080+0000] {logging_mixin.py:190} INFO - [2025-04-20T16:14:18.077+0000] {dag.py:3229} INFO - Sync 1 DAGs
[2025-04-20T16:14:18.165+0000] {logging_mixin.py:190} INFO - [2025-04-20T16:14:18.165+0000] {dag.py:4156} INFO - Setting next_dagrun for extract_stock_data to 2025-04-20 09:00:00+00:00, run_after=2025-04-21 09:00:00+00:00
[2025-04-20T16:14:18.220+0000] {processor.py:208} INFO - Processing /opt/airflow/dags/extract_stock_data.py took 1.398 seconds
[2025-04-20T16:14:48.786+0000] {processor.py:186} INFO - Started process (PID=453) to work on /opt/airflow/dags/extract_stock_data.py
[2025-04-20T16:14:48.789+0000] {processor.py:914} INFO - Processing file /opt/airflow/dags/extract_stock_data.py for tasks to queue
[2025-04-20T16:14:48.796+0000] {logging_mixin.py:190} INFO - [2025-04-20T16:14:48.794+0000] {dagbag.py:587} INFO - Filling up the DagBag from /opt/airflow/dags/extract_stock_data.py
[2025-04-20T16:14:49.403+0000] {processor.py:925} INFO - DAG(s) 'extract_stock_data' retrieved from /opt/airflow/dags/extract_stock_data.py
[2025-04-20T16:14:50.205+0000] {logging_mixin.py:190} INFO - [2025-04-20T16:14:50.204+0000] {dag.py:3229} INFO - Sync 1 DAGs
[2025-04-20T16:14:50.228+0000] {logging_mixin.py:190} INFO - [2025-04-20T16:14:50.227+0000] {dag.py:3252} INFO - Creating ORM DAG for extract_stock_data
[2025-04-20T16:14:50.252+0000] {logging_mixin.py:190} INFO - [2025-04-20T16:14:50.251+0000] {dag.py:4156} INFO - Setting next_dagrun for extract_stock_data to 2025-04-19 09:00:00+00:00, run_after=2025-04-20 09:00:00+00:00
[2025-04-20T16:14:50.295+0000] {processor.py:208} INFO - Processing /opt/airflow/dags/extract_stock_data.py took 1.526 seconds
[2025-04-20T16:15:20.664+0000] {processor.py:186} INFO - Started process (PID=466) to work on /opt/airflow/dags/extract_stock_data.py
[2025-04-20T16:15:20.667+0000] {processor.py:914} INFO - Processing file /opt/airflow/dags/extract_stock_data.py for tasks to queue
[2025-04-20T16:15:20.675+0000] {logging_mixin.py:190} INFO - [2025-04-20T16:15:20.674+0000] {dagbag.py:587} INFO - Filling up the DagBag from /opt/airflow/dags/extract_stock_data.py
[2025-04-20T16:15:20.894+0000] {processor.py:925} INFO - DAG(s) 'extract_stock_data' retrieved from /opt/airflow/dags/extract_stock_data.py
[2025-04-20T16:15:20.946+0000] {logging_mixin.py:190} INFO - [2025-04-20T16:15:20.945+0000] {dag.py:3229} INFO - Sync 1 DAGs
[2025-04-20T16:15:21.007+0000] {logging_mixin.py:190} INFO - [2025-04-20T16:15:21.007+0000] {dag.py:4156} INFO - Setting next_dagrun for extract_stock_data to 2025-04-19 09:00:00+00:00, run_after=2025-04-20 09:00:00+00:00
[2025-04-20T16:15:21.049+0000] {processor.py:208} INFO - Processing /opt/airflow/dags/extract_stock_data.py took 0.402 seconds
[2025-04-20T16:15:51.457+0000] {processor.py:186} INFO - Started process (PID=489) to work on /opt/airflow/dags/extract_stock_data.py
[2025-04-20T16:15:51.485+0000] {processor.py:914} INFO - Processing file /opt/airflow/dags/extract_stock_data.py for tasks to queue
[2025-04-20T16:15:51.521+0000] {logging_mixin.py:190} INFO - [2025-04-20T16:15:51.512+0000] {dagbag.py:587} INFO - Filling up the DagBag from /opt/airflow/dags/extract_stock_data.py
[2025-04-20T16:15:52.579+0000] {processor.py:925} INFO - DAG(s) 'extract_stock_data' retrieved from /opt/airflow/dags/extract_stock_data.py
[2025-04-20T16:15:52.933+0000] {logging_mixin.py:190} INFO - [2025-04-20T16:15:52.931+0000] {dag.py:3229} INFO - Sync 1 DAGs
[2025-04-20T16:15:53.192+0000] {logging_mixin.py:190} INFO - [2025-04-20T16:15:53.191+0000] {dag.py:4156} INFO - Setting next_dagrun for extract_stock_data to 2025-04-20 09:00:00+00:00, run_after=2025-04-21 09:00:00+00:00
[2025-04-20T16:15:53.295+0000] {processor.py:208} INFO - Processing /opt/airflow/dags/extract_stock_data.py took 1.868 seconds
[2025-04-20T16:16:23.932+0000] {processor.py:186} INFO - Started process (PID=504) to work on /opt/airflow/dags/extract_stock_data.py
[2025-04-20T16:16:23.937+0000] {processor.py:914} INFO - Processing file /opt/airflow/dags/extract_stock_data.py for tasks to queue
[2025-04-20T16:16:23.943+0000] {logging_mixin.py:190} INFO - [2025-04-20T16:16:23.942+0000] {dagbag.py:587} INFO - Filling up the DagBag from /opt/airflow/dags/extract_stock_data.py
[2025-04-20T16:16:24.498+0000] {processor.py:925} INFO - DAG(s) 'extract_stock_data' retrieved from /opt/airflow/dags/extract_stock_data.py
[2025-04-20T16:16:24.625+0000] {logging_mixin.py:190} INFO - [2025-04-20T16:16:24.623+0000] {dag.py:3229} INFO - Sync 1 DAGs
[2025-04-20T16:16:24.726+0000] {logging_mixin.py:190} INFO - [2025-04-20T16:16:24.725+0000] {dag.py:4156} INFO - Setting next_dagrun for extract_stock_data to 2025-04-20 09:00:00+00:00, run_after=2025-04-21 09:00:00+00:00
[2025-04-20T16:16:24.794+0000] {processor.py:208} INFO - Processing /opt/airflow/dags/extract_stock_data.py took 0.880 seconds
[2025-04-20T16:16:55.246+0000] {processor.py:186} INFO - Started process (PID=515) to work on /opt/airflow/dags/extract_stock_data.py
[2025-04-20T16:16:55.250+0000] {processor.py:914} INFO - Processing file /opt/airflow/dags/extract_stock_data.py for tasks to queue
[2025-04-20T16:16:55.254+0000] {logging_mixin.py:190} INFO - [2025-04-20T16:16:55.253+0000] {dagbag.py:587} INFO - Filling up the DagBag from /opt/airflow/dags/extract_stock_data.py
[2025-04-20T16:16:55.444+0000] {processor.py:925} INFO - DAG(s) 'extract_stock_data' retrieved from /opt/airflow/dags/extract_stock_data.py
[2025-04-20T16:16:55.480+0000] {logging_mixin.py:190} INFO - [2025-04-20T16:16:55.479+0000] {dag.py:3229} INFO - Sync 1 DAGs
[2025-04-20T16:16:55.520+0000] {logging_mixin.py:190} INFO - [2025-04-20T16:16:55.520+0000] {dag.py:4156} INFO - Setting next_dagrun for extract_stock_data to 2025-04-20 09:00:00+00:00, run_after=2025-04-21 09:00:00+00:00
[2025-04-20T16:16:55.557+0000] {processor.py:208} INFO - Processing /opt/airflow/dags/extract_stock_data.py took 0.316 seconds
[2025-04-20T16:17:25.762+0000] {processor.py:186} INFO - Started process (PID=526) to work on /opt/airflow/dags/extract_stock_data.py
[2025-04-20T16:17:25.764+0000] {processor.py:914} INFO - Processing file /opt/airflow/dags/extract_stock_data.py for tasks to queue
[2025-04-20T16:17:25.767+0000] {logging_mixin.py:190} INFO - [2025-04-20T16:17:25.767+0000] {dagbag.py:587} INFO - Filling up the DagBag from /opt/airflow/dags/extract_stock_data.py
[2025-04-20T16:17:25.996+0000] {processor.py:925} INFO - DAG(s) 'extract_stock_data' retrieved from /opt/airflow/dags/extract_stock_data.py
[2025-04-20T16:17:26.049+0000] {logging_mixin.py:190} INFO - [2025-04-20T16:17:26.048+0000] {dag.py:3229} INFO - Sync 1 DAGs
[2025-04-20T16:17:26.106+0000] {logging_mixin.py:190} INFO - [2025-04-20T16:17:26.105+0000] {dag.py:4156} INFO - Setting next_dagrun for extract_stock_data to 2025-04-20 09:00:00+00:00, run_after=2025-04-21 09:00:00+00:00
[2025-04-20T16:17:26.143+0000] {processor.py:208} INFO - Processing /opt/airflow/dags/extract_stock_data.py took 0.389 seconds
[2025-04-20T16:17:56.332+0000] {processor.py:186} INFO - Started process (PID=538) to work on /opt/airflow/dags/extract_stock_data.py
[2025-04-20T16:17:56.333+0000] {processor.py:914} INFO - Processing file /opt/airflow/dags/extract_stock_data.py for tasks to queue
[2025-04-20T16:17:56.338+0000] {logging_mixin.py:190} INFO - [2025-04-20T16:17:56.337+0000] {dagbag.py:587} INFO - Filling up the DagBag from /opt/airflow/dags/extract_stock_data.py
[2025-04-20T16:17:56.682+0000] {processor.py:925} INFO - DAG(s) 'extract_stock_data' retrieved from /opt/airflow/dags/extract_stock_data.py
[2025-04-20T16:17:56.738+0000] {logging_mixin.py:190} INFO - [2025-04-20T16:17:56.737+0000] {dag.py:3229} INFO - Sync 1 DAGs
[2025-04-20T16:17:56.786+0000] {logging_mixin.py:190} INFO - [2025-04-20T16:17:56.785+0000] {dag.py:4156} INFO - Setting next_dagrun for extract_stock_data to 2025-04-20 09:00:00+00:00, run_after=2025-04-21 09:00:00+00:00
[2025-04-20T16:17:56.823+0000] {processor.py:208} INFO - Processing /opt/airflow/dags/extract_stock_data.py took 0.499 seconds
[2025-04-20T16:18:27.123+0000] {processor.py:186} INFO - Started process (PID=555) to work on /opt/airflow/dags/extract_stock_data.py
[2025-04-20T16:18:27.125+0000] {processor.py:914} INFO - Processing file /opt/airflow/dags/extract_stock_data.py for tasks to queue
[2025-04-20T16:18:27.127+0000] {logging_mixin.py:190} INFO - [2025-04-20T16:18:27.127+0000] {dagbag.py:587} INFO - Filling up the DagBag from /opt/airflow/dags/extract_stock_data.py
[2025-04-20T16:18:27.407+0000] {processor.py:925} INFO - DAG(s) 'extract_stock_data' retrieved from /opt/airflow/dags/extract_stock_data.py
[2025-04-20T16:18:27.454+0000] {logging_mixin.py:190} INFO - [2025-04-20T16:18:27.453+0000] {dag.py:3229} INFO - Sync 1 DAGs
[2025-04-20T16:18:27.494+0000] {logging_mixin.py:190} INFO - [2025-04-20T16:18:27.494+0000] {dag.py:4156} INFO - Setting next_dagrun for extract_stock_data to 2025-04-20 09:00:00+00:00, run_after=2025-04-21 09:00:00+00:00
[2025-04-20T16:18:27.529+0000] {processor.py:208} INFO - Processing /opt/airflow/dags/extract_stock_data.py took 0.412 seconds
[2025-04-20T16:18:57.917+0000] {processor.py:186} INFO - Started process (PID=566) to work on /opt/airflow/dags/extract_stock_data.py
[2025-04-20T16:18:57.919+0000] {processor.py:914} INFO - Processing file /opt/airflow/dags/extract_stock_data.py for tasks to queue
[2025-04-20T16:18:57.922+0000] {logging_mixin.py:190} INFO - [2025-04-20T16:18:57.922+0000] {dagbag.py:587} INFO - Filling up the DagBag from /opt/airflow/dags/extract_stock_data.py
[2025-04-20T16:18:58.092+0000] {processor.py:925} INFO - DAG(s) 'extract_stock_data' retrieved from /opt/airflow/dags/extract_stock_data.py
[2025-04-20T16:18:58.136+0000] {logging_mixin.py:190} INFO - [2025-04-20T16:18:58.135+0000] {dag.py:3229} INFO - Sync 1 DAGs
[2025-04-20T16:18:58.188+0000] {logging_mixin.py:190} INFO - [2025-04-20T16:18:58.187+0000] {dag.py:4156} INFO - Setting next_dagrun for extract_stock_data to 2025-04-20 09:00:00+00:00, run_after=2025-04-21 09:00:00+00:00
[2025-04-20T16:18:58.219+0000] {processor.py:208} INFO - Processing /opt/airflow/dags/extract_stock_data.py took 0.308 seconds
[2025-04-20T23:25:01.892+0000] {processor.py:186} INFO - Started process (PID=243) to work on /opt/airflow/dags/extract_stock_data.py
[2025-04-20T23:25:01.895+0000] {processor.py:914} INFO - Processing file /opt/airflow/dags/extract_stock_data.py for tasks to queue
[2025-04-20T23:25:01.899+0000] {logging_mixin.py:190} INFO - [2025-04-20T23:25:01.899+0000] {dagbag.py:587} INFO - Filling up the DagBag from /opt/airflow/dags/extract_stock_data.py
[2025-04-20T23:25:02.254+0000] {processor.py:925} INFO - DAG(s) 'extract_stock_data' retrieved from /opt/airflow/dags/extract_stock_data.py
[2025-04-20T23:25:02.455+0000] {logging_mixin.py:190} INFO - [2025-04-20T23:25:02.454+0000] {override.py:1900} INFO - Created Permission View: can delete on DAG:extract_stock_data
[2025-04-20T23:25:02.467+0000] {logging_mixin.py:190} INFO - [2025-04-20T23:25:02.466+0000] {override.py:1900} INFO - Created Permission View: can edit on DAG:extract_stock_data
[2025-04-20T23:25:02.475+0000] {logging_mixin.py:190} INFO - [2025-04-20T23:25:02.475+0000] {override.py:1900} INFO - Created Permission View: can read on DAG:extract_stock_data
[2025-04-20T23:25:02.488+0000] {logging_mixin.py:190} INFO - [2025-04-20T23:25:02.487+0000] {override.py:1900} INFO - Created Permission View: can delete on DAG Run:extract_stock_data
[2025-04-20T23:25:02.498+0000] {logging_mixin.py:190} INFO - [2025-04-20T23:25:02.497+0000] {override.py:1900} INFO - Created Permission View: can create on DAG Run:extract_stock_data
[2025-04-20T23:25:02.513+0000] {logging_mixin.py:190} INFO - [2025-04-20T23:25:02.513+0000] {override.py:1900} INFO - Created Permission View: can read on DAG Run:extract_stock_data
[2025-04-20T23:25:02.522+0000] {logging_mixin.py:190} INFO - [2025-04-20T23:25:02.522+0000] {override.py:1900} INFO - Created Permission View: menu access on DAG Run:extract_stock_data
[2025-04-20T23:25:02.524+0000] {logging_mixin.py:190} INFO - [2025-04-20T23:25:02.524+0000] {dag.py:3229} INFO - Sync 1 DAGs
[2025-04-20T23:25:02.546+0000] {logging_mixin.py:190} INFO - [2025-04-20T23:25:02.546+0000] {dag.py:3252} INFO - Creating ORM DAG for extract_stock_data
[2025-04-20T23:25:02.565+0000] {logging_mixin.py:190} INFO - [2025-04-20T23:25:02.565+0000] {dag.py:4156} INFO - Setting next_dagrun for extract_stock_data to 2025-04-19 09:00:00+00:00, run_after=2025-04-20 09:00:00+00:00
[2025-04-20T23:25:02.603+0000] {processor.py:208} INFO - Processing /opt/airflow/dags/extract_stock_data.py took 0.719 seconds
[2025-04-20T23:25:33.041+0000] {processor.py:186} INFO - Started process (PID=269) to work on /opt/airflow/dags/extract_stock_data.py
[2025-04-20T23:25:33.043+0000] {processor.py:914} INFO - Processing file /opt/airflow/dags/extract_stock_data.py for tasks to queue
[2025-04-20T23:25:33.049+0000] {logging_mixin.py:190} INFO - [2025-04-20T23:25:33.048+0000] {dagbag.py:587} INFO - Filling up the DagBag from /opt/airflow/dags/extract_stock_data.py
[2025-04-20T23:25:33.283+0000] {processor.py:925} INFO - DAG(s) 'extract_stock_data' retrieved from /opt/airflow/dags/extract_stock_data.py
[2025-04-20T23:25:33.321+0000] {logging_mixin.py:190} INFO - [2025-04-20T23:25:33.320+0000] {dag.py:3229} INFO - Sync 1 DAGs
[2025-04-20T23:25:33.359+0000] {logging_mixin.py:190} INFO - [2025-04-20T23:25:33.359+0000] {dag.py:4156} INFO - Setting next_dagrun for extract_stock_data to 2025-04-19 09:00:00+00:00, run_after=2025-04-20 09:00:00+00:00
[2025-04-20T23:25:33.391+0000] {processor.py:208} INFO - Processing /opt/airflow/dags/extract_stock_data.py took 0.363 seconds
